#
# There is insufficient memory for the Java Runtime Environment to continue.
# Native memory allocation (malloc) failed to allocate 1377040 bytes. Error detail: Chunk::new
# Possible reasons:
#   The system is out of physical RAM or swap space
#   This process is running with CompressedOops enabled, and the Java Heap may be blocking the growth of the native heap
# Possible solutions:
#   Reduce memory load on the system
#   Increase physical memory or swap space
#   Check if swap backing store is full
#   Decrease Java heap size (-Xmx/-Xms)
#   Decrease number of Java threads
#   Decrease Java thread stack sizes (-Xss)
#   Set larger code cache with -XX:ReservedCodeCacheSize=
#   JVM is running with Unscaled Compressed Oops mode in which the Java heap is
#     placed in the first 4GB address space. The Java Heap base address is the
#     maximum limit for the native heap growth. Please use -XX:HeapBaseMinAddress
#     to set the Java Heap base and to place the Java Heap above 4GB virtual address.
# This output file may be truncated or incomplete.
#
#  Out of Memory Error (arena.cpp:168), pid=16224, tid=29476
#
# JRE version: OpenJDK Runtime Environment Temurin-21.0.9+10 (21.0.9+10) (build 21.0.9+10-LTS)
# Java VM: OpenJDK 64-Bit Server VM Temurin-21.0.9+10 (21.0.9+10-LTS, mixed mode, sharing, tiered, compressed oops, compressed class ptrs, parallel gc, windows-amd64)
# No core dump will be written. Minidumps are not enabled by default on client versions of Windows
#

---------------  S U M M A R Y ------------

Command Line: --add-modules=ALL-SYSTEM --add-opens=java.base/java.util=ALL-UNNAMED --add-opens=java.base/java.lang=ALL-UNNAMED --add-opens=java.base/sun.nio.fs=ALL-UNNAMED -Declipse.application=org.eclipse.jdt.ls.core.id1 -Dosgi.bundles.defaultStartLevel=4 -Declipse.product=org.eclipse.jdt.ls.core.product -Djava.import.generatesMetadataFilesAtProjectRoot=false -DDetectVMInstallationsJob.disabled=true -Dfile.encoding=utf8 -XX:+UseParallelGC -XX:GCTimeRatio=4 -XX:AdaptiveSizePolicyWeight=90 -Dsun.zip.disableMemoryMapping=true -Xmx2G -Xms100m -Xlog:disable -javaagent:c:\Users\SAMPRASANNA S\.vscode\extensions\redhat.java-1.52.0-win32-x64\lombok\lombok-1.18.39-4050.jar -XX:+HeapDumpOnOutOfMemoryError -XX:HeapDumpPath=c:\Users\SAMPRASANNA S\AppData\Roaming\Code\User\workspaceStorage\a4d4ee278766ad791ef8b882ac092dc4\redhat.java -Daether.dependencyCollector.impl=bf c:\Users\SAMPRASANNA S\.vscode\extensions\redhat.java-1.52.0-win32-x64\server\plugins\org.eclipse.equinox.launcher_1.7.100.v20251111-0406.jar -configuration c:\Users\SAMPRASANNA S\AppData\Roaming\Code\User\globalStorage\redhat.java\1.52.0\config_win -data c:\Users\SAMPRASANNA S\AppData\Roaming\Code\User\workspaceStorage\a4d4ee278766ad791ef8b882ac092dc4\redhat.java\jdt_ws --pipe=\\.\pipe\lsp-27d1ad753838b045b468ca358ec8f55b-sock

Host: 13th Gen Intel(R) Core(TM) i5-1335U, 12 cores, 15G,  Windows 11 , 64 bit Build 26100 (10.0.26100.7623)
Time: Fri Feb  6 22:00:24 2026 India Standard Time elapsed time: 32.985111 seconds (0d 0h 0m 32s)

---------------  T H R E A D  ---------------

Current thread (0x0000021deb69a010):  JavaThread "C2 CompilerThread1" daemon [_thread_in_native, id=29476, stack(0x0000006dc8400000,0x0000006dc8500000) (1024K)]


Current CompileTask:
C2:32985 8793       4       com.google.gson.internal.bind.TypeAdapterRuntimeTypeWrapper::read (9 bytes)

Stack: [0x0000006dc8400000,0x0000006dc8500000]
Native frames: (J=compiled Java code, j=interpreted, Vv=VM code, C=native code)
V  [jvm.dll+0x6d6e29]
V  [jvm.dll+0x8b4b76]
V  [jvm.dll+0x8b712e]
V  [jvm.dll+0x8b7813]
V  [jvm.dll+0x283d86]
V  [jvm.dll+0xc66ed]
V  [jvm.dll+0xc6c31]
V  [jvm.dll+0x3be53b]
V  [jvm.dll+0x38ab92]
V  [jvm.dll+0x389fda]
V  [jvm.dll+0x24bfa0]
V  [jvm.dll+0x24b580]
V  [jvm.dll+0x1cb13e]
V  [jvm.dll+0x25b29d]
V  [jvm.dll+0x25982a]
V  [jvm.dll+0x3f7ea6]
V  [jvm.dll+0x85e9ad]
V  [jvm.dll+0x6d565d]
C  [ucrtbase.dll+0x37b0]
C  [KERNEL32.DLL+0x2e8d7]
C  [ntdll.dll+0x8c53c]


---------------  P R O C E S S  ---------------

Threads class SMR info:
_java_thread_list=0x0000021de8b0acd0, length=50, elements={
0x0000021d86483520, 0x0000021d9f34b860, 0x0000021d8896d300, 0x0000021d9f34f7a0,
0x0000021d9f352700, 0x0000021d9f355e80, 0x0000021d9f3568d0, 0x0000021d9f35c4b0,
0x0000021de15b8e60, 0x0000021de176ab10, 0x0000021de18ecda0, 0x0000021de71823f0,
0x0000021de2efd440, 0x0000021de71e4bb0, 0x0000021de71e5620, 0x0000021de76d7f90,
0x0000021de75eede0, 0x0000021de7701fa0, 0x0000021de78381a0, 0x0000021de7841120,
0x0000021de7841e40, 0x0000021de78445a0, 0x0000021de78417b0, 0x0000021de78424d0,
0x0000021de7842b60, 0x0000021de78431f0, 0x0000021de7843880, 0x0000021de7843f10,
0x0000021de7b537b0, 0x0000021de7b51d70, 0x0000021de7b52400, 0x0000021de7b52a90,
0x0000021de7b54b60, 0x0000021de7b53120, 0x0000021de7b53e40, 0x0000021de7b544d0,
0x0000021de7b516e0, 0x0000021de7b57fe0, 0x0000021de7b56c30, 0x0000021de7b565a0,
0x0000021de7b55f10, 0x0000021de7b55880, 0x0000021de7b57950, 0x0000021de7b551f0,
0x0000021de7b58d00, 0x0000021de9c09f60, 0x0000021deb69a010, 0x0000021dea960720,
0x0000021de9c0b9a0, 0x0000021de9c08520
}

Java Threads: ( => current thread )
  0x0000021d86483520 JavaThread "main"                              [_thread_blocked, id=19048, stack(0x0000006dc4a00000,0x0000006dc4b00000) (1024K)]
  0x0000021d9f34b860 JavaThread "Reference Handler"          daemon [_thread_blocked, id=6640, stack(0x0000006dc4e00000,0x0000006dc4f00000) (1024K)]
  0x0000021d8896d300 JavaThread "Finalizer"                  daemon [_thread_blocked, id=34784, stack(0x0000006dc4f00000,0x0000006dc5000000) (1024K)]
  0x0000021d9f34f7a0 JavaThread "Signal Dispatcher"          daemon [_thread_blocked, id=13792, stack(0x0000006dc5000000,0x0000006dc5100000) (1024K)]
  0x0000021d9f352700 JavaThread "Attach Listener"            daemon [_thread_blocked, id=23352, stack(0x0000006dc5100000,0x0000006dc5200000) (1024K)]
  0x0000021d9f355e80 JavaThread "Service Thread"             daemon [_thread_blocked, id=30096, stack(0x0000006dc5200000,0x0000006dc5300000) (1024K)]
  0x0000021d9f3568d0 JavaThread "Monitor Deflation Thread"   daemon [_thread_blocked, id=34472, stack(0x0000006dc5300000,0x0000006dc5400000) (1024K)]
  0x0000021d9f35c4b0 JavaThread "C2 CompilerThread0"         daemon [_thread_blocked, id=13724, stack(0x0000006dc5400000,0x0000006dc5500000) (1024K)]
  0x0000021de15b8e60 JavaThread "C1 CompilerThread0"         daemon [_thread_blocked, id=14700, stack(0x0000006dc5500000,0x0000006dc5600000) (1024K)]
  0x0000021de176ab10 JavaThread "Common-Cleaner"             daemon [_thread_blocked, id=38408, stack(0x0000006dc5600000,0x0000006dc5700000) (1024K)]
  0x0000021de18ecda0 JavaThread "Notification Thread"        daemon [_thread_blocked, id=34108, stack(0x0000006dc5700000,0x0000006dc5800000) (1024K)]
  0x0000021de71823f0 JavaThread "Active Thread: Equinox Container: 33efefc3-f5d5-456e-a8a1-476b4564a971"        [_thread_blocked, id=17212, stack(0x0000006dc6000000,0x0000006dc6100000) (1024K)]
  0x0000021de2efd440 JavaThread "Refresh Thread: Equinox Container: 33efefc3-f5d5-456e-a8a1-476b4564a971" daemon [_thread_blocked, id=9184, stack(0x0000006dc5800000,0x0000006dc5900000) (1024K)]
  0x0000021de71e4bb0 JavaThread "Framework Event Dispatcher: Equinox Container: 33efefc3-f5d5-456e-a8a1-476b4564a971" daemon [_thread_blocked, id=36248, stack(0x0000006dc5900000,0x0000006dc5a00000) (1024K)]
  0x0000021de71e5620 JavaThread "Start Level: Equinox Container: 33efefc3-f5d5-456e-a8a1-476b4564a971" daemon [_thread_blocked, id=28160, stack(0x0000006dc6200000,0x0000006dc6300000) (1024K)]
  0x0000021de76d7f90 JavaThread "Bundle File Closer"         daemon [_thread_blocked, id=24732, stack(0x0000006dc6700000,0x0000006dc6800000) (1024K)]
  0x0000021de75eede0 JavaThread "SCR Component Actor"        daemon [_thread_blocked, id=12748, stack(0x0000006dc6400000,0x0000006dc6500000) (1024K)]
  0x0000021de7701fa0 JavaThread "Worker-JM"                         [_thread_blocked, id=14784, stack(0x0000006dc6900000,0x0000006dc6a00000) (1024K)]
  0x0000021de78381a0 JavaThread "JNA Cleaner"                daemon [_thread_blocked, id=20996, stack(0x0000006dc6300000,0x0000006dc6400000) (1024K)]
  0x0000021de7841120 JavaThread "Worker-0"                          [_thread_blocked, id=29492, stack(0x0000006dc6800000,0x0000006dc6900000) (1024K)]
  0x0000021de7841e40 JavaThread "Worker-1"                          [_thread_blocked, id=6684, stack(0x0000006dc6a00000,0x0000006dc6b00000) (1024K)]
  0x0000021de78445a0 JavaThread "Java indexing"              daemon [_thread_blocked, id=33756, stack(0x0000006dc6c00000,0x0000006dc6d00000) (1024K)]
  0x0000021de78417b0 JavaThread "Worker-2: Initialize workspace"        [_thread_blocked, id=32360, stack(0x0000006dc6d00000,0x0000006dc6e00000) (1024K)]
  0x0000021de78424d0 JavaThread "Worker-3: Publish Diagnostics"        [_thread_blocked, id=34288, stack(0x0000006dc6f00000,0x0000006dc7000000) (1024K)]
  0x0000021de7842b60 JavaThread "Worker-4"                          [_thread_blocked, id=33632, stack(0x0000006dc7200000,0x0000006dc7300000) (1024K)]
  0x0000021de78431f0 JavaThread "Worker-5"                          [_thread_blocked, id=38888, stack(0x0000006dc7300000,0x0000006dc7400000) (1024K)]
  0x0000021de7843880 JavaThread "Thread-1"                   daemon [_thread_in_native, id=6884, stack(0x0000006dc7400000,0x0000006dc7500000) (1024K)]
  0x0000021de7843f10 JavaThread "Thread-2"                   daemon [_thread_in_native, id=15256, stack(0x0000006dc7500000,0x0000006dc7600000) (1024K)]
  0x0000021de7b537b0 JavaThread "Thread-3"                   daemon [_thread_in_native, id=34380, stack(0x0000006dc7600000,0x0000006dc7700000) (1024K)]
  0x0000021de7b51d70 JavaThread "Thread-4"                   daemon [_thread_in_native, id=6688, stack(0x0000006dc7700000,0x0000006dc7800000) (1024K)]
  0x0000021de7b52400 JavaThread "Thread-5"                   daemon [_thread_in_native, id=8036, stack(0x0000006dc7800000,0x0000006dc7900000) (1024K)]
  0x0000021de7b52a90 JavaThread "Thread-6"                   daemon [_thread_in_native, id=26148, stack(0x0000006dc7900000,0x0000006dc7a00000) (1024K)]
  0x0000021de7b54b60 JavaThread "Thread-7"                   daemon [_thread_in_native, id=26376, stack(0x0000006dc7a00000,0x0000006dc7b00000) (1024K)]
  0x0000021de7b53120 JavaThread "Thread-8"                   daemon [_thread_in_native, id=23260, stack(0x0000006dc7b00000,0x0000006dc7c00000) (1024K)]
  0x0000021de7b53e40 JavaThread "Thread-9"                   daemon [_thread_in_native, id=37716, stack(0x0000006dc7c00000,0x0000006dc7d00000) (1024K)]
  0x0000021de7b544d0 JavaThread "Thread-10"                  daemon [_thread_in_native, id=31232, stack(0x0000006dc7d00000,0x0000006dc7e00000) (1024K)]
  0x0000021de7b516e0 JavaThread "Thread-11"                  daemon [_thread_in_native, id=28360, stack(0x0000006dc7e00000,0x0000006dc7f00000) (1024K)]
  0x0000021de7b57fe0 JavaThread "Thread-12"                  daemon [_thread_in_native, id=7660, stack(0x0000006dc7f00000,0x0000006dc8000000) (1024K)]
  0x0000021de7b56c30 JavaThread "Thread-13"                  daemon [_thread_in_native, id=37424, stack(0x0000006dc8000000,0x0000006dc8100000) (1024K)]
  0x0000021de7b565a0 JavaThread "pool-2-thread-1"                   [_thread_blocked, id=22068, stack(0x0000006dc8100000,0x0000006dc8200000) (1024K)]
  0x0000021de7b55f10 JavaThread "WorkspaceEventsHandler"            [_thread_blocked, id=7416, stack(0x0000006dc6e00000,0x0000006dc6f00000) (1024K)]
  0x0000021de7b55880 JavaThread "pool-1-thread-1"                   [_thread_blocked, id=36804, stack(0x0000006dc8200000,0x0000006dc8300000) (1024K)]
  0x0000021de7b57950 JavaThread "Keep-Alive-Timer"           daemon [_thread_blocked, id=35488, stack(0x0000006dc8300000,0x0000006dc8400000) (1024K)]
  0x0000021de7b551f0 JavaThread "ForkJoinPool.commonPool-worker-1" daemon [_thread_blocked, id=21452, stack(0x0000006dc8600000,0x0000006dc8700000) (1024K)]
  0x0000021de7b58d00 JavaThread "ForkJoinPool.commonPool-worker-2" daemon [_thread_blocked, id=35828, stack(0x0000006dc8700000,0x0000006dc8800000) (1024K)]
  0x0000021de9c09f60 JavaThread "ForkJoinPool.commonPool-worker-3" daemon [_thread_blocked, id=19524, stack(0x0000006dc8800000,0x0000006dc8900000) (1024K)]
=>0x0000021deb69a010 JavaThread "C2 CompilerThread1"         daemon [_thread_in_native, id=29476, stack(0x0000006dc8400000,0x0000006dc8500000) (1024K)]
  0x0000021dea960720 JavaThread "C2 CompilerThread2"         daemon [_thread_blocked, id=15320, stack(0x0000006dc8500000,0x0000006dc8600000) (1024K)]
  0x0000021de9c0b9a0 JavaThread "ForkJoinPool.commonPool-worker-4" daemon [_thread_blocked, id=13904, stack(0x0000006dc8900000,0x0000006dc8a00000) (1024K)]
  0x0000021de9c08520 JavaThread "Thread-14"                  daemon [_thread_blocked, id=23176, stack(0x0000006dc8a00000,0x0000006dc8b00000) (1024K)]
Total: 50

Other Threads:
  0x0000021d8895a7a0 VMThread "VM Thread"                           [id=5692, stack(0x0000006dc4d00000,0x0000006dc4e00000) (1024K)]
  0x0000021d9f23ca00 WatcherThread "VM Periodic Task Thread"        [id=25356, stack(0x0000006dc4c00000,0x0000006dc4d00000) (1024K)]
  0x0000021d888f5450 WorkerThread "GC Thread#0"                     [id=16596, stack(0x0000006dc4b00000,0x0000006dc4c00000) (1024K)]
  0x0000021de2f5ba60 WorkerThread "GC Thread#1"                     [id=2700, stack(0x0000006dc5a00000,0x0000006dc5b00000) (1024K)]
  0x0000021de708b960 WorkerThread "GC Thread#2"                     [id=1452, stack(0x0000006dc5b00000,0x0000006dc5c00000) (1024K)]
  0x0000021de703c2e0 WorkerThread "GC Thread#3"                     [id=13820, stack(0x0000006dc5c00000,0x0000006dc5d00000) (1024K)]
  0x0000021de703c680 WorkerThread "GC Thread#4"                     [id=36660, stack(0x0000006dc5d00000,0x0000006dc5e00000) (1024K)]
  0x0000021de703ca20 WorkerThread "GC Thread#5"                     [id=24648, stack(0x0000006dc5e00000,0x0000006dc5f00000) (1024K)]
  0x0000021de2ef8090 WorkerThread "GC Thread#6"                     [id=6324, stack(0x0000006dc5f00000,0x0000006dc6000000) (1024K)]
  0x0000021de71dc650 WorkerThread "GC Thread#7"                     [id=14712, stack(0x0000006dc6100000,0x0000006dc6200000) (1024K)]
  0x0000021de78a5c20 WorkerThread "GC Thread#8"                     [id=23856, stack(0x0000006dc6500000,0x0000006dc6600000) (1024K)]
  0x0000021de72a4930 WorkerThread "GC Thread#9"                     [id=26456, stack(0x0000006dc6600000,0x0000006dc6700000) (1024K)]
Total: 12

Threads with active compile tasks:
C2 CompilerThread0  33064 8838       4       com.google.gson.internal.bind.MapTypeAdapterFactory$Adapter::read (224 bytes)
C1 CompilerThread0  33065 8891       3       org.eclipse.jdt.internal.compiler.parser.Scanner::scanNumber (1293 bytes)
C2 CompilerThread1  33065 8793       4       com.google.gson.internal.bind.TypeAdapterRuntimeTypeWrapper::read (9 bytes)
C2 CompilerThread2  33065 8648       4       java.lang.invoke.MethodHandleImpl::makePairwiseConvertByEditor (617 bytes)
Total: 4

VM state: at safepoint (normal execution)

VM Mutex/Monitor currently owned by a thread:  ([mutex/lock_event])
[0x00007ffcb19dd570] Threads_lock - owner thread: 0x0000021d8895a7a0
[0x00007ffcb19dd670] Heap_lock - owner thread: 0x0000021de7b551f0

Heap address: 0x0000000080000000, size: 2048 MB, Compressed Oops mode: 32-bit

CDS archive(s) mapped at: [0x0000021da0000000-0x0000021da0ba0000-0x0000021da0ba0000), size 12189696, SharedBaseAddress: 0x0000021da0000000, ArchiveRelocationMode: 1.
Compressed class space mapped at: 0x0000021da1000000-0x0000021de1000000, reserved size: 1073741824
Narrow klass base: 0x0000021da0000000, Narrow klass shift: 0, Narrow klass range: 0x100000000

GC Precious Log:
 CardTable entry size: 512
 CPUs: 12 total, 12 available
 Memory: 16027M
 Large Page Support: Disabled
 NUMA Support: Disabled
 Compressed Oops: Enabled (32-bit)
 Alignments: Space 512K, Generation 512K, Heap 2M
 Heap Min Capacity: 100M
 Heap Initial Capacity: 100M
 Heap Max Capacity: 2G
 Pre-touch: Disabled
 Parallel Workers: 10

Heap:
 PSYoungGen      total 14848K, used 6119K [0x00000000d5580000, 0x00000000d6b00000, 0x0000000100000000)
  eden space 8704K, 0% used [0x00000000d5580000,0x00000000d5580000,0x00000000d5e00000)
  from space 6144K, 99% used [0x00000000d6500000,0x00000000d6af9e90,0x00000000d6b00000)
  to   space 6144K, 0% used [0x00000000d5f00000,0x00000000d5f00000,0x00000000d6500000)
 ParOldGen       total 118272K, used 117779K [0x0000000080000000, 0x0000000087380000, 0x00000000d5580000)
  object space 118272K, 99% used [0x0000000080000000,0x0000000087304e08,0x0000000087380000)
 Metaspace       used 65030K, committed 66368K, reserved 1114112K
  class space    used 7033K, committed 7552K, reserved 1048576K

Card table byte_map: [0x0000021d88250000,0x0000021d88660000] _byte_map_base: 0x0000021d87e50000

Marking Bits: (ParMarkBitMap*) 0x00007ffcb19e2460
 Begin Bits: [0x0000021d9ad60000, 0x0000021d9cd60000)
 End Bits:   [0x0000021d9cd60000, 0x0000021d9ed60000)

Polling page: 0x0000021d86760000

Metaspace:

Usage:
  Non-class:     56.64 MB used.
      Class:      6.87 MB used.
       Both:     63.51 MB used.

Virtual space:
  Non-class space:       64.00 MB reserved,      57.44 MB ( 90%) committed,  1 nodes.
      Class space:        1.00 GB reserved,       7.38 MB ( <1%) committed,  1 nodes.
             Both:        1.06 GB reserved,      64.81 MB (  6%) committed. 

Chunk freelists:
   Non-Class:  6.25 MB
       Class:  8.56 MB
        Both:  14.81 MB

MaxMetaspaceSize: unlimited
CompressedClassSpaceSize: 1.00 GB
Initial GC threshold: 21.00 MB
Current GC threshold: 97.31 MB
CDS: on
 - commit_granule_bytes: 65536.
 - commit_granule_words: 8192.
 - virtual_space_node_default_size: 8388608.
 - enlarge_chunks_in_place: 1.
 - use_allocation_guard: 0.


Internal statistics:

num_allocs_failed_limit: 9.
num_arena_births: 1006.
num_arena_deaths: 36.
num_vsnodes_births: 2.
num_vsnodes_deaths: 0.
num_space_committed: 1037.
num_space_uncommitted: 0.
num_chunks_returned_to_freelist: 52.
num_chunks_taken_from_freelist: 3792.
num_chunk_merges: 16.
num_chunk_splits: 2334.
num_chunks_enlarged: 1391.
num_inconsistent_stats: 0.

CodeHeap 'non-profiled nmethods': size=120000Kb used=5755Kb max_used=5755Kb free=114244Kb
 bounds [0x0000021d93580000, 0x0000021d93b20000, 0x0000021d9aab0000]
CodeHeap 'profiled nmethods': size=120000Kb used=18017Kb max_used=18017Kb free=101982Kb
 bounds [0x0000021d8bab0000, 0x0000021d8cc50000, 0x0000021d92fe0000]
CodeHeap 'non-nmethods': size=5760Kb used=1461Kb max_used=1522Kb free=4298Kb
 bounds [0x0000021d92fe0000, 0x0000021d93250000, 0x0000021d93580000]
CodeCache: size=245760Kb, used=25233Kb, max_used=25294Kb, free=220524Kb
 total_blobs=8897, nmethods=8120, adapters=683, full_count=0
Compilation: enabled, stopped_count=0, restarted_count=0

Compilation events (20 events):
Event: 32.810 Thread 0x0000021de15b8e60 nmethod 8869 0x0000021d8cc42710 code [0x0000021d8cc42960, 0x0000021d8cc43328]
Event: 32.810 Thread 0x0000021de15b8e60 8883       3       org.eclipse.jdt.internal.compiler.lookup.BinaryModuleBinding::getExports (23 bytes)
Event: 32.810 Thread 0x0000021de15b8e60 nmethod 8883 0x0000021d8cc43690 code [0x0000021d8cc43860, 0x0000021d8cc43b40]
Event: 32.810 Thread 0x0000021de15b8e60 8882       3       org.eclipse.jdt.internal.compiler.lookup.ModuleBinding::getAllRequiredModules (122 bytes)
Event: 32.811 Thread 0x0000021de15b8e60 nmethod 8882 0x0000021d8cc43c10 code [0x0000021d8cc43ee0, 0x0000021d8cc44fa8]
Event: 32.811 Thread 0x0000021de15b8e60 8865       3       java.lang.StackTraceElement::length (13 bytes)
Event: 32.811 Thread 0x0000021de15b8e60 nmethod 8865 0x0000021d8cc45410 code [0x0000021d8cc455c0, 0x0000021d8cc45810]
Event: 32.825 Thread 0x0000021de15b8e60 8884       3       java.io.File::getParentFile (41 bytes)
Event: 32.826 Thread 0x0000021de15b8e60 nmethod 8884 0x0000021d8cc45910 code [0x0000021d8cc45b00, 0x0000021d8cc45ec0]
Event: 32.828 Thread 0x0000021de15b8e60 8885       3       org.eclipse.osgi.internal.framework.EquinoxBundle::isFragment (19 bytes)
Event: 32.828 Thread 0x0000021de15b8e60 nmethod 8885 0x0000021d8cc46010 code [0x0000021d8cc461e0, 0x0000021d8cc464a8]
Event: 32.829 Thread 0x0000021de15b8e60 8887   !   3       java.io.PrintWriter::newLine (63 bytes)
Event: 32.830 Thread 0x0000021de15b8e60 nmethod 8887 0x0000021d8cc46610 code [0x0000021d8cc468c0, 0x0000021d8cc476f8]
Event: 32.830 Thread 0x0000021de15b8e60 8888       3       java.io.PrintWriter::println (5 bytes)
Event: 32.830 Thread 0x0000021de15b8e60 nmethod 8888 0x0000021d8cc47b90 code [0x0000021d8cc47d40, 0x0000021d8cc47e78]
Event: 32.830 Thread 0x0000021de15b8e60 8889   !   3       java.io.PrintWriter::implNewLine (48 bytes)
Event: 32.831 Thread 0x0000021de15b8e60 nmethod 8889 0x0000021d8cc47f10 code [0x0000021d8cc48140, 0x0000021d8cc48780]
Event: 32.859 Thread 0x0000021de15b8e60 8890       3       java.util.Calendar::setFieldsComputed (118 bytes)
Event: 32.860 Thread 0x0000021de15b8e60 nmethod 8890 0x0000021d8cc48a90 code [0x0000021d8cc48c80, 0x0000021d8cc490c8]
Event: 32.861 Thread 0x0000021de15b8e60 8891       3       org.eclipse.jdt.internal.compiler.parser.Scanner::scanNumber (1293 bytes)

GC Heap History (20 events):
Event: 31.432 GC heap before
{Heap before GC invocations=35 (full 2):
 PSYoungGen      total 22016K, used 20977K [0x00000000d5580000, 0x00000000d6d00000, 0x0000000100000000)
  eden space 20480K, 95% used [0x00000000d5580000,0x00000000d689c530,0x00000000d6980000)
  from space 1536K, 91% used [0x00000000d6b80000,0x00000000d6ce00a0,0x00000000d6d00000)
  to   space 1536K, 0% used [0x00000000d6a00000,0x00000000d6a00000,0x00000000d6b80000)
 ParOldGen       total 68608K, used 45181K [0x0000000080000000, 0x0000000084300000, 0x00000000d5580000)
  object space 68608K, 65% used [0x0000000080000000,0x0000000082c1f718,0x0000000084300000)
 Metaspace       used 58608K, committed 59776K, reserved 1114112K
  class space    used 6400K, committed 6912K, reserved 1048576K
}
Event: 31.434 GC heap after
{Heap after GC invocations=35 (full 2):
 PSYoungGen      total 21504K, used 824K [0x00000000d5580000, 0x00000000d6c80000, 0x0000000100000000)
  eden space 20480K, 0% used [0x00000000d5580000,0x00000000d5580000,0x00000000d6980000)
  from space 1024K, 80% used [0x00000000d6a00000,0x00000000d6ace1d8,0x00000000d6b00000)
  to   space 1536K, 0% used [0x00000000d6b00000,0x00000000d6b00000,0x00000000d6c80000)
 ParOldGen       total 68608K, used 45533K [0x0000000080000000, 0x0000000084300000, 0x00000000d5580000)
  object space 68608K, 66% used [0x0000000080000000,0x0000000082c77718,0x0000000084300000)
 Metaspace       used 58608K, committed 59776K, reserved 1114112K
  class space    used 6400K, committed 6912K, reserved 1048576K
}
Event: 31.434 GC heap before
{Heap before GC invocations=36 (full 3):
 PSYoungGen      total 21504K, used 824K [0x00000000d5580000, 0x00000000d6c80000, 0x0000000100000000)
  eden space 20480K, 0% used [0x00000000d5580000,0x00000000d5580000,0x00000000d6980000)
  from space 1024K, 80% used [0x00000000d6a00000,0x00000000d6ace1d8,0x00000000d6b00000)
  to   space 1536K, 0% used [0x00000000d6b00000,0x00000000d6b00000,0x00000000d6c80000)
 ParOldGen       total 68608K, used 45533K [0x0000000080000000, 0x0000000084300000, 0x00000000d5580000)
  object space 68608K, 66% used [0x0000000080000000,0x0000000082c77718,0x0000000084300000)
 Metaspace       used 58608K, committed 59776K, reserved 1114112K
  class space    used 6400K, committed 6912K, reserved 1048576K
}
Event: 31.497 GC heap after
{Heap after GC invocations=36 (full 3):
 PSYoungGen      total 21504K, used 0K [0x00000000d5580000, 0x00000000d6c80000, 0x0000000100000000)
  eden space 20480K, 0% used [0x00000000d5580000,0x00000000d5580000,0x00000000d6980000)
  from space 1024K, 0% used [0x00000000d6a00000,0x00000000d6a00000,0x00000000d6b00000)
  to   space 1536K, 0% used [0x00000000d6b00000,0x00000000d6b00000,0x00000000d6c80000)
 ParOldGen       total 68608K, used 41523K [0x0000000080000000, 0x0000000084300000, 0x00000000d5580000)
  object space 68608K, 60% used [0x0000000080000000,0x000000008288cd88,0x0000000084300000)
 Metaspace       used 58608K, committed 59776K, reserved 1114112K
  class space    used 6400K, committed 6912K, reserved 1048576K
}
Event: 31.979 GC heap before
{Heap before GC invocations=37 (full 3):
 PSYoungGen      total 21504K, used 20480K [0x00000000d5580000, 0x00000000d6c80000, 0x0000000100000000)
  eden space 20480K, 100% used [0x00000000d5580000,0x00000000d6980000,0x00000000d6980000)
  from space 1024K, 0% used [0x00000000d6a00000,0x00000000d6a00000,0x00000000d6b00000)
  to   space 1536K, 0% used [0x00000000d6b00000,0x00000000d6b00000,0x00000000d6c80000)
 ParOldGen       total 68608K, used 41523K [0x0000000080000000, 0x0000000084300000, 0x00000000d5580000)
  object space 68608K, 60% used [0x0000000080000000,0x000000008288cd88,0x0000000084300000)
 Metaspace       used 61221K, committed 62464K, reserved 1114112K
  class space    used 6651K, committed 7168K, reserved 1048576K
}
Event: 31.982 GC heap after
{Heap after GC invocations=37 (full 3):
 PSYoungGen      total 21504K, used 1514K [0x00000000d5580000, 0x00000000d6d80000, 0x0000000100000000)
  eden space 19968K, 0% used [0x00000000d5580000,0x00000000d5580000,0x00000000d6900000)
  from space 1536K, 98% used [0x00000000d6b00000,0x00000000d6c7aa18,0x00000000d6c80000)
  to   space 2048K, 0% used [0x00000000d6900000,0x00000000d6900000,0x00000000d6b00000)
 ParOldGen       total 68608K, used 41592K [0x0000000080000000, 0x0000000084300000, 0x00000000d5580000)
  object space 68608K, 60% used [0x0000000080000000,0x000000008289e028,0x0000000084300000)
 Metaspace       used 61221K, committed 62464K, reserved 1114112K
  class space    used 6651K, committed 7168K, reserved 1048576K
}
Event: 32.320 GC heap before
{Heap before GC invocations=38 (full 3):
 PSYoungGen      total 21504K, used 21224K [0x00000000d5580000, 0x00000000d6d80000, 0x0000000100000000)
  eden space 19968K, 98% used [0x00000000d5580000,0x00000000d68bf5f0,0x00000000d6900000)
  from space 1536K, 98% used [0x00000000d6b00000,0x00000000d6c7aa18,0x00000000d6c80000)
  to   space 2048K, 0% used [0x00000000d6900000,0x00000000d6900000,0x00000000d6b00000)
 ParOldGen       total 68608K, used 41592K [0x0000000080000000, 0x0000000084300000, 0x00000000d5580000)
  object space 68608K, 60% used [0x0000000080000000,0x000000008289e028,0x0000000084300000)
 Metaspace       used 62947K, committed 64192K, reserved 1114112K
  class space    used 6827K, committed 7360K, reserved 1048576K
}
Event: 32.323 GC heap after
{Heap after GC invocations=38 (full 3):
 PSYoungGen      total 22016K, used 1984K [0x00000000d5580000, 0x00000000d6e00000, 0x0000000100000000)
  eden space 19968K, 0% used [0x00000000d5580000,0x00000000d5580000,0x00000000d6900000)
  from space 2048K, 96% used [0x00000000d6900000,0x00000000d6af0028,0x00000000d6b00000)
  to   space 2560K, 0% used [0x00000000d6b80000,0x00000000d6b80000,0x00000000d6e00000)
 ParOldGen       total 68608K, used 42952K [0x0000000080000000, 0x0000000084300000, 0x00000000d5580000)
  object space 68608K, 62% used [0x0000000080000000,0x00000000829f2020,0x0000000084300000)
 Metaspace       used 62947K, committed 64192K, reserved 1114112K
  class space    used 6827K, committed 7360K, reserved 1048576K
}
Event: 32.600 GC heap before
{Heap before GC invocations=39 (full 3):
 PSYoungGen      total 22016K, used 21952K [0x00000000d5580000, 0x00000000d6e00000, 0x0000000100000000)
  eden space 19968K, 100% used [0x00000000d5580000,0x00000000d6900000,0x00000000d6900000)
  from space 2048K, 96% used [0x00000000d6900000,0x00000000d6af0028,0x00000000d6b00000)
  to   space 2560K, 0% used [0x00000000d6b80000,0x00000000d6b80000,0x00000000d6e00000)
 ParOldGen       total 68608K, used 42953K [0x0000000080000000, 0x0000000084300000, 0x00000000d5580000)
  object space 68608K, 62% used [0x0000000080000000,0x00000000829f2410,0x0000000084300000)
 Metaspace       used 63958K, committed 65280K, reserved 1114112K
  class space    used 6933K, committed 7488K, reserved 1048576K
}
Event: 32.602 GC heap after
{Heap after GC invocations=39 (full 3):
 PSYoungGen      total 18432K, used 2533K [0x00000000d5580000, 0x00000000d7600000, 0x0000000100000000)
  eden space 15872K, 0% used [0x00000000d5580000,0x00000000d5580000,0x00000000d6500000)
  from space 2560K, 98% used [0x00000000d6b80000,0x00000000d6df9490,0x00000000d6e00000)
  to   space 6656K, 0% used [0x00000000d6500000,0x00000000d6500000,0x00000000d6b80000)
 ParOldGen       total 68608K, used 46126K [0x0000000080000000, 0x0000000084300000, 0x00000000d5580000)
  object space 68608K, 67% used [0x0000000080000000,0x0000000082d0b938,0x0000000084300000)
 Metaspace       used 63958K, committed 65280K, reserved 1114112K
  class space    used 6933K, committed 7488K, reserved 1048576K
}
Event: 32.692 GC heap before
{Heap before GC invocations=40 (full 3):
 PSYoungGen      total 18432K, used 18405K [0x00000000d5580000, 0x00000000d7600000, 0x0000000100000000)
  eden space 15872K, 100% used [0x00000000d5580000,0x00000000d6500000,0x00000000d6500000)
  from space 2560K, 98% used [0x00000000d6b80000,0x00000000d6df9490,0x00000000d6e00000)
  to   space 6656K, 0% used [0x00000000d6500000,0x00000000d6500000,0x00000000d6b80000)
 ParOldGen       total 95232K, used 91127K [0x0000000080000000, 0x0000000085d00000, 0x00000000d5580000)
  object space 95232K, 95% used [0x0000000080000000,0x00000000858fde00,0x0000000085d00000)
 Metaspace       used 64549K, committed 65856K, reserved 1114112K
  class space    used 6995K, committed 7552K, reserved 1048576K
}
Event: 32.695 GC heap after
{Heap after GC invocations=40 (full 3):
 PSYoungGen      total 18944K, used 2864K [0x00000000d5580000, 0x00000000d6d00000, 0x0000000100000000)
  eden space 15872K, 0% used [0x00000000d5580000,0x00000000d5580000,0x00000000d6500000)
  from space 3072K, 93% used [0x00000000d6500000,0x00000000d67cc030,0x00000000d6800000)
  to   space 4096K, 0% used [0x00000000d6900000,0x00000000d6900000,0x00000000d6d00000)
 ParOldGen       total 95232K, used 91615K [0x0000000080000000, 0x0000000085d00000, 0x00000000d5580000)
  object space 95232K, 96% used [0x0000000080000000,0x0000000085977f50,0x0000000085d00000)
 Metaspace       used 64549K, committed 65856K, reserved 1114112K
  class space    used 6995K, committed 7552K, reserved 1048576K
}
Event: 32.757 GC heap before
{Heap before GC invocations=41 (full 3):
 PSYoungGen      total 18944K, used 18736K [0x00000000d5580000, 0x00000000d6d00000, 0x0000000100000000)
  eden space 15872K, 100% used [0x00000000d5580000,0x00000000d6500000,0x00000000d6500000)
  from space 3072K, 93% used [0x00000000d6500000,0x00000000d67cc030,0x00000000d6800000)
  to   space 4096K, 0% used [0x00000000d6900000,0x00000000d6900000,0x00000000d6d00000)
 ParOldGen       total 95232K, used 91615K [0x0000000080000000, 0x0000000085d00000, 0x00000000d5580000)
  object space 95232K, 96% used [0x0000000080000000,0x0000000085977f50,0x0000000085d00000)
 Metaspace       used 64799K, committed 66112K, reserved 1114112K
  class space    used 7020K, committed 7552K, reserved 1048576K
}
Event: 32.763 GC heap after
{Heap after GC invocations=41 (full 3):
 PSYoungGen      total 12800K, used 4083K [0x00000000d5580000, 0x00000000d7b00000, 0x0000000100000000)
  eden space 8704K, 0% used [0x00000000d5580000,0x00000000d5580000,0x00000000d5e00000)
  from space 4096K, 99% used [0x00000000d6900000,0x00000000d6cfcf40,0x00000000d6d00000)
  to   space 11264K, 0% used [0x00000000d5e00000,0x00000000d5e00000,0x00000000d6900000)
 ParOldGen       total 97792K, used 97378K [0x0000000080000000, 0x0000000085f80000, 0x00000000d5580000)
  object space 97792K, 99% used [0x0000000080000000,0x0000000085f18af0,0x0000000085f80000)
 Metaspace       used 64799K, committed 66112K, reserved 1114112K
  class space    used 7020K, committed 7552K, reserved 1048576K
}
Event: 32.788 GC heap before
{Heap before GC invocations=42 (full 3):
 PSYoungGen      total 12800K, used 12787K [0x00000000d5580000, 0x00000000d7b00000, 0x0000000100000000)
  eden space 8704K, 100% used [0x00000000d5580000,0x00000000d5e00000,0x00000000d5e00000)
  from space 4096K, 99% used [0x00000000d6900000,0x00000000d6cfcf40,0x00000000d6d00000)
  to   space 11264K, 0% used [0x00000000d5e00000,0x00000000d5e00000,0x00000000d6900000)
 ParOldGen       total 97792K, used 97378K [0x0000000080000000, 0x0000000085f80000, 0x00000000d5580000)
  object space 97792K, 99% used [0x0000000080000000,0x0000000085f18af0,0x0000000085f80000)
 Metaspace       used 64856K, committed 66176K, reserved 1114112K
  class space    used 7024K, committed 7552K, reserved 1048576K
}
Event: 32.793 GC heap after
{Heap after GC invocations=42 (full 3):
 PSYoungGen      total 14848K, used 5915K [0x00000000d5580000, 0x00000000d6d00000, 0x0000000100000000)
  eden space 8704K, 0% used [0x00000000d5580000,0x00000000d5580000,0x00000000d5e00000)
  from space 6144K, 96% used [0x00000000d5e00000,0x00000000d63c6fb8,0x00000000d6400000)
  to   space 7680K, 0% used [0x00000000d6580000,0x00000000d6580000,0x00000000d6d00000)
 ParOldGen       total 101376K, used 101183K [0x0000000080000000, 0x0000000086300000, 0x00000000d5580000)
  object space 101376K, 99% used [0x0000000080000000,0x00000000862cffc0,0x0000000086300000)
 Metaspace       used 64856K, committed 66176K, reserved 1114112K
  class space    used 7024K, committed 7552K, reserved 1048576K
}
Event: 32.813 GC heap before
{Heap before GC invocations=43 (full 3):
 PSYoungGen      total 14848K, used 14619K [0x00000000d5580000, 0x00000000d6d00000, 0x0000000100000000)
  eden space 8704K, 100% used [0x00000000d5580000,0x00000000d5e00000,0x00000000d5e00000)
  from space 6144K, 96% used [0x00000000d5e00000,0x00000000d63c6fb8,0x00000000d6400000)
  to   space 7680K, 0% used [0x00000000d6580000,0x00000000d6580000,0x00000000d6d00000)
 ParOldGen       total 101376K, used 101183K [0x0000000080000000, 0x0000000086300000, 0x00000000d5580000)
  object space 101376K, 99% used [0x0000000080000000,0x00000000862cffc0,0x0000000086300000)
 Metaspace       used 64942K, committed 66240K, reserved 1114112K
  class space    used 7028K, committed 7552K, reserved 1048576K
}
Event: 32.819 GC heap after
{Heap after GC invocations=43 (full 3):
 PSYoungGen      total 14336K, used 5307K [0x00000000d5580000, 0x00000000d6b00000, 0x0000000100000000)
  eden space 8704K, 0% used [0x00000000d5580000,0x00000000d5580000,0x00000000d5e00000)
  from space 5632K, 94% used [0x00000000d6580000,0x00000000d6aaecd0,0x00000000d6b00000)
  to   space 6144K, 0% used [0x00000000d5f00000,0x00000000d5f00000,0x00000000d6500000)
 ParOldGen       total 107008K, used 106743K [0x0000000080000000, 0x0000000086880000, 0x00000000d5580000)
  object space 107008K, 99% used [0x0000000080000000,0x000000008683dfc0,0x0000000086880000)
 Metaspace       used 64942K, committed 66240K, reserved 1114112K
  class space    used 7028K, committed 7552K, reserved 1048576K
}
Event: 32.852 GC heap before
{Heap before GC invocations=44 (full 3):
 PSYoungGen      total 14336K, used 14011K [0x00000000d5580000, 0x00000000d6b00000, 0x0000000100000000)
  eden space 8704K, 100% used [0x00000000d5580000,0x00000000d5e00000,0x00000000d5e00000)
  from space 5632K, 94% used [0x00000000d6580000,0x00000000d6aaecd0,0x00000000d6b00000)
  to   space 6144K, 0% used [0x00000000d5f00000,0x00000000d5f00000,0x00000000d6500000)
 ParOldGen       total 107008K, used 106743K [0x0000000080000000, 0x0000000086880000, 0x00000000d5580000)
  object space 107008K, 99% used [0x0000000080000000,0x000000008683dfc0,0x0000000086880000)
 Metaspace       used 65023K, committed 66304K, reserved 1114112K
  class space    used 7030K, committed 7552K, reserved 1048576K
}
Event: 32.858 GC heap after
{Heap after GC invocations=44 (full 3):
 PSYoungGen      total 14848K, used 6023K [0x00000000d5580000, 0x00000000d6b00000, 0x0000000100000000)
  eden space 8704K, 0% used [0x00000000d5580000,0x00000000d5580000,0x00000000d5e00000)
  from space 6144K, 98% used [0x00000000d5f00000,0x00000000d64e1df0,0x00000000d6500000)
  to   space 6144K, 0% used [0x00000000d6500000,0x00000000d6500000,0x00000000d6b00000)
 ParOldGen       total 112128K, used 111864K [0x0000000080000000, 0x0000000086d80000, 0x00000000d5580000)
  object space 112128K, 99% used [0x0000000080000000,0x0000000086d3e120,0x0000000086d80000)
 Metaspace       used 65023K, committed 66304K, reserved 1114112K
  class space    used 7030K, committed 7552K, reserved 1048576K
}

Dll operation events (12 events):
Event: 0.023 Loaded shared library c:\Users\SAMPRASANNA S\.vscode\extensions\redhat.java-1.52.0-win32-x64\jre\21.0.9-win32-x86_64\bin\java.dll
Event: 0.143 Loaded shared library c:\Users\SAMPRASANNA S\.vscode\extensions\redhat.java-1.52.0-win32-x64\jre\21.0.9-win32-x86_64\bin\zip.dll
Event: 0.175 Loaded shared library C:\Users\SAMPRASANNA S\.vscode\extensions\redhat.java-1.52.0-win32-x64\jre\21.0.9-win32-x86_64\bin\instrument.dll
Event: 0.186 Loaded shared library C:\Users\SAMPRASANNA S\.vscode\extensions\redhat.java-1.52.0-win32-x64\jre\21.0.9-win32-x86_64\bin\net.dll
Event: 0.193 Loaded shared library C:\Users\SAMPRASANNA S\.vscode\extensions\redhat.java-1.52.0-win32-x64\jre\21.0.9-win32-x86_64\bin\nio.dll
Event: 0.197 Loaded shared library C:\Users\SAMPRASANNA S\.vscode\extensions\redhat.java-1.52.0-win32-x64\jre\21.0.9-win32-x86_64\bin\zip.dll
Event: 0.216 Loaded shared library C:\Users\SAMPRASANNA S\.vscode\extensions\redhat.java-1.52.0-win32-x64\jre\21.0.9-win32-x86_64\bin\jimage.dll
Event: 0.337 Loaded shared library c:\Users\SAMPRASANNA S\.vscode\extensions\redhat.java-1.52.0-win32-x64\jre\21.0.9-win32-x86_64\bin\verify.dll
Event: 1.839 Loaded shared library C:\Users\SAMPRASANNA S\AppData\Roaming\Code\User\globalStorage\redhat.java\1.52.0\config_win\org.eclipse.equinox.launcher\org.eclipse.equinox.launcher.win32.win32.x86_64_1.2.1500.v20260121-1430\eclipse_11919.dll
Event: 3.623 Loaded shared library C:\Users\SAMPRASANNA S\AppData\Local\Temp\jna--529860986\jna4247674323306412115.dll
Event: 6.450 Loaded shared library C:\Users\SAMPRASANNA S\.vscode\extensions\redhat.java-1.52.0-win32-x64\jre\21.0.9-win32-x86_64\bin\sunmscapi.dll
Event: 12.110 Loaded shared library C:\Users\SAMPRASANNA S\.vscode\extensions\redhat.java-1.52.0-win32-x64\jre\21.0.9-win32-x86_64\bin\extnet.dll

Deoptimization events (20 events):
Event: 32.786 Thread 0x0000021de78417b0 Uncommon trap: trap_request=0xffffffde fr.pc=0x0000021d9373bc30 relative=0x00000000000004d0
Event: 32.786 Thread 0x0000021de78417b0 Uncommon trap: reason=class_check action=maybe_recompile pc=0x0000021d9373bc30 method=java.util.AbstractMap.hashCode()I @ 3 c2
Event: 32.786 Thread 0x0000021de78417b0 DEOPT PACKING pc=0x0000021d9373bc30 sp=0x0000006dc6dfec40
Event: 32.786 Thread 0x0000021de78417b0 DEOPT UNPACKING pc=0x0000021d93033aa2 sp=0x0000006dc6dfebe8 mode 2
Event: 32.801 Thread 0x0000021de78417b0 Uncommon trap: trap_request=0xffffffde fr.pc=0x0000021d93792fac relative=0x000000000000008c
Event: 32.801 Thread 0x0000021de78417b0 Uncommon trap: reason=class_check action=maybe_recompile pc=0x0000021d93792fac method=java.util.Collections$SetFromMap.remove(Ljava/lang/Object;)Z @ 5 c2
Event: 32.802 Thread 0x0000021de78417b0 DEOPT PACKING pc=0x0000021d93792fac sp=0x0000006dc6dff210
Event: 32.802 Thread 0x0000021de78417b0 DEOPT UNPACKING pc=0x0000021d93033aa2 sp=0x0000006dc6dff1a8 mode 2
Event: 32.808 Thread 0x0000021de78417b0 Uncommon trap: trap_request=0xffffffde fr.pc=0x0000021d9373bc30 relative=0x00000000000004d0
Event: 32.808 Thread 0x0000021de78417b0 Uncommon trap: reason=class_check action=maybe_recompile pc=0x0000021d9373bc30 method=java.util.AbstractMap.hashCode()I @ 3 c2
Event: 32.809 Thread 0x0000021de78417b0 DEOPT PACKING pc=0x0000021d9373bc30 sp=0x0000006dc6dfec40
Event: 32.809 Thread 0x0000021de78417b0 DEOPT UNPACKING pc=0x0000021d93033aa2 sp=0x0000006dc6dfebe8 mode 2
Event: 32.828 Thread 0x0000021de78417b0 Uncommon trap: trap_request=0xffffffde fr.pc=0x0000021d93792fac relative=0x000000000000008c
Event: 32.828 Thread 0x0000021de78417b0 Uncommon trap: reason=class_check action=maybe_recompile pc=0x0000021d93792fac method=java.util.Collections$SetFromMap.remove(Ljava/lang/Object;)Z @ 5 c2
Event: 32.828 Thread 0x0000021de78417b0 DEOPT PACKING pc=0x0000021d93792fac sp=0x0000006dc6dff210
Event: 32.828 Thread 0x0000021de78417b0 DEOPT UNPACKING pc=0x0000021d93033aa2 sp=0x0000006dc6dff1a8 mode 2
Event: 32.831 Thread 0x0000021de78424d0 DEOPT PACKING pc=0x0000021d8cbc56bb sp=0x0000006dc6ffbd10
Event: 32.831 Thread 0x0000021de78424d0 DEOPT UNPACKING pc=0x0000021d93034242 sp=0x0000006dc6ffb248 mode 0
Event: 32.862 Thread 0x0000021de78417b0 Uncommon trap: trap_request=0xffffffde fr.pc=0x0000021d9373bc30 relative=0x00000000000004d0
Event: 32.981 Thread 0x0000021de78417b0 Uncommon trap: reason=class_check action=maybe_recompile pc=0x0000021d9373bc30 method=java.util.AbstractMap.hashCode()I @ 3 c2

Classes loaded (20 events):
Event: 32.537 Loading class jdk/internal/event/SecurityPropertyModificationEvent
Event: 32.537 Loading class jdk/internal/event/SecurityPropertyModificationEvent done
Event: 32.589 Loading class javax/xml/transform/TransformerConfigurationException
Event: 32.589 Loading class javax/xml/transform/TransformerConfigurationException done
Event: 32.595 Loading class java/util/zip/CheckedInputStream
Event: 32.596 Loading class java/util/zip/CheckedInputStream done
Event: 32.615 Loading class java/util/LinkedList$LLSpliterator
Event: 32.615 Loading class java/util/LinkedList$LLSpliterator done
Event: 32.641 Loading class java/util/AbstractList$RandomAccessSubList
Event: 32.641 Loading class java/util/AbstractList$SubList
Event: 32.641 Loading class java/util/AbstractList$SubList done
Event: 32.641 Loading class java/util/AbstractList$RandomAccessSubList done
Event: 32.641 Loading class java/util/AbstractList$SubList$1
Event: 32.642 Loading class java/util/AbstractList$SubList$1 done
Event: 32.653 Loading class java/util/zip/GZIPInputStream$1
Event: 32.654 Loading class java/util/zip/GZIPInputStream$1 done
Event: 32.717 Loading class java/lang/Throwable$WrappedPrintWriter
Event: 32.717 Loading class java/lang/Throwable$PrintStreamOrWriter
Event: 32.717 Loading class java/lang/Throwable$PrintStreamOrWriter done
Event: 32.717 Loading class java/lang/Throwable$WrappedPrintWriter done

Classes unloaded (18 events):
Event: 4.307 Thread 0x0000021d8895a7a0 Unloading class 0x0000021da11a9400 'java/lang/invoke/LambdaForm$MH+0x0000021da11a9400'
Event: 4.307 Thread 0x0000021d8895a7a0 Unloading class 0x0000021da11a9000 'java/lang/invoke/LambdaForm$MH+0x0000021da11a9000'
Event: 4.307 Thread 0x0000021d8895a7a0 Unloading class 0x0000021da11a8c00 'java/lang/invoke/LambdaForm$MH+0x0000021da11a8c00'
Event: 4.307 Thread 0x0000021d8895a7a0 Unloading class 0x0000021da11a8800 'java/lang/invoke/LambdaForm$MH+0x0000021da11a8800'
Event: 4.307 Thread 0x0000021d8895a7a0 Unloading class 0x0000021da11a8400 'java/lang/invoke/LambdaForm$BMH+0x0000021da11a8400'
Event: 4.307 Thread 0x0000021d8895a7a0 Unloading class 0x0000021da11a8000 'java/lang/invoke/LambdaForm$DMH+0x0000021da11a8000'
Event: 4.307 Thread 0x0000021d8895a7a0 Unloading class 0x0000021da11a6c00 'java/lang/invoke/LambdaForm$DMH+0x0000021da11a6c00'
Event: 6.241 Thread 0x0000021d8895a7a0 Unloading class 0x0000021da1328000 'java/lang/invoke/LambdaForm$MH+0x0000021da1328000'
Event: 6.241 Thread 0x0000021d8895a7a0 Unloading class 0x0000021da1327000 'java/lang/invoke/LambdaForm$MH+0x0000021da1327000'
Event: 6.241 Thread 0x0000021d8895a7a0 Unloading class 0x0000021da1326c00 'java/lang/invoke/LambdaForm$DMH+0x0000021da1326c00'
Event: 6.241 Thread 0x0000021d8895a7a0 Unloading class 0x0000021da1326400 'java/lang/invoke/LambdaForm$MH+0x0000021da1326400'
Event: 6.241 Thread 0x0000021d8895a7a0 Unloading class 0x0000021da1320800 'java/lang/invoke/LambdaForm$MH+0x0000021da1320800'
Event: 6.241 Thread 0x0000021d8895a7a0 Unloading class 0x0000021da1320000 'java/lang/invoke/LambdaForm$MH+0x0000021da1320000'
Event: 6.241 Thread 0x0000021d8895a7a0 Unloading class 0x0000021da131bc00 'java/lang/invoke/LambdaForm$MH+0x0000021da131bc00'
Event: 6.241 Thread 0x0000021d8895a7a0 Unloading class 0x0000021da131b000 'java/lang/invoke/LambdaForm$MH+0x0000021da131b000'
Event: 6.241 Thread 0x0000021d8895a7a0 Unloading class 0x0000021da131a800 'java/lang/invoke/LambdaForm$MH+0x0000021da131a800'
Event: 6.241 Thread 0x0000021d8895a7a0 Unloading class 0x0000021da131a000 'java/lang/invoke/LambdaForm$MH+0x0000021da131a000'
Event: 6.241 Thread 0x0000021d8895a7a0 Unloading class 0x0000021da1319800 'java/lang/invoke/LambdaForm$MH+0x0000021da1319800'

Classes redefined (0 events):
No events

Internal exceptions (20 events):
Event: 32.522 Thread 0x0000021de78417b0 Exception <a 'sun/nio/fs/WindowsException'{0x00000000d5f43558}> (0x00000000d5f43558) 
thrown [s\src\hotspot\share\prims\jni.cpp, line 520]
Event: 32.525 Thread 0x0000021de78417b0 Exception <a 'sun/nio/fs/WindowsException'{0x00000000d5f441d8}> (0x00000000d5f441d8) 
thrown [s\src\hotspot\share\prims\jni.cpp, line 520]
Event: 32.525 Thread 0x0000021de78417b0 Exception <a 'sun/nio/fs/WindowsException'{0x00000000d5f44808}> (0x00000000d5f44808) 
thrown [s\src\hotspot\share\prims\jni.cpp, line 520]
Event: 32.541 Thread 0x0000021de78417b0 Exception <a 'java/io/FileNotFoundException'{0x00000000d5f5bfa0}> (0x00000000d5f5bfa0) 
thrown [s\src\hotspot\share\prims\jni.cpp, line 520]
Event: 32.542 Thread 0x0000021de78417b0 Exception <a 'java/io/FileNotFoundException'{0x00000000d5f5cd60}> (0x00000000d5f5cd60) 
thrown [s\src\hotspot\share\prims\jni.cpp, line 520]
Event: 32.555 Thread 0x0000021de78417b0 Exception <a 'sun/nio/fs/WindowsException'{0x00000000d61bf7b0}> (0x00000000d61bf7b0) 
thrown [s\src\hotspot\share\prims\jni.cpp, line 520]
Event: 32.555 Thread 0x0000021de78417b0 Exception <a 'sun/nio/fs/WindowsException'{0x00000000d61bfde0}> (0x00000000d61bfde0) 
thrown [s\src\hotspot\share\prims\jni.cpp, line 520]
Event: 32.558 Thread 0x0000021de78417b0 Exception <a 'sun/nio/fs/WindowsException'{0x00000000d61c0a20}> (0x00000000d61c0a20) 
thrown [s\src\hotspot\share\prims\jni.cpp, line 520]
Event: 32.560 Thread 0x0000021de78417b0 Exception <a 'sun/nio/fs/WindowsException'{0x00000000d61c1050}> (0x00000000d61c1050) 
thrown [s\src\hotspot\share\prims\jni.cpp, line 520]
Event: 32.569 Thread 0x0000021de9c0b9a0 Exception <a 'sun/nio/fs/WindowsException'{0x00000000d63d2668}> (0x00000000d63d2668) 
thrown [s\src\hotspot\share\prims\jni.cpp, line 520]
Event: 32.569 Thread 0x0000021de9c0b9a0 Exception <a 'sun/nio/fs/WindowsException'{0x00000000d63d2f48}> (0x00000000d63d2f48) 
thrown [s\src\hotspot\share\prims\jni.cpp, line 520]
Event: 32.569 Thread 0x0000021de9c0b9a0 Exception <a 'sun/nio/fs/WindowsException'{0x00000000d63d3e60}> (0x00000000d63d3e60) 
thrown [s\src\hotspot\share\prims\jni.cpp, line 520]
Event: 32.569 Thread 0x0000021de9c0b9a0 Exception <a 'sun/nio/fs/WindowsException'{0x00000000d63d4740}> (0x00000000d63d4740) 
thrown [s\src\hotspot\share\prims\jni.cpp, line 520]
Event: 32.570 Thread 0x0000021de9c0b9a0 Exception <a 'sun/nio/fs/WindowsException'{0x00000000d63d5d60}> (0x00000000d63d5d60) 
thrown [s\src\hotspot\share\prims\jni.cpp, line 520]
Event: 32.570 Thread 0x0000021de9c0b9a0 Exception <a 'sun/nio/fs/WindowsException'{0x00000000d63d6640}> (0x00000000d63d6640) 
thrown [s\src\hotspot\share\prims\jni.cpp, line 520]
Event: 32.571 Thread 0x0000021de9c0b9a0 Exception <a 'sun/nio/fs/WindowsException'{0x00000000d63d7530}> (0x00000000d63d7530) 
thrown [s\src\hotspot\share\prims\jni.cpp, line 520]
Event: 32.571 Thread 0x0000021de9c0b9a0 Exception <a 'sun/nio/fs/WindowsException'{0x00000000d63d7b60}> (0x00000000d63d7b60) 
thrown [s\src\hotspot\share\prims\jni.cpp, line 520]
Event: 32.620 Thread 0x0000021de7b58d00 Exception <a 'java/lang/NoSuchMethodError'{0x00000000d5dfcf90}: 'java.lang.Object java.lang.invoke.DirectMethodHandle$Holder.invokeStaticInit(java.lang.Object, java.lang.Object, java.lang.Object)'> (0x00000000d5dfcf90) 
thrown [s\src\hotspot\share\interpreter\linkResolver.cpp, line 773]
Event: 32.698 Thread 0x0000021de78417b0 Exception <a 'java/lang/NoSuchMethodError'{0x00000000d56a0258}: 'java.lang.Object java.lang.invoke.DirectMethodHandle$Holder.invokeStatic(java.lang.Object, java.lang.Object, int, java.lang.Object)'> (0x00000000d56a0258) 
thrown [s\src\hotspot\share\interpreter\linkResolver.cpp, line 773]
Event: 32.702 Thread 0x0000021de78417b0 Exception <a 'java/lang/NoSuchMethodError'{0x00000000d5755c78}: 'java.lang.Object java.lang.invoke.DirectMethodHandle$Holder.newInvokeSpecial(java.lang.Object, java.lang.Object, int)'> (0x00000000d5755c78) 
thrown [s\src\hotspot\share\interpreter\linkResolver.cpp, line 773]

ZGC Phase Switch (0 events):
No events

VM Operations (20 events):
Event: 32.600 Executing VM operation: ParallelGCFailedAllocation (Allocation Failure) done
Event: 32.600 Executing VM operation: ParallelGCSystemGC (GCLocker Initiated GC)
Event: 32.602 Executing VM operation: ParallelGCSystemGC (GCLocker Initiated GC) done
Event: 32.637 Executing VM operation: HandshakeAllThreads (Deoptimize)
Event: 32.642 Executing VM operation: HandshakeAllThreads (Deoptimize) done
Event: 32.643 Executing VM operation: HandshakeAllThreads (Deoptimize)
Event: 32.652 Executing VM operation: HandshakeAllThreads (Deoptimize) done
Event: 32.692 Executing VM operation: ParallelGCFailedAllocation (Allocation Failure)
Event: 32.695 Executing VM operation: ParallelGCFailedAllocation (Allocation Failure) done
Event: 32.706 Executing VM operation: HandshakeAllThreads (Deoptimize)
Event: 32.706 Executing VM operation: HandshakeAllThreads (Deoptimize) done
Event: 32.757 Executing VM operation: ParallelGCFailedAllocation (Allocation Failure)
Event: 32.763 Executing VM operation: ParallelGCFailedAllocation (Allocation Failure) done
Event: 32.787 Executing VM operation: ParallelGCFailedAllocation (Allocation Failure)
Event: 32.793 Executing VM operation: ParallelGCFailedAllocation (Allocation Failure) done
Event: 32.813 Executing VM operation: ParallelGCFailedAllocation (Allocation Failure)
Event: 32.819 Executing VM operation: ParallelGCFailedAllocation (Allocation Failure) done
Event: 32.849 Executing VM operation: ParallelGCFailedAllocation (Allocation Failure)
Event: 32.859 Executing VM operation: ParallelGCFailedAllocation (Allocation Failure) done
Event: 32.887 Executing VM operation: ParallelGCFailedAllocation (Allocation Failure)

Memory protections (0 events):
No events

Nmethod flushes (20 events):
Event: 31.460 Thread 0x0000021d8895a7a0 flushing  nmethod 0x0000021d8c2f1a90
Event: 31.460 Thread 0x0000021d8895a7a0 flushing  nmethod 0x0000021d8c2f2090
Event: 31.460 Thread 0x0000021d8895a7a0 flushing  nmethod 0x0000021d8c2f4b10
Event: 31.460 Thread 0x0000021d8895a7a0 flushing  nmethod 0x0000021d8c30ad10
Event: 31.460 Thread 0x0000021d8895a7a0 flushing  nmethod 0x0000021d8c30c090
Event: 31.460 Thread 0x0000021d8895a7a0 flushing  nmethod 0x0000021d8c30c690
Event: 31.460 Thread 0x0000021d8895a7a0 flushing  nmethod 0x0000021d8c30e010
Event: 31.460 Thread 0x0000021d8895a7a0 flushing  nmethod 0x0000021d8c31a990
Event: 31.460 Thread 0x0000021d8895a7a0 flushing  nmethod 0x0000021d8c31fc90
Event: 31.460 Thread 0x0000021d8895a7a0 flushing  nmethod 0x0000021d8c330e10
Event: 31.460 Thread 0x0000021d8895a7a0 flushing  nmethod 0x0000021d8c336890
Event: 31.460 Thread 0x0000021d8895a7a0 flushing  nmethod 0x0000021d8c33a510
Event: 31.460 Thread 0x0000021d8895a7a0 flushing  nmethod 0x0000021d8c35e310
Event: 31.460 Thread 0x0000021d8895a7a0 flushing  nmethod 0x0000021d8c36d190
Event: 31.460 Thread 0x0000021d8895a7a0 flushing  nmethod 0x0000021d8c36e810
Event: 31.460 Thread 0x0000021d8895a7a0 flushing  nmethod 0x0000021d8c37df90
Event: 31.460 Thread 0x0000021d8895a7a0 flushing  nmethod 0x0000021d8c3b7690
Event: 31.460 Thread 0x0000021d8895a7a0 flushing  nmethod 0x0000021d8c3b8a90
Event: 31.460 Thread 0x0000021d8895a7a0 flushing  nmethod 0x0000021d8c3c6090
Event: 31.460 Thread 0x0000021d8895a7a0 flushing  nmethod 0x0000021d8c3d0a10

Events (20 events):
Event: 14.130 Thread 0x0000021de15b8e60 Thread added: 0x0000021de92b1230
Event: 14.891 Thread 0x0000021de92b1230 Thread exited: 0x0000021de92b1230
Event: 15.932 Thread 0x0000021d9f35c4b0 Thread added: 0x0000021de92b1230
Event: 17.158 Thread 0x0000021de92b1230 Thread exited: 0x0000021de92b1230
Event: 22.657 Thread 0x0000021de78424d0 Thread added: 0x0000021de7b57950
Event: 22.680 Thread 0x0000021de7b57950 Thread exited: 0x0000021de7b57950
Event: 23.575 Thread 0x0000021de78424d0 Thread added: 0x0000021de7b57950
Event: 26.517 Thread 0x0000021de15b8e60 Thread added: 0x0000021de285a450
Event: 26.523 Thread 0x0000021de15b8e60 Thread added: 0x0000021de9c75580
Event: 27.390 Thread 0x0000021de78417b0 Thread added: 0x0000021de7b551f0
Event: 27.390 Thread 0x0000021de7b551f0 Thread added: 0x0000021de7b58d00
Event: 27.390 Thread 0x0000021de7b58d00 Thread added: 0x0000021de9c09f60
Event: 28.128 Thread 0x0000021de9c75580 Thread exited: 0x0000021de9c75580
Event: 28.420 Thread 0x0000021de15b8e60 Thread added: 0x0000021deae7fe90
Event: 29.325 Thread 0x0000021deae7fe90 Thread exited: 0x0000021deae7fe90
Event: 29.793 Thread 0x0000021de285a450 Thread exited: 0x0000021de285a450
Event: 30.827 Thread 0x0000021de15b8e60 Thread added: 0x0000021deb69a010
Event: 30.863 Thread 0x0000021d9f35c4b0 Thread added: 0x0000021dea960720
Event: 32.426 Thread 0x0000021de7b551f0 Thread added: 0x0000021de9c0b9a0
Event: 32.549 Thread 0x0000021de7b58d00 Thread added: 0x0000021de9c08520


Dynamic libraries:
0x00007ff7a9340000 - 0x00007ff7a934e000 	c:\Users\SAMPRASANNA S\.vscode\extensions\redhat.java-1.52.0-win32-x64\jre\21.0.9-win32-x86_64\bin\java.exe
0x00007ffd926a0000 - 0x00007ffd92907000 	C:\WINDOWS\SYSTEM32\ntdll.dll
0x00007ffd90e00000 - 0x00007ffd90ec9000 	C:\WINDOWS\System32\KERNEL32.DLL
0x00007ffd8fc30000 - 0x00007ffd9001f000 	C:\WINDOWS\System32\KERNELBASE.dll
0x00007ffd8fa30000 - 0x00007ffd8fb7b000 	C:\WINDOWS\System32\ucrtbase.dll
0x00007ffd6ad90000 - 0x00007ffd6ada8000 	c:\Users\SAMPRASANNA S\.vscode\extensions\redhat.java-1.52.0-win32-x64\jre\21.0.9-win32-x86_64\bin\jli.dll
0x00007ffd90ad0000 - 0x00007ffd90c95000 	C:\WINDOWS\System32\USER32.dll
0x00007ffd8f7f0000 - 0x00007ffd8f817000 	C:\WINDOWS\System32\win32u.dll
0x00007ffd913b0000 - 0x00007ffd913db000 	C:\WINDOWS\System32\GDI32.dll
0x00007ffd901a0000 - 0x00007ffd902cc000 	C:\WINDOWS\System32\gdi32full.dll
0x00007ffd90030000 - 0x00007ffd900d3000 	C:\WINDOWS\System32\msvcp_win.dll
0x00007ffd6c0e0000 - 0x00007ffd6c373000 	C:\WINDOWS\WinSxS\amd64_microsoft.windows.common-controls_6595b64144ccf1df_6.0.26100.7309_none_3e05feeae336a044\COMCTL32.dll
0x00007ffd90d10000 - 0x00007ffd90db9000 	C:\WINDOWS\System32\msvcrt.dll
0x00007ffd69800000 - 0x00007ffd6981e000 	c:\Users\SAMPRASANNA S\.vscode\extensions\redhat.java-1.52.0-win32-x64\jre\21.0.9-win32-x86_64\bin\VCRUNTIME140.dll
0x00007ffd906a0000 - 0x00007ffd906d1000 	C:\WINDOWS\System32\IMM32.DLL
0x0000000050370000 - 0x000000005037c000 	C:\Program Files (x86)\360\Total Security\safemon\SafeWrapper.dll
0x00007ffd90500000 - 0x00007ffd905b4000 	C:\WINDOWS\System32\ADVAPI32.dll
0x00007ffd90440000 - 0x00007ffd904e6000 	C:\WINDOWS\System32\sechost.dll
0x00007ffd91b40000 - 0x00007ffd91c58000 	C:\WINDOWS\System32\RPCRT4.dll
0x00007ffd04030000 - 0x00007ffd040dc000 	C:\Program Files (x86)\360\Total Security\safemon\libzdtp64.dll
0x00007ffd913e0000 - 0x00007ffd91b33000 	C:\WINDOWS\System32\SHELL32.dll
0x00007ffd902d0000 - 0x00007ffd9043a000 	C:\WINDOWS\System32\wintypes.dll
0x00007ffd91020000 - 0x00007ffd913a6000 	C:\WINDOWS\System32\combase.dll
0x00007ffd90fb0000 - 0x00007ffd91016000 	C:\WINDOWS\System32\SHLWAPI.dll
0x00007ffd8f0e0000 - 0x00007ffd8f0eb000 	C:\WINDOWS\SYSTEM32\VERSION.dll
0x00007ffd6ad00000 - 0x00007ffd6ad0c000 	c:\Users\SAMPRASANNA S\.vscode\extensions\redhat.java-1.52.0-win32-x64\jre\21.0.9-win32-x86_64\bin\vcruntime140_1.dll
0x00007ffd3e0e0000 - 0x00007ffd3e16d000 	c:\Users\SAMPRASANNA S\.vscode\extensions\redhat.java-1.52.0-win32-x64\jre\21.0.9-win32-x86_64\bin\msvcp140.dll
0x00007ffcb0d20000 - 0x00007ffcb1ac0000 	c:\Users\SAMPRASANNA S\.vscode\extensions\redhat.java-1.52.0-win32-x64\jre\21.0.9-win32-x86_64\bin\server\jvm.dll
0x00007ffd90f30000 - 0x00007ffd90fa4000 	C:\WINDOWS\System32\WS2_32.dll
0x00007ffd8f670000 - 0x00007ffd8f6ce000 	C:\WINDOWS\SYSTEM32\POWRPROF.dll
0x00007ffd86890000 - 0x00007ffd868c5000 	C:\WINDOWS\SYSTEM32\WINMM.dll
0x00007ffd8f650000 - 0x00007ffd8f664000 	C:\WINDOWS\SYSTEM32\UMPDC.dll
0x00007ffd8e500000 - 0x00007ffd8e51b000 	C:\WINDOWS\SYSTEM32\kernel.appcore.dll
0x00007ffd6a3f0000 - 0x00007ffd6a3fa000 	c:\Users\SAMPRASANNA S\.vscode\extensions\redhat.java-1.52.0-win32-x64\jre\21.0.9-win32-x86_64\bin\jimage.dll
0x00007ffd8ce50000 - 0x00007ffd8d092000 	C:\WINDOWS\SYSTEM32\DBGHELP.DLL
0x00007ffd905c0000 - 0x00007ffd90696000 	C:\WINDOWS\System32\OLEAUT32.dll
0x00007ffd66790000 - 0x00007ffd667cc000 	C:\WINDOWS\SYSTEM32\dbgcore.DLL
0x00007ffd8fb80000 - 0x00007ffd8fc25000 	C:\WINDOWS\System32\bcryptPrimitives.dll
0x00007ffd69f00000 - 0x00007ffd69f0f000 	c:\Users\SAMPRASANNA S\.vscode\extensions\redhat.java-1.52.0-win32-x64\jre\21.0.9-win32-x86_64\bin\instrument.dll
0x00007ffd697e0000 - 0x00007ffd69800000 	c:\Users\SAMPRASANNA S\.vscode\extensions\redhat.java-1.52.0-win32-x64\jre\21.0.9-win32-x86_64\bin\java.dll
0x00007ffd8d320000 - 0x00007ffd8db7e000 	C:\WINDOWS\SYSTEM32\windows.storage.dll
0x00007ffd90940000 - 0x00007ffd90a35000 	C:\WINDOWS\System32\SHCORE.dll
0x00007ffd8f710000 - 0x00007ffd8f739000 	C:\WINDOWS\SYSTEM32\profapi.dll
0x00007ffd69770000 - 0x00007ffd69788000 	c:\Users\SAMPRASANNA S\.vscode\extensions\redhat.java-1.52.0-win32-x64\jre\21.0.9-win32-x86_64\bin\zip.dll
0x00007ffd69d90000 - 0x00007ffd69da0000 	C:\Users\SAMPRASANNA S\.vscode\extensions\redhat.java-1.52.0-win32-x64\jre\21.0.9-win32-x86_64\bin\net.dll
0x00007ffd7dfb0000 - 0x00007ffd7e0d8000 	C:\WINDOWS\SYSTEM32\WINHTTP.dll
0x00007ffd8ea70000 - 0x00007ffd8eadb000 	C:\WINDOWS\system32\mswsock.dll
0x00007ffd69750000 - 0x00007ffd69766000 	C:\Users\SAMPRASANNA S\.vscode\extensions\redhat.java-1.52.0-win32-x64\jre\21.0.9-win32-x86_64\bin\nio.dll
0x00007ffd67100000 - 0x00007ffd67110000 	c:\Users\SAMPRASANNA S\.vscode\extensions\redhat.java-1.52.0-win32-x64\jre\21.0.9-win32-x86_64\bin\verify.dll
0x00007ffd3e790000 - 0x00007ffd3e7d5000 	C:\Users\SAMPRASANNA S\AppData\Roaming\Code\User\globalStorage\redhat.java\1.52.0\config_win\org.eclipse.equinox.launcher\org.eclipse.equinox.launcher.win32.win32.x86_64_1.2.1500.v20260121-1430\eclipse_11919.dll
0x00007ffd921f0000 - 0x00007ffd92387000 	C:\WINDOWS\System32\ole32.dll
0x00007ffd8ed40000 - 0x00007ffd8ed5b000 	C:\WINDOWS\SYSTEM32\CRYPTSP.dll
0x00007ffd8e460000 - 0x00007ffd8e49a000 	C:\WINDOWS\system32\rsaenh.dll
0x00007ffd8eb20000 - 0x00007ffd8eb4b000 	C:\WINDOWS\SYSTEM32\USERENV.dll
0x00007ffd8f6e0000 - 0x00007ffd8f70a000 	C:\WINDOWS\SYSTEM32\bcrypt.dll
0x00007ffd8ed30000 - 0x00007ffd8ed3c000 	C:\WINDOWS\SYSTEM32\CRYPTBASE.dll
0x00007ffd8ded0000 - 0x00007ffd8df04000 	C:\WINDOWS\SYSTEM32\IPHLPAPI.DLL
0x00007ffd90f20000 - 0x00007ffd90f2a000 	C:\WINDOWS\System32\NSI.dll
0x00007ffd2e470000 - 0x00007ffd2e4b9000 	C:\Users\SAMPRASANNA S\AppData\Local\Temp\jna--529860986\jna4247674323306412115.dll
0x00007ffd904f0000 - 0x00007ffd904f8000 	C:\WINDOWS\System32\PSAPI.DLL
0x00007ffd86090000 - 0x00007ffd860ae000 	C:\WINDOWS\SYSTEM32\dhcpcsvc6.DLL
0x00007ffd84810000 - 0x00007ffd84833000 	C:\WINDOWS\SYSTEM32\dhcpcsvc.DLL
0x00007ffd65c20000 - 0x00007ffd65c2e000 	C:\Users\SAMPRASANNA S\.vscode\extensions\redhat.java-1.52.0-win32-x64\jre\21.0.9-win32-x86_64\bin\sunmscapi.dll
0x00007ffd8f820000 - 0x00007ffd8f997000 	C:\WINDOWS\System32\CRYPT32.dll
0x00007ffd8ef50000 - 0x00007ffd8ef80000 	C:\WINDOWS\SYSTEM32\ncrypt.dll
0x00007ffd8ef00000 - 0x00007ffd8ef3f000 	C:\WINDOWS\SYSTEM32\NTASN1.dll
0x00007ffd8df60000 - 0x00007ffd8e08c000 	C:\WINDOWS\SYSTEM32\DNSAPI.dll
0x00007ffd867a0000 - 0x00007ffd867ab000 	C:\Windows\System32\rasadhlp.dll
0x00007ffd85f70000 - 0x00007ffd85ff6000 	C:\WINDOWS\System32\fwpuclnt.dll
0x00007ffd65b90000 - 0x00007ffd65b99000 	C:\Users\SAMPRASANNA S\.vscode\extensions\redhat.java-1.52.0-win32-x64\jre\21.0.9-win32-x86_64\bin\extnet.dll

JVMTI agents:
c:\Users\SAMPRASANNA S\.vscode\extensions\redhat.java-1.52.0-win32-x64\lombok\lombok-1.18.39-4050.jar path:c:\Users\SAMPRASANNA S\.vscode\extensions\redhat.java-1.52.0-win32-x64\jre\21.0.9-win32-x86_64\bin\instrument.dll, loaded, initialized, instrumentlib options:none

dbghelp: loaded successfully - version: 4.0.5 - missing functions: none
symbol engine: initialized successfully - sym options: 0x614 - pdb path: .;c:\Users\SAMPRASANNA S\.vscode\extensions\redhat.java-1.52.0-win32-x64\jre\21.0.9-win32-x86_64\bin;C:\WINDOWS\SYSTEM32;C:\WINDOWS\WinSxS\amd64_microsoft.windows.common-controls_6595b64144ccf1df_6.0.26100.7309_none_3e05feeae336a044;C:\Program Files (x86)\360\Total Security\safemon;c:\Users\SAMPRASANNA S\.vscode\extensions\redhat.java-1.52.0-win32-x64\jre\21.0.9-win32-x86_64\bin\server;C:\Users\SAMPRASANNA S\AppData\Roaming\Code\User\globalStorage\redhat.java\1.52.0\config_win\org.eclipse.equinox.launcher\org.eclipse.equinox.launcher.win32.win32.x86_64_1.2.1500.v20260121-1430;C:\Users\SAMPRASANNA S\AppData\Local\Temp\jna--529860986

VM Arguments:
jvm_args: --add-modules=ALL-SYSTEM --add-opens=java.base/java.util=ALL-UNNAMED --add-opens=java.base/java.lang=ALL-UNNAMED --add-opens=java.base/sun.nio.fs=ALL-UNNAMED -Declipse.application=org.eclipse.jdt.ls.core.id1 -Dosgi.bundles.defaultStartLevel=4 -Declipse.product=org.eclipse.jdt.ls.core.product -Djava.import.generatesMetadataFilesAtProjectRoot=false -DDetectVMInstallationsJob.disabled=true -Dfile.encoding=utf8 -XX:+UseParallelGC -XX:GCTimeRatio=4 -XX:AdaptiveSizePolicyWeight=90 -Dsun.zip.disableMemoryMapping=true -Xmx2G -Xms100m -Xlog:disable -javaagent:c:\Users\SAMPRASANNA S\.vscode\extensions\redhat.java-1.52.0-win32-x64\lombok\lombok-1.18.39-4050.jar -XX:+HeapDumpOnOutOfMemoryError -XX:HeapDumpPath=c:\Users\SAMPRASANNA S\AppData\Roaming\Code\User\workspaceStorage\a4d4ee278766ad791ef8b882ac092dc4\redhat.java -Daether.dependencyCollector.impl=bf 
java_command: c:\Users\SAMPRASANNA S\.vscode\extensions\redhat.java-1.52.0-win32-x64\server\plugins\org.eclipse.equinox.launcher_1.7.100.v20251111-0406.jar -configuration c:\Users\SAMPRASANNA S\AppData\Roaming\Code\User\globalStorage\redhat.java\1.52.0\config_win -data c:\Users\SAMPRASANNA S\AppData\Roaming\Code\User\workspaceStorage\a4d4ee278766ad791ef8b882ac092dc4\redhat.java\jdt_ws --pipe=\\.\pipe\lsp-27d1ad753838b045b468ca358ec8f55b-sock
java_class_path (initial): c:\Users\SAMPRASANNA S\.vscode\extensions\redhat.java-1.52.0-win32-x64\server\plugins\org.eclipse.equinox.launcher_1.7.100.v20251111-0406.jar
Launcher Type: SUN_STANDARD

[Global flags]
    uintx AdaptiveSizePolicyWeight                 = 90                                        {product} {command line}
     intx CICompilerCount                          = 4                                         {product} {ergonomic}
    uintx GCTimeRatio                              = 4                                         {product} {command line}
     bool HeapDumpOnOutOfMemoryError               = true                                   {manageable} {command line}
    ccstr HeapDumpPath                             = c:\Users\SAMPRASANNA S\AppData\Roaming\Code\User\workspaceStorage\a4d4ee278766ad791ef8b882ac092dc4\redhat.java         {manageable} {command line}
   size_t InitialHeapSize                          = 104857600                                 {product} {command line}
   size_t MaxHeapSize                              = 2147483648                                {product} {command line}
   size_t MaxNewSize                               = 715653120                                 {product} {ergonomic}
   size_t MinHeapDeltaBytes                        = 524288                                    {product} {ergonomic}
   size_t MinHeapSize                              = 104857600                                 {product} {command line}
   size_t NewSize                                  = 34603008                                  {product} {ergonomic}
    uintx NonNMethodCodeHeapSize                   = 5839372                                {pd product} {ergonomic}
    uintx NonProfiledCodeHeapSize                  = 122909434                              {pd product} {ergonomic}
   size_t OldSize                                  = 70254592                                  {product} {ergonomic}
    uintx ProfiledCodeHeapSize                     = 122909434                              {pd product} {ergonomic}
    uintx ReservedCodeCacheSize                    = 251658240                              {pd product} {ergonomic}
     bool SegmentedCodeCache                       = true                                      {product} {ergonomic}
   size_t SoftMaxHeapSize                          = 2147483648                             {manageable} {ergonomic}
     bool UseCompressedOops                        = true                           {product lp64_product} {ergonomic}
     bool UseLargePagesIndividualAllocation        = false                                  {pd product} {ergonomic}
     bool UseParallelGC                            = true                                      {product} {command line}

Logging:
Log output configuration:
 #0: stdout all=off uptime,level,tags foldmultilines=false
 #1: stderr all=off uptime,level,tags foldmultilines=false

Release file:
JAVA_VERSION="21.0.9" 
MODULES="java.base java.compiler java.datatransfer java.xml java.prefs java.desktop java.instrument java.logging java.management java.security.sasl java.naming java.rmi java.management.rmi java.net.http java.scripting java.security.jgss java.transaction.xa java.sql java.sql.rowset java.xml.crypto java.se java.smartcardio jdk.accessibility jdk.internal.jvmstat jdk.attach jdk.charsets jdk.internal.opt jdk.zipfs jdk.compiler jdk.crypto.ec jdk.crypto.cryptoki jdk.crypto.mscapi jdk.dynalink jdk.internal.ed jdk.editpad jdk.hotspot.agent jdk.httpserver jdk.internal.le jdk.internal.vm.ci jdk.internal.vm.compiler jdk.internal.vm.compiler.management jdk.jartool jdk.javadoc jdk.jcmd jdk.management jdk.management.agent jdk.jconsole jdk.jdeps jdk.jdwp.agent jdk.jdi jdk.jfr jdk.jshell jdk.jsobject jdk.jstatd jdk.localedata jdk.management.jfr jdk.naming.dns jdk.naming.rmi jdk.net jdk.nio.mapmode jdk.random jdk.sctp jdk.security.auth jdk.security.jgss jdk.unsupported jdk.unsupported.desktop jdk.xml.dom" 

Environment Variables:
PATH=C:\Program Files\Common Files\Oracle\Java\javapath;C:\Program Files\Python312\Scripts\;C:\Program Files\Python312\;C:\WINDOWS\system32;C:\WINDOWS;C:\WINDOWS\System32\Wbem;C:\WINDOWS\System32\WindowsPowerShell\v1.0\;C:\WINDOWS\System32\OpenSSH\;C:\Program Files\nodejs\;C:\Program Files\dotnet\;C:\Program Files\Docker\Docker\resources\bin;C:\Program Files (x86)\Windows Kits\10\Windows Performance Toolkit\;C:\Program Files\Git\cmd;C:\Users\SAMPRASANNA S\AppData\Local\Microsoft\WindowsApps;C:\Users\SAMPRASANNA S\AppData\Local\Programs\Microsoft VS Code\bin;C:\Users\SAMPRASANNA S\AppData\Roaming\npm;C:\Users\SAMPRASANNA S\AppData\Local\GitHubDesktop\bin;
USERNAME=SAMPRASANNA S
OS=Windows_NT
PROCESSOR_IDENTIFIER=Intel64 Family 6 Model 186 Stepping 3, GenuineIntel
TMP=C:\Users\SAMPRA~1\AppData\Local\Temp
TEMP=C:\Users\SAMPRA~1\AppData\Local\Temp




Periodic native trim disabled

---------------  S Y S T E M  ---------------

OS:
 Windows 11 , 64 bit Build 26100 (10.0.26100.7623)
OS uptime: 4 days 2:08 hours
Hyper-V role detected

CPU: total 12 (initial active 12) (6 cores per cpu, 2 threads per core) family 6 model 186 stepping 3 microcode 0x4121, cx8, cmov, fxsr, ht, mmx, 3dnowpref, sse, sse2, sse3, ssse3, sse4.1, sse4.2, popcnt, lzcnt, tsc, tscinvbit, avx, avx2, aes, erms, clmul, bmi1, bmi2, adx, sha, fma, vzeroupper, clflush, clflushopt, clwb, hv, serialize, rdtscp, rdpid, fsrm, f16c, cet_ibt, cet_ss
Processor Information for processor 0
  Max Mhz: 1300, Current Mhz: 1300, Mhz Limit: 1300
Processor Information for processor 1
  Max Mhz: 1300, Current Mhz: 1300, Mhz Limit: 1300
Processor Information for processor 2
  Max Mhz: 1300, Current Mhz: 1300, Mhz Limit: 1300
Processor Information for processor 3
  Max Mhz: 1300, Current Mhz: 1300, Mhz Limit: 1300
Processor Information for processor 4
  Max Mhz: 1300, Current Mhz: 900, Mhz Limit: 897
Processor Information for processor 5
  Max Mhz: 1300, Current Mhz: 900, Mhz Limit: 897
Processor Information for processor 6
  Max Mhz: 1300, Current Mhz: 900, Mhz Limit: 897
Processor Information for processor 7
  Max Mhz: 1300, Current Mhz: 900, Mhz Limit: 897
Processor Information for processor 8
  Max Mhz: 1300, Current Mhz: 900, Mhz Limit: 897
Processor Information for processor 9
  Max Mhz: 1300, Current Mhz: 900, Mhz Limit: 897
Processor Information for processor 10
  Max Mhz: 1300, Current Mhz: 900, Mhz Limit: 897
Processor Information for processor 11
  Max Mhz: 1300, Current Mhz: 900, Mhz Limit: 897

Memory: 4k page, system-wide physical 16027M (4390M free)
TotalPageFile size 16027M (AvailPageFile size 9M)
current process WorkingSet (physical memory assigned to process): 368M, peak: 368M
current process commit charge ("private bytes"): 455M, peak: 455M

vm_info: OpenJDK 64-Bit Server VM (21.0.9+10-LTS) for windows-amd64 JRE (21.0.9+10-LTS), built on 2025-10-21T00:00:00Z by "admin" with unknown MS VC++:1942

END.
