#
# There is insufficient memory for the Java Runtime Environment to continue.
# Native memory allocation (malloc) failed to allocate 473456 bytes. Error detail: Chunk::new
# Possible reasons:
#   The system is out of physical RAM or swap space
#   This process is running with CompressedOops enabled, and the Java Heap may be blocking the growth of the native heap
# Possible solutions:
#   Reduce memory load on the system
#   Increase physical memory or swap space
#   Check if swap backing store is full
#   Decrease Java heap size (-Xmx/-Xms)
#   Decrease number of Java threads
#   Decrease Java thread stack sizes (-Xss)
#   Set larger code cache with -XX:ReservedCodeCacheSize=
#   JVM is running with Unscaled Compressed Oops mode in which the Java heap is
#     placed in the first 4GB address space. The Java Heap base address is the
#     maximum limit for the native heap growth. Please use -XX:HeapBaseMinAddress
#     to set the Java Heap base and to place the Java Heap above 4GB virtual address.
# This output file may be truncated or incomplete.
#
#  Out of Memory Error (arena.cpp:168), pid=23568, tid=26268
#
# JRE version: OpenJDK Runtime Environment Temurin-21.0.9+10 (21.0.9+10) (build 21.0.9+10-LTS)
# Java VM: OpenJDK 64-Bit Server VM Temurin-21.0.9+10 (21.0.9+10-LTS, mixed mode, sharing, tiered, compressed oops, compressed class ptrs, parallel gc, windows-amd64)
# No core dump will be written. Minidumps are not enabled by default on client versions of Windows
#

---------------  S U M M A R Y ------------

Command Line: --add-modules=ALL-SYSTEM --add-opens=java.base/java.util=ALL-UNNAMED --add-opens=java.base/java.lang=ALL-UNNAMED --add-opens=java.base/sun.nio.fs=ALL-UNNAMED -Declipse.application=org.eclipse.jdt.ls.core.id1 -Dosgi.bundles.defaultStartLevel=4 -Declipse.product=org.eclipse.jdt.ls.core.product -Djava.import.generatesMetadataFilesAtProjectRoot=false -DDetectVMInstallationsJob.disabled=true -Dfile.encoding=utf8 -XX:+UseParallelGC -XX:GCTimeRatio=4 -XX:AdaptiveSizePolicyWeight=90 -Dsun.zip.disableMemoryMapping=true -Xmx2G -Xms100m -Xlog:disable -javaagent:c:\Users\SAMPRASANNA S\.vscode\extensions\redhat.java-1.51.0-win32-x64\lombok\lombok-1.18.39-4050.jar c:\Users\SAMPRASANNA S\.vscode\extensions\redhat.java-1.51.0-win32-x64\server\plugins\org.eclipse.equinox.launcher_1.7.100.v20251111-0406.jar -configuration c:\Users\SAMPRASANNA S\AppData\Roaming\Code\User\globalStorage\redhat.java\1.51.0\config_ss_win -data c:\Users\SAMPRASANNA S\AppData\Roaming\Code\User\workspaceStorage\a4d4ee278766ad791ef8b882ac092dc4\redhat.java\ss_ws --pipe=\\.\pipe\lsp-009ab00b3aa4a4c04a9af277cd7a6128-sock

Host: 13th Gen Intel(R) Core(TM) i5-1335U, 12 cores, 15G,  Windows 11 , 64 bit Build 26100 (10.0.26100.7623)
Time: Fri Jan 23 10:37:44 2026 India Standard Time elapsed time: 47.652382 seconds (0d 0h 0m 47s)

---------------  T H R E A D  ---------------

Current thread (0x0000018af829cda0):  JavaThread "C2 CompilerThread0" daemon [_thread_in_native, id=26268, stack(0x00000008da500000,0x00000008da600000) (1024K)]


Current CompileTask:
C2:47652 4710 % !   4       sun.net.www.ParseUtil::decode @ 70 (349 bytes)

Stack: [0x00000008da500000,0x00000008da600000]
Native frames: (J=compiled Java code, j=interpreted, Vv=VM code, C=native code)
V  [jvm.dll+0x6d6e29]
V  [jvm.dll+0x8b4b76]
V  [jvm.dll+0x8b712e]
V  [jvm.dll+0x8b7813]
V  [jvm.dll+0x283d86]
V  [jvm.dll+0xc66ed]
V  [jvm.dll+0xc6c31]
V  [jvm.dll+0x3be53b]
V  [jvm.dll+0x38ab92]
V  [jvm.dll+0x389fda]
V  [jvm.dll+0x24bfa0]
V  [jvm.dll+0x24b580]
V  [jvm.dll+0x1cb13e]
V  [jvm.dll+0x25b29d]
V  [jvm.dll+0x25982a]
V  [jvm.dll+0x3f7ea6]
V  [jvm.dll+0x85e9ad]
V  [jvm.dll+0x6d565d]
C  [ucrtbase.dll+0x37b0]
C  [KERNEL32.DLL+0x2e8d7]
C  [ntdll.dll+0x8c53c]


---------------  P R O C E S S  ---------------

Threads class SMR info:
_java_thread_list=0x0000018afeec3ba0, length=38, elements={
0x0000018ade35eb50, 0x0000018ae071aee0, 0x0000018ae071ba90, 0x0000018af8286510,
0x0000018af8289360, 0x0000018af8287090, 0x0000018af8287ee0, 0x0000018af829cda0,
0x0000018af829e100, 0x0000018af849c080, 0x0000018af85dcd40, 0x0000018afe05b690,
0x0000018af9899800, 0x0000018af989a130, 0x0000018af9ba2be0, 0x0000018af9734f10,
0x0000018af85b34c0, 0x0000018af96b8a60, 0x0000018afe0a3ff0, 0x0000018afe4ae640,
0x0000018afe4ad920, 0x0000018afe4aecd0, 0x0000018afe4adfb0, 0x0000018afe4ab850,
0x0000018afe4abee0, 0x0000018afe4ac570, 0x0000018afe4acc00, 0x0000018afe4ad290,
0x0000018af84ae440, 0x0000018af84af160, 0x0000018af84ad090, 0x0000018af84aca00,
0x0000018af84af7f0, 0x0000018af84ad720, 0x0000018af84afe80, 0x0000018af84b0ba0,
0x0000018af84b0510, 0x0000018af84addb0
}

Java Threads: ( => current thread )
  0x0000018ade35eb50 JavaThread "main"                              [_thread_blocked, id=20552, stack(0x00000008d9b00000,0x00000008d9c00000) (1024K)]
  0x0000018ae071aee0 JavaThread "Reference Handler"          daemon [_thread_blocked, id=15496, stack(0x00000008d9f00000,0x00000008da000000) (1024K)]
  0x0000018ae071ba90 JavaThread "Finalizer"                  daemon [_thread_blocked, id=12760, stack(0x00000008da000000,0x00000008da100000) (1024K)]
  0x0000018af8286510 JavaThread "Signal Dispatcher"          daemon [_thread_blocked, id=13192, stack(0x00000008da100000,0x00000008da200000) (1024K)]
  0x0000018af8289360 JavaThread "Attach Listener"            daemon [_thread_blocked, id=21192, stack(0x00000008da200000,0x00000008da300000) (1024K)]
  0x0000018af8287090 JavaThread "Service Thread"             daemon [_thread_blocked, id=27284, stack(0x00000008da300000,0x00000008da400000) (1024K)]
  0x0000018af8287ee0 JavaThread "Monitor Deflation Thread"   daemon [_thread_blocked, id=27464, stack(0x00000008da400000,0x00000008da500000) (1024K)]
=>0x0000018af829cda0 JavaThread "C2 CompilerThread0"         daemon [_thread_in_native, id=26268, stack(0x00000008da500000,0x00000008da600000) (1024K)]
  0x0000018af829e100 JavaThread "C1 CompilerThread0"         daemon [_thread_blocked, id=17088, stack(0x00000008da600000,0x00000008da700000) (1024K)]
  0x0000018af849c080 JavaThread "Common-Cleaner"             daemon [_thread_blocked, id=10592, stack(0x00000008da800000,0x00000008da900000) (1024K)]
  0x0000018af85dcd40 JavaThread "Notification Thread"        daemon [_thread_blocked, id=22272, stack(0x00000008da900000,0x00000008daa00000) (1024K)]
  0x0000018afe05b690 JavaThread "Active Thread: Equinox Container: af16d8e4-f6c3-491d-96fb-f691f66f26a6"        [_thread_blocked, id=21120, stack(0x00000008da700000,0x00000008da800000) (1024K)]
  0x0000018af9899800 JavaThread "Framework Event Dispatcher: Equinox Container: af16d8e4-f6c3-491d-96fb-f691f66f26a6" daemon [_thread_blocked, id=2888, stack(0x00000008db000000,0x00000008db100000) (1024K)]
  0x0000018af989a130 JavaThread "Start Level: Equinox Container: af16d8e4-f6c3-491d-96fb-f691f66f26a6" daemon [_thread_blocked, id=24788, stack(0x00000008db100000,0x00000008db200000) (1024K)]
  0x0000018af9ba2be0 JavaThread "SCR Component Actor"        daemon [_thread_blocked, id=3612, stack(0x00000008db300000,0x00000008db400000) (1024K)]
  0x0000018af9734f10 JavaThread "Worker-JM"                         [_thread_blocked, id=23072, stack(0x00000008db400000,0x00000008db500000) (1024K)]
  0x0000018af85b34c0 JavaThread "JNA Cleaner"                daemon [_thread_blocked, id=12920, stack(0x00000008db700000,0x00000008db800000) (1024K)]
  0x0000018af96b8a60 JavaThread "Worker-0: Building"                [_thread_blocked, id=28792, stack(0x00000008db800000,0x00000008db900000) (1024K)]
  0x0000018afe0a3ff0 JavaThread "Worker-1"                          [_thread_blocked, id=5088, stack(0x00000008db900000,0x00000008dba00000) (1024K)]
  0x0000018afe4ae640 JavaThread "Thread-1"                   daemon [_thread_in_native, id=19908, stack(0x00000008dbf00000,0x00000008dc000000) (1024K)]
  0x0000018afe4ad920 JavaThread "Thread-2"                   daemon [_thread_in_native, id=15096, stack(0x00000008dc000000,0x00000008dc100000) (1024K)]
  0x0000018afe4aecd0 JavaThread "Thread-3"                   daemon [_thread_in_native, id=25948, stack(0x00000008dc100000,0x00000008dc200000) (1024K)]
  0x0000018afe4adfb0 JavaThread "Thread-4"                   daemon [_thread_in_native, id=15056, stack(0x00000008dc200000,0x00000008dc300000) (1024K)]
  0x0000018afe4ab850 JavaThread "Thread-5"                   daemon [_thread_in_native, id=27232, stack(0x00000008dc300000,0x00000008dc400000) (1024K)]
  0x0000018afe4abee0 JavaThread "Thread-6"                   daemon [_thread_in_native, id=15568, stack(0x00000008dc400000,0x00000008dc500000) (1024K)]
  0x0000018afe4ac570 JavaThread "Thread-7"                   daemon [_thread_in_native, id=25856, stack(0x00000008dc500000,0x00000008dc600000) (1024K)]
  0x0000018afe4acc00 JavaThread "Thread-8"                   daemon [_thread_in_native, id=8152, stack(0x00000008dc600000,0x00000008dc700000) (1024K)]
  0x0000018afe4ad290 JavaThread "Thread-9"                   daemon [_thread_in_native, id=17176, stack(0x00000008dc700000,0x00000008dc800000) (1024K)]
  0x0000018af84ae440 JavaThread "Thread-10"                  daemon [_thread_in_native, id=10732, stack(0x00000008dc800000,0x00000008dc900000) (1024K)]
  0x0000018af84af160 JavaThread "Thread-11"                  daemon [_thread_in_native, id=11028, stack(0x00000008dc900000,0x00000008dca00000) (1024K)]
  0x0000018af84ad090 JavaThread "Thread-12"                  daemon [_thread_in_native, id=28408, stack(0x00000008dca00000,0x00000008dcb00000) (1024K)]
  0x0000018af84aca00 JavaThread "Thread-13"                  daemon [_thread_in_native, id=16732, stack(0x00000008dcb00000,0x00000008dcc00000) (1024K)]
  0x0000018af84af7f0 JavaThread "pool-2-thread-1"                   [_thread_blocked, id=28328, stack(0x00000008dcc00000,0x00000008dcd00000) (1024K)]
  0x0000018af84ad720 JavaThread "Worker-2"                          [_thread_blocked, id=7792, stack(0x00000008dba00000,0x00000008dbb00000) (1024K)]
  0x0000018af84afe80 JavaThread "WorkspaceEventsHandler"            [_thread_blocked, id=24724, stack(0x00000008dbd00000,0x00000008dbe00000) (1024K)]
  0x0000018af84b0ba0 JavaThread "pool-1-thread-1"                   [_thread_in_Java, id=26664, stack(0x00000008dbe00000,0x00000008dbf00000) (1024K)]
  0x0000018af84b0510 JavaThread "ForkJoinPool.commonPool-worker-1" daemon [_thread_blocked, id=29584, stack(0x00000008dcd00000,0x00000008dce00000) (1024K)]
  0x0000018af84addb0 JavaThread "Compiler Source File Reader" daemon [_thread_blocked, id=17532, stack(0x00000008dce00000,0x00000008dcf00000) (1024K)]
Total: 38

Other Threads:
  0x0000018af8282640 VMThread "VM Thread"                           [id=24524, stack(0x00000008d9e00000,0x00000008d9f00000) (1024K)]
  0x0000018ae05fca00 WatcherThread "VM Periodic Task Thread"        [id=24212, stack(0x00000008d9d00000,0x00000008d9e00000) (1024K)]
  0x0000018ae07b9220 WorkerThread "GC Thread#0"                     [id=4660, stack(0x00000008d9c00000,0x00000008d9d00000) (1024K)]
  0x0000018afe05d690 WorkerThread "GC Thread#1"                     [id=27476, stack(0x00000008daa00000,0x00000008dab00000) (1024K)]
  0x0000018af9a4d3d0 WorkerThread "GC Thread#2"                     [id=7016, stack(0x00000008dab00000,0x00000008dac00000) (1024K)]
  0x0000018af9a4d770 WorkerThread "GC Thread#3"                     [id=8844, stack(0x00000008dac00000,0x00000008dad00000) (1024K)]
  0x0000018af9a4db10 WorkerThread "GC Thread#4"                     [id=26272, stack(0x00000008dad00000,0x00000008dae00000) (1024K)]
  0x0000018afe038b40 WorkerThread "GC Thread#5"                     [id=4568, stack(0x00000008dae00000,0x00000008daf00000) (1024K)]
  0x0000018afe038ee0 WorkerThread "GC Thread#6"                     [id=29228, stack(0x00000008daf00000,0x00000008db000000) (1024K)]
  0x0000018af8408ae0 WorkerThread "GC Thread#7"                     [id=26044, stack(0x00000008db200000,0x00000008db300000) (1024K)]
  0x0000018af84c9f40 WorkerThread "GC Thread#8"                     [id=15640, stack(0x00000008db500000,0x00000008db600000) (1024K)]
  0x0000018af84ca2e0 WorkerThread "GC Thread#9"                     [id=23052, stack(0x00000008db600000,0x00000008db700000) (1024K)]
Total: 12

Threads with active compile tasks:
C2 CompilerThread0  47871 4710 % !   4       sun.net.www.ParseUtil::decode @ 70 (349 bytes)
Total: 1

VM state: not at safepoint (normal execution)

VM Mutex/Monitor currently owned by a thread: None

Heap address: 0x0000000080000000, size: 2048 MB, Compressed Oops mode: 32-bit

CDS archive(s) mapped at: [0x0000018a80000000-0x0000018a80ba0000-0x0000018a80ba0000), size 12189696, SharedBaseAddress: 0x0000018a80000000, ArchiveRelocationMode: 1.
Compressed class space mapped at: 0x0000018a81000000-0x0000018ac1000000, reserved size: 1073741824
Narrow klass base: 0x0000018a80000000, Narrow klass shift: 0, Narrow klass range: 0x100000000

GC Precious Log:
 CardTable entry size: 512
 CPUs: 12 total, 12 available
 Memory: 16027M
 Large Page Support: Disabled
 NUMA Support: Disabled
 Compressed Oops: Enabled (32-bit)
 Alignments: Space 512K, Generation 512K, Heap 2M
 Heap Min Capacity: 100M
 Heap Initial Capacity: 100M
 Heap Max Capacity: 2G
 Pre-touch: Disabled
 Parallel Workers: 10

Heap:
 PSYoungGen      total 20992K, used 16756K [0x00000000d5580000, 0x00000000d6c80000, 0x0000000100000000)
  eden space 20480K, 81% used [0x00000000d5580000,0x00000000d65dd248,0x00000000d6980000)
  from space 512K, 0% used [0x00000000d6c00000,0x00000000d6c00000,0x00000000d6c80000)
  to   space 1024K, 0% used [0x00000000d6a80000,0x00000000d6a80000,0x00000000d6b80000)
 ParOldGen       total 68608K, used 28285K [0x0000000080000000, 0x0000000084300000, 0x00000000d5580000)
  object space 68608K, 41% used [0x0000000080000000,0x0000000081b9f448,0x0000000084300000)
 Metaspace       used 35755K, committed 36672K, reserved 1114112K
  class space    used 3676K, committed 4096K, reserved 1048576K

Card table byte_map: [0x0000018ae0110000,0x0000018ae0520000] _byte_map_base: 0x0000018adfd10000

Marking Bits: (ParMarkBitMap*) 0x00007ffcbfcf2460
 Begin Bits: [0x0000018af2c20000, 0x0000018af4c20000)
 End Bits:   [0x0000018af4c20000, 0x0000018af6c20000)

Polling page: 0x0000018ade5d0000

Metaspace:

Usage:
  Non-class:     31.33 MB used.
      Class:      3.59 MB used.
       Both:     34.92 MB used.

Virtual space:
  Non-class space:       64.00 MB reserved,      31.81 MB ( 50%) committed,  1 nodes.
      Class space:        1.00 GB reserved,       4.00 MB ( <1%) committed,  1 nodes.
             Both:        1.06 GB reserved,      35.81 MB (  3%) committed. 

Chunk freelists:
   Non-Class:  192.00 KB
       Class:  12.00 MB
        Both:  12.19 MB

MaxMetaspaceSize: unlimited
CompressedClassSpaceSize: 1.00 GB
Initial GC threshold: 21.00 MB
Current GC threshold: 58.38 MB
CDS: on
 - commit_granule_bytes: 65536.
 - commit_granule_words: 8192.
 - virtual_space_node_default_size: 8388608.
 - enlarge_chunks_in_place: 1.
 - use_allocation_guard: 0.


Internal statistics:

num_allocs_failed_limit: 6.
num_arena_births: 760.
num_arena_deaths: 74.
num_vsnodes_births: 2.
num_vsnodes_deaths: 0.
num_space_committed: 573.
num_space_uncommitted: 0.
num_chunks_returned_to_freelist: 94.
num_chunks_taken_from_freelist: 2297.
num_chunk_merges: 22.
num_chunk_splits: 1433.
num_chunks_enlarged: 862.
num_inconsistent_stats: 0.

CodeHeap 'non-profiled nmethods': size=120000Kb used=2479Kb max_used=2677Kb free=117520Kb
 bounds [0x0000018aeb440000, 0x0000018aeb6e0000, 0x0000018af2970000]
CodeHeap 'profiled nmethods': size=120000Kb used=8618Kb max_used=9207Kb free=111381Kb
 bounds [0x0000018ae3970000, 0x0000018ae4290000, 0x0000018aeaea0000]
CodeHeap 'non-nmethods': size=5760Kb used=1365Kb max_used=1447Kb free=4394Kb
 bounds [0x0000018aeaea0000, 0x0000018aeb110000, 0x0000018aeb440000]
CodeCache: size=245760Kb, used=12462Kb, max_used=13331Kb, free=233295Kb
 total_blobs=4974, nmethods=4310, adapters=570, full_count=0
Compilation: enabled, stopped_count=0, restarted_count=0

Compilation events (20 events):
Event: 45.475 Thread 0x0000018af829e100 nmethod 4709 0x0000018ae3adbb90 code [0x0000018ae3adbd60, 0x0000018ae3adc078]
Event: 45.583 Thread 0x0000018af829cda0 4710 % !   4       sun.net.www.ParseUtil::decode @ 70 (349 bytes)
Event: 45.602 Thread 0x0000018af829e100 4712       3       sun.net.www.protocol.jar.URLJarFile::getEntry (69 bytes)
Event: 45.604 Thread 0x0000018af829e100 nmethod 4712 0x0000018ae3b3ff90 code [0x0000018ae3b402e0, 0x0000018ae3b41530]
Event: 45.606 Thread 0x0000018af829e100 4713       3       sun.net.www.protocol.jar.URLJarFile::isFileURL (50 bytes)
Event: 45.606 Thread 0x0000018af829e100 nmethod 4713 0x0000018ae3e76310 code [0x0000018ae3e76500, 0x0000018ae3e768e0]
Event: 45.620 Thread 0x0000018af829e100 4714       3       java.util.HashSet::size (8 bytes)
Event: 45.620 Thread 0x0000018af829e100 nmethod 4714 0x0000018ae3a55890 code [0x0000018ae3a55a20, 0x0000018ae3a55bd0]
Event: 45.620 Thread 0x0000018af829e100 4715       3       java.lang.WeakPairMap::expungeStaleAssociations (31 bytes)
Event: 45.621 Thread 0x0000018af829e100 nmethod 4715 0x0000018ae3991f90 code [0x0000018ae3992180, 0x0000018ae3992698]
Event: 45.621 Thread 0x0000018af829e100 4716       3       jdk.internal.org.objectweb.asm.MethodWriter::putFrame (549 bytes)
Event: 45.625 Thread 0x0000018af829e100 nmethod 4716 0x0000018ae39e3f10 code [0x0000018ae39e43a0, 0x0000018ae39e5e00]
Event: 45.625 Thread 0x0000018af829e100 4717       3       jdk.internal.org.objectweb.asm.MethodWriter::addSuccessorToCurrentBasicBlock (24 bytes)
Event: 45.625 Thread 0x0000018af829e100 nmethod 4717 0x0000018ae3a29990 code [0x0000018ae3a29b40, 0x0000018ae3a29dc0]
Event: 45.626 Thread 0x0000018af829e100 4718       3       jdk.internal.loader.AbstractClassLoaderValue$Sub::hashCode (19 bytes)
Event: 45.627 Thread 0x0000018af829e100 nmethod 4718 0x0000018ae3b53590 code [0x0000018ae3b53760, 0x0000018ae3b53ad8]
Event: 45.635 Thread 0x0000018af829e100 4719       3       java.lang.Class::getMethodsRecursive (99 bytes)
Event: 45.636 Thread 0x0000018af829e100 nmethod 4719 0x0000018ae3dce210 code [0x0000018ae3dce440, 0x0000018ae3dce9d8]
Event: 45.637 Thread 0x0000018af829e100 4720   !   3       sun.net.www.protocol.jar.JarFileFactory::getCachedJarFile (147 bytes)
Event: 45.638 Thread 0x0000018af829e100 nmethod 4720 0x0000018ae3c2f510 code [0x0000018ae3c2f700, 0x0000018ae3c2fbe8]

GC Heap History (20 events):
Event: 33.211 GC heap before
{Heap before GC invocations=11 (full 1):
 PSYoungGen      total 27136K, used 26910K [0x00000000d5580000, 0x00000000d7500000, 0x0000000100000000)
  eden space 22016K, 100% used [0x00000000d5580000,0x00000000d6b00000,0x00000000d6b00000)
  from space 5120K, 95% used [0x00000000d6b80000,0x00000000d7047a68,0x00000000d7080000)
  to   space 4608K, 0% used [0x00000000d7080000,0x00000000d7080000,0x00000000d7500000)
 ParOldGen       total 68608K, used 9744K [0x0000000080000000, 0x0000000084300000, 0x00000000d5580000)
  object space 68608K, 14% used [0x0000000080000000,0x0000000080984280,0x0000000084300000)
 Metaspace       used 32117K, committed 33152K, reserved 1114112K
  class space    used 3243K, committed 3712K, reserved 1048576K
}
Event: 33.221 GC heap after
{Heap after GC invocations=11 (full 1):
 PSYoungGen      total 25088K, used 2870K [0x00000000d5580000, 0x00000000d7380000, 0x0000000100000000)
  eden space 22016K, 0% used [0x00000000d5580000,0x00000000d5580000,0x00000000d6b00000)
  from space 3072K, 93% used [0x00000000d7080000,0x00000000d734da70,0x00000000d7380000)
  to   space 4096K, 0% used [0x00000000d6b80000,0x00000000d6b80000,0x00000000d6f80000)
 ParOldGen       total 68608K, used 13276K [0x0000000080000000, 0x0000000084300000, 0x00000000d5580000)
  object space 68608K, 19% used [0x0000000080000000,0x0000000080cf7248,0x0000000084300000)
 Metaspace       used 32117K, committed 33152K, reserved 1114112K
  class space    used 3243K, committed 3712K, reserved 1048576K
}
Event: 33.651 GC heap before
{Heap before GC invocations=12 (full 1):
 PSYoungGen      total 25088K, used 24886K [0x00000000d5580000, 0x00000000d7380000, 0x0000000100000000)
  eden space 22016K, 100% used [0x00000000d5580000,0x00000000d6b00000,0x00000000d6b00000)
  from space 3072K, 93% used [0x00000000d7080000,0x00000000d734da70,0x00000000d7380000)
  to   space 4096K, 0% used [0x00000000d6b80000,0x00000000d6b80000,0x00000000d6f80000)
 ParOldGen       total 68608K, used 13276K [0x0000000080000000, 0x0000000084300000, 0x00000000d5580000)
  object space 68608K, 19% used [0x0000000080000000,0x0000000080cf7248,0x0000000084300000)
 Metaspace       used 32124K, committed 33152K, reserved 1114112K
  class space    used 3243K, committed 3712K, reserved 1048576K
}
Event: 33.658 GC heap after
{Heap after GC invocations=12 (full 1):
 PSYoungGen      total 24576K, used 2048K [0x00000000d5580000, 0x00000000d7100000, 0x0000000100000000)
  eden space 22016K, 0% used [0x00000000d5580000,0x00000000d5580000,0x00000000d6b00000)
  from space 2560K, 80% used [0x00000000d6b80000,0x00000000d6d80010,0x00000000d6e00000)
  to   space 2560K, 0% used [0x00000000d6e80000,0x00000000d6e80000,0x00000000d7100000)
 ParOldGen       total 68608K, used 16014K [0x0000000080000000, 0x0000000084300000, 0x00000000d5580000)
  object space 68608K, 23% used [0x0000000080000000,0x0000000080fa3870,0x0000000084300000)
 Metaspace       used 32124K, committed 33152K, reserved 1114112K
  class space    used 3243K, committed 3712K, reserved 1048576K
}
Event: 36.003 GC heap before
{Heap before GC invocations=13 (full 1):
 PSYoungGen      total 24576K, used 24064K [0x00000000d5580000, 0x00000000d7100000, 0x0000000100000000)
  eden space 22016K, 100% used [0x00000000d5580000,0x00000000d6b00000,0x00000000d6b00000)
  from space 2560K, 80% used [0x00000000d6b80000,0x00000000d6d80010,0x00000000d6e00000)
  to   space 2560K, 0% used [0x00000000d6e80000,0x00000000d6e80000,0x00000000d7100000)
 ParOldGen       total 68608K, used 16014K [0x0000000080000000, 0x0000000084300000, 0x00000000d5580000)
  object space 68608K, 23% used [0x0000000080000000,0x0000000080fa3870,0x0000000084300000)
 Metaspace       used 32563K, committed 33600K, reserved 1114112K
  class space    used 3314K, committed 3776K, reserved 1048576K
}
Event: 36.011 GC heap after
{Heap after GC invocations=13 (full 1):
 PSYoungGen      total 23040K, used 2530K [0x00000000d5580000, 0x00000000d7500000, 0x0000000100000000)
  eden space 20480K, 0% used [0x00000000d5580000,0x00000000d5580000,0x00000000d6980000)
  from space 2560K, 98% used [0x00000000d6e80000,0x00000000d70f8860,0x00000000d7100000)
  to   space 5120K, 0% used [0x00000000d6980000,0x00000000d6980000,0x00000000d6e80000)
 ParOldGen       total 68608K, used 17990K [0x0000000080000000, 0x0000000084300000, 0x00000000d5580000)
  object space 68608K, 26% used [0x0000000080000000,0x0000000081191870,0x0000000084300000)
 Metaspace       used 32563K, committed 33600K, reserved 1114112K
  class space    used 3314K, committed 3776K, reserved 1048576K
}
Event: 36.543 GC heap before
{Heap before GC invocations=14 (full 1):
 PSYoungGen      total 23040K, used 23010K [0x00000000d5580000, 0x00000000d7500000, 0x0000000100000000)
  eden space 20480K, 100% used [0x00000000d5580000,0x00000000d6980000,0x00000000d6980000)
  from space 2560K, 98% used [0x00000000d6e80000,0x00000000d70f8860,0x00000000d7100000)
  to   space 5120K, 0% used [0x00000000d6980000,0x00000000d6980000,0x00000000d6e80000)
 ParOldGen       total 68608K, used 17990K [0x0000000080000000, 0x0000000084300000, 0x00000000d5580000)
  object space 68608K, 26% used [0x0000000080000000,0x0000000081191870,0x0000000084300000)
 Metaspace       used 32584K, committed 33600K, reserved 1114112K
  class space    used 3314K, committed 3776K, reserved 1048576K
}
Event: 36.552 GC heap after
{Heap after GC invocations=14 (full 1):
 PSYoungGen      total 23040K, used 2112K [0x00000000d5580000, 0x00000000d6f80000, 0x0000000100000000)
  eden space 20480K, 0% used [0x00000000d5580000,0x00000000d5580000,0x00000000d6980000)
  from space 2560K, 82% used [0x00000000d6980000,0x00000000d6b90000,0x00000000d6c00000)
  to   space 3072K, 0% used [0x00000000d6c80000,0x00000000d6c80000,0x00000000d6f80000)
 ParOldGen       total 68608K, used 20469K [0x0000000080000000, 0x0000000084300000, 0x00000000d5580000)
  object space 68608K, 29% used [0x0000000080000000,0x00000000813fd508,0x0000000084300000)
 Metaspace       used 32584K, committed 33600K, reserved 1114112K
  class space    used 3314K, committed 3776K, reserved 1048576K
}
Event: 37.093 GC heap before
{Heap before GC invocations=15 (full 1):
 PSYoungGen      total 23040K, used 22592K [0x00000000d5580000, 0x00000000d6f80000, 0x0000000100000000)
  eden space 20480K, 100% used [0x00000000d5580000,0x00000000d6980000,0x00000000d6980000)
  from space 2560K, 82% used [0x00000000d6980000,0x00000000d6b90000,0x00000000d6c00000)
  to   space 3072K, 0% used [0x00000000d6c80000,0x00000000d6c80000,0x00000000d6f80000)
 ParOldGen       total 68608K, used 20469K [0x0000000080000000, 0x0000000084300000, 0x00000000d5580000)
  object space 68608K, 29% used [0x0000000080000000,0x00000000813fd508,0x0000000084300000)
 Metaspace       used 32597K, committed 33600K, reserved 1114112K
  class space    used 3314K, committed 3776K, reserved 1048576K
}
Event: 37.110 GC heap after
{Heap after GC invocations=15 (full 1):
 PSYoungGen      total 22528K, used 2020K [0x00000000d5580000, 0x00000000d6e80000, 0x0000000100000000)
  eden space 20480K, 0% used [0x00000000d5580000,0x00000000d5580000,0x00000000d6980000)
  from space 2048K, 98% used [0x00000000d6c80000,0x00000000d6e79000,0x00000000d6e80000)
  to   space 2560K, 0% used [0x00000000d6980000,0x00000000d6980000,0x00000000d6c00000)
 ParOldGen       total 68608K, used 22499K [0x0000000080000000, 0x0000000084300000, 0x00000000d5580000)
  object space 68608K, 32% used [0x0000000080000000,0x00000000815f8eb8,0x0000000084300000)
 Metaspace       used 32597K, committed 33600K, reserved 1114112K
  class space    used 3314K, committed 3776K, reserved 1048576K
}
Event: 37.987 GC heap before
{Heap before GC invocations=16 (full 1):
 PSYoungGen      total 22528K, used 22500K [0x00000000d5580000, 0x00000000d6e80000, 0x0000000100000000)
  eden space 20480K, 100% used [0x00000000d5580000,0x00000000d6980000,0x00000000d6980000)
  from space 2048K, 98% used [0x00000000d6c80000,0x00000000d6e79000,0x00000000d6e80000)
  to   space 2560K, 0% used [0x00000000d6980000,0x00000000d6980000,0x00000000d6c00000)
 ParOldGen       total 68608K, used 22499K [0x0000000080000000, 0x0000000084300000, 0x00000000d5580000)
  object space 68608K, 32% used [0x0000000080000000,0x00000000815f8eb8,0x0000000084300000)
 Metaspace       used 32657K, committed 33728K, reserved 1114112K
  class space    used 3317K, committed 3776K, reserved 1048576K
}
Event: 37.994 GC heap after
{Heap after GC invocations=16 (full 1):
 PSYoungGen      total 23040K, used 2144K [0x00000000d5580000, 0x00000000d6e80000, 0x0000000100000000)
  eden space 20480K, 0% used [0x00000000d5580000,0x00000000d5580000,0x00000000d6980000)
  from space 2560K, 83% used [0x00000000d6980000,0x00000000d6b98010,0x00000000d6c00000)
  to   space 2560K, 0% used [0x00000000d6c00000,0x00000000d6c00000,0x00000000d6e80000)
 ParOldGen       total 68608K, used 24326K [0x0000000080000000, 0x0000000084300000, 0x00000000d5580000)
  object space 68608K, 35% used [0x0000000080000000,0x00000000817c1aa8,0x0000000084300000)
 Metaspace       used 32657K, committed 33728K, reserved 1114112K
  class space    used 3317K, committed 3776K, reserved 1048576K
}
Event: 38.617 GC heap before
{Heap before GC invocations=17 (full 1):
 PSYoungGen      total 23040K, used 22624K [0x00000000d5580000, 0x00000000d6e80000, 0x0000000100000000)
  eden space 20480K, 100% used [0x00000000d5580000,0x00000000d6980000,0x00000000d6980000)
  from space 2560K, 83% used [0x00000000d6980000,0x00000000d6b98010,0x00000000d6c00000)
  to   space 2560K, 0% used [0x00000000d6c00000,0x00000000d6c00000,0x00000000d6e80000)
 ParOldGen       total 68608K, used 24326K [0x0000000080000000, 0x0000000084300000, 0x00000000d5580000)
  object space 68608K, 35% used [0x0000000080000000,0x00000000817c1aa8,0x0000000084300000)
 Metaspace       used 32749K, committed 33792K, reserved 1114112K
  class space    used 3317K, committed 3776K, reserved 1048576K
}
Event: 38.625 GC heap after
{Heap after GC invocations=17 (full 1):
 PSYoungGen      total 22528K, used 1880K [0x00000000d5580000, 0x00000000d6e00000, 0x0000000100000000)
  eden space 20480K, 0% used [0x00000000d5580000,0x00000000d5580000,0x00000000d6980000)
  from space 2048K, 91% used [0x00000000d6c00000,0x00000000d6dd6200,0x00000000d6e00000)
  to   space 2048K, 0% used [0x00000000d6a00000,0x00000000d6a00000,0x00000000d6c00000)
 ParOldGen       total 68608K, used 26366K [0x0000000080000000, 0x0000000084300000, 0x00000000d5580000)
  object space 68608K, 38% used [0x0000000080000000,0x00000000819bfab8,0x0000000084300000)
 Metaspace       used 32749K, committed 33792K, reserved 1114112K
  class space    used 3317K, committed 3776K, reserved 1048576K
}
Event: 40.738 GC heap before
{Heap before GC invocations=18 (full 1):
 PSYoungGen      total 22528K, used 22360K [0x00000000d5580000, 0x00000000d6e00000, 0x0000000100000000)
  eden space 20480K, 100% used [0x00000000d5580000,0x00000000d6980000,0x00000000d6980000)
  from space 2048K, 91% used [0x00000000d6c00000,0x00000000d6dd6200,0x00000000d6e00000)
  to   space 2048K, 0% used [0x00000000d6a00000,0x00000000d6a00000,0x00000000d6c00000)
 ParOldGen       total 68608K, used 26389K [0x0000000080000000, 0x0000000084300000, 0x00000000d5580000)
  object space 68608K, 38% used [0x0000000080000000,0x00000000819c56c0,0x0000000084300000)
 Metaspace       used 33503K, committed 34496K, reserved 1114112K
  class space    used 3395K, committed 3840K, reserved 1048576K
}
Event: 40.747 GC heap after
{Heap after GC invocations=18 (full 1):
 PSYoungGen      total 22528K, used 1907K [0x00000000d5580000, 0x00000000d6d80000, 0x0000000100000000)
  eden space 20480K, 0% used [0x00000000d5580000,0x00000000d5580000,0x00000000d6980000)
  from space 2048K, 93% used [0x00000000d6a00000,0x00000000d6bdcc50,0x00000000d6c00000)
  to   space 1536K, 0% used [0x00000000d6c00000,0x00000000d6c00000,0x00000000d6d80000)
 ParOldGen       total 68608K, used 28182K [0x0000000080000000, 0x0000000084300000, 0x00000000d5580000)
  object space 68608K, 41% used [0x0000000080000000,0x0000000081b858c0,0x0000000084300000)
 Metaspace       used 33503K, committed 34496K, reserved 1114112K
  class space    used 3395K, committed 3840K, reserved 1048576K
}
Event: 41.434 GC heap before
{Heap before GC invocations=19 (full 1):
 PSYoungGen      total 22528K, used 9317K [0x00000000d5580000, 0x00000000d6d80000, 0x0000000100000000)
  eden space 20480K, 36% used [0x00000000d5580000,0x00000000d5cbc9c0,0x00000000d6980000)
  from space 2048K, 93% used [0x00000000d6a00000,0x00000000d6bdcc50,0x00000000d6c00000)
  to   space 1536K, 0% used [0x00000000d6c00000,0x00000000d6c00000,0x00000000d6d80000)
 ParOldGen       total 68608K, used 28182K [0x0000000080000000, 0x0000000084300000, 0x00000000d5580000)
  object space 68608K, 41% used [0x0000000080000000,0x0000000081b858c0,0x0000000084300000)
 Metaspace       used 34895K, committed 35840K, reserved 1114112K
  class space    used 3536K, committed 3968K, reserved 1048576K
}
Event: 41.443 GC heap after
{Heap after GC invocations=19 (full 1):
 PSYoungGen      total 20992K, used 454K [0x00000000d5580000, 0x00000000d6c80000, 0x0000000100000000)
  eden space 20480K, 0% used [0x00000000d5580000,0x00000000d5580000,0x00000000d6980000)
  from space 512K, 88% used [0x00000000d6c00000,0x00000000d6c71988,0x00000000d6c80000)
  to   space 1024K, 0% used [0x00000000d6a80000,0x00000000d6a80000,0x00000000d6b80000)
 ParOldGen       total 68608K, used 29823K [0x0000000080000000, 0x0000000084300000, 0x00000000d5580000)
  object space 68608K, 43% used [0x0000000080000000,0x0000000081d1fc30,0x0000000084300000)
 Metaspace       used 34895K, committed 35840K, reserved 1114112K
  class space    used 3536K, committed 3968K, reserved 1048576K
}
Event: 41.443 GC heap before
{Heap before GC invocations=20 (full 2):
 PSYoungGen      total 20992K, used 454K [0x00000000d5580000, 0x00000000d6c80000, 0x0000000100000000)
  eden space 20480K, 0% used [0x00000000d5580000,0x00000000d5580000,0x00000000d6980000)
  from space 512K, 88% used [0x00000000d6c00000,0x00000000d6c71988,0x00000000d6c80000)
  to   space 1024K, 0% used [0x00000000d6a80000,0x00000000d6a80000,0x00000000d6b80000)
 ParOldGen       total 68608K, used 29823K [0x0000000080000000, 0x0000000084300000, 0x00000000d5580000)
  object space 68608K, 43% used [0x0000000080000000,0x0000000081d1fc30,0x0000000084300000)
 Metaspace       used 34895K, committed 35840K, reserved 1114112K
  class space    used 3536K, committed 3968K, reserved 1048576K
}
Event: 41.663 GC heap after
{Heap after GC invocations=20 (full 2):
 PSYoungGen      total 20992K, used 0K [0x00000000d5580000, 0x00000000d6c80000, 0x0000000100000000)
  eden space 20480K, 0% used [0x00000000d5580000,0x00000000d5580000,0x00000000d6980000)
  from space 512K, 0% used [0x00000000d6c00000,0x00000000d6c00000,0x00000000d6c80000)
  to   space 1024K, 0% used [0x00000000d6a80000,0x00000000d6a80000,0x00000000d6b80000)
 ParOldGen       total 68608K, used 28285K [0x0000000080000000, 0x0000000084300000, 0x00000000d5580000)
  object space 68608K, 41% used [0x0000000080000000,0x0000000081b9f448,0x0000000084300000)
 Metaspace       used 34842K, committed 35840K, reserved 1114112K
  class space    used 3521K, committed 3968K, reserved 1048576K
}

Dll operation events (10 events):
Event: 0.136 Loaded shared library c:\Users\SAMPRASANNA S\.vscode\extensions\redhat.java-1.51.0-win32-x64\jre\21.0.9-win32-x86_64\bin\java.dll
Event: 0.311 Loaded shared library c:\Users\SAMPRASANNA S\.vscode\extensions\redhat.java-1.51.0-win32-x64\jre\21.0.9-win32-x86_64\bin\zip.dll
Event: 0.380 Loaded shared library C:\Users\SAMPRASANNA S\.vscode\extensions\redhat.java-1.51.0-win32-x64\jre\21.0.9-win32-x86_64\bin\instrument.dll
Event: 0.418 Loaded shared library C:\Users\SAMPRASANNA S\.vscode\extensions\redhat.java-1.51.0-win32-x64\jre\21.0.9-win32-x86_64\bin\net.dll
Event: 0.447 Loaded shared library C:\Users\SAMPRASANNA S\.vscode\extensions\redhat.java-1.51.0-win32-x64\jre\21.0.9-win32-x86_64\bin\nio.dll
Event: 0.466 Loaded shared library C:\Users\SAMPRASANNA S\.vscode\extensions\redhat.java-1.51.0-win32-x64\jre\21.0.9-win32-x86_64\bin\zip.dll
Event: 0.514 Loaded shared library C:\Users\SAMPRASANNA S\.vscode\extensions\redhat.java-1.51.0-win32-x64\jre\21.0.9-win32-x86_64\bin\jimage.dll
Event: 0.701 Loaded shared library c:\Users\SAMPRASANNA S\.vscode\extensions\redhat.java-1.51.0-win32-x64\jre\21.0.9-win32-x86_64\bin\verify.dll
Event: 10.742 Loaded shared library C:\Users\SAMPRASANNA S\AppData\Roaming\Code\User\globalStorage\redhat.java\1.51.0\config_ss_win\org.eclipse.equinox.launcher\org.eclipse.equinox.launcher.win32.win32.x86_64_1.2.1400.v20250801-0854\eclipse_11916.dll
Event: 20.233 Loaded shared library C:\Users\SAMPRASANNA S\AppData\Local\Temp\jna--529860986\jna9085759650988786651.dll

Deoptimization events (20 events):
Event: 41.121 Thread 0x0000018af84b0ba0 Uncommon trap: trap_request=0xffffff45 fr.pc=0x0000018aeb5e0724 relative=0x00000000000004c4
Event: 41.121 Thread 0x0000018af84b0ba0 Uncommon trap: reason=unstable_if action=reinterpret pc=0x0000018aeb5e0724 method=java.util.WeakHashMap.remove(Ljava/lang/Object;)Ljava/lang/Object; @ 92 c2
Event: 41.122 Thread 0x0000018af84b0ba0 DEOPT PACKING pc=0x0000018aeb5e0724 sp=0x00000008dbef9540
Event: 41.122 Thread 0x0000018af84b0ba0 DEOPT UNPACKING pc=0x0000018aeaef3aa2 sp=0x00000008dbef9468 mode 2
Event: 41.752 Thread 0x0000018af96b8a60 Uncommon trap: trap_request=0xffffffc6 fr.pc=0x0000018aeb6d8b70 relative=0x00000000000010f0
Event: 41.752 Thread 0x0000018af96b8a60 Uncommon trap: reason=bimorphic_or_optimized_type_check action=maybe_recompile pc=0x0000018aeb6d8b70 method=java.util.Properties$LineReader.readLine()I @ 479 c2
Event: 41.752 Thread 0x0000018af96b8a60 DEOPT PACKING pc=0x0000018aeb6d8b70 sp=0x00000008db8fdf20
Event: 41.752 Thread 0x0000018af96b8a60 DEOPT UNPACKING pc=0x0000018aeaef3aa2 sp=0x00000008db8fdea8 mode 2
Event: 41.846 Thread 0x0000018af96b8a60 DEOPT PACKING pc=0x0000018ae39cfde1 sp=0x00000008db8fe0f0
Event: 41.846 Thread 0x0000018af96b8a60 DEOPT UNPACKING pc=0x0000018aeaef4242 sp=0x00000008db8fd5b0 mode 0
Event: 41.847 Thread 0x0000018af96b8a60 Uncommon trap: trap_request=0xffffff45 fr.pc=0x0000018aeb539f98 relative=0x0000000000000358
Event: 41.847 Thread 0x0000018af96b8a60 Uncommon trap: reason=unstable_if action=reinterpret pc=0x0000018aeb539f98 method=org.eclipse.jdt.internal.compiler.parser.Parser.computeReverseTable([C[C[Ljava/lang/String;)[I @ 87 c2
Event: 41.847 Thread 0x0000018af96b8a60 DEOPT PACKING pc=0x0000018aeb539f98 sp=0x00000008db8fe100
Event: 41.847 Thread 0x0000018af96b8a60 DEOPT UNPACKING pc=0x0000018aeaef3aa2 sp=0x00000008db8fe0c0 mode 2
Event: 42.541 Thread 0x0000018af96b8a60 Uncommon trap: trap_request=0xffffff45 fr.pc=0x0000018aeb6d888c relative=0x0000000000000e0c
Event: 42.541 Thread 0x0000018af96b8a60 Uncommon trap: reason=unstable_if action=reinterpret pc=0x0000018aeb6d888c method=java.util.Properties$LineReader.readLine()I @ 182 c2
Event: 42.541 Thread 0x0000018af96b8a60 DEOPT PACKING pc=0x0000018aeb6d888c sp=0x00000008db8fda30
Event: 42.541 Thread 0x0000018af96b8a60 DEOPT UNPACKING pc=0x0000018aeaef3aa2 sp=0x00000008db8fd9c0 mode 2
Event: 44.131 Thread 0x0000018af84b0ba0 DEOPT PACKING pc=0x0000018ae3ef1f0d sp=0x00000008dbefc2e0
Event: 44.131 Thread 0x0000018af84b0ba0 DEOPT UNPACKING pc=0x0000018aeaef4242 sp=0x00000008dbefb790 mode 0

Classes loaded (20 events):
Event: 34.936 Loading class java/lang/invoke/MethodHandleImpl$CountingWrapper
Event: 34.936 Loading class java/lang/invoke/MethodHandleImpl$CountingWrapper done
Event: 35.155 Loading class java/util/AbstractList$ListItr
Event: 35.156 Loading class java/util/AbstractList$ListItr done
Event: 35.173 Loading class java/util/concurrent/locks/ReentrantReadWriteLock$Sync$HoldCounter
Event: 35.173 Loading class java/util/concurrent/locks/ReentrantReadWriteLock$Sync$HoldCounter done
Event: 35.201 Loading class java/nio/channels/Channels$ReadableByteChannelImpl
Event: 35.201 Loading class java/nio/channels/Channels$ReadableByteChannelImpl done
Event: 35.213 Loading class java/nio/channels/NonWritableChannelException
Event: 35.213 Loading class java/nio/channels/NonWritableChannelException done
Event: 37.433 Loading class java/lang/invoke/MethodHandleImpl$CountingWrapper$1
Event: 37.433 Loading class java/lang/invoke/MethodHandleImpl$CountingWrapper$1 done
Event: 39.512 Loading class java/util/zip/CheckedInputStream
Event: 39.513 Loading class java/util/zip/CheckedInputStream done
Event: 40.754 Loading class java/lang/ExceptionInInitializerError
Event: 40.754 Loading class java/lang/ExceptionInInitializerError done
Event: 42.036 Loading class sun/misc/Unsafe
Event: 42.038 Loading class sun/misc/Unsafe done
Event: 45.474 Loading class java/util/Vector$1
Event: 45.475 Loading class java/util/Vector$1 done

Classes unloaded (20 events):
Event: 41.536 Thread 0x0000018af8282640 Unloading class 0x0000018a8138f000 'java/lang/invoke/LambdaForm$MH+0x0000018a8138f000'
Event: 41.536 Thread 0x0000018af8282640 Unloading class 0x0000018a8138ec00 'java/lang/invoke/LambdaForm$MH+0x0000018a8138ec00'
Event: 41.536 Thread 0x0000018af8282640 Unloading class 0x0000018a8138e400 'java/lang/invoke/LambdaForm$MH+0x0000018a8138e400'
Event: 41.536 Thread 0x0000018af8282640 Unloading class 0x0000018a8138dc00 'java/lang/invoke/LambdaForm$MH+0x0000018a8138dc00'
Event: 41.536 Thread 0x0000018af8282640 Unloading class 0x0000018a8138d800 'java/lang/invoke/LambdaForm$MH+0x0000018a8138d800'
Event: 41.536 Thread 0x0000018af8282640 Unloading class 0x0000018a8138d400 'java/lang/invoke/LambdaForm$DMH+0x0000018a8138d400'
Event: 41.536 Thread 0x0000018af8282640 Unloading class 0x0000018a8138cc00 'java/lang/invoke/LambdaForm$DMH+0x0000018a8138cc00'
Event: 41.536 Thread 0x0000018af8282640 Unloading class 0x0000018a8138c400 'java/lang/invoke/LambdaForm$MH+0x0000018a8138c400'
Event: 41.536 Thread 0x0000018af8282640 Unloading class 0x0000018a81388800 'java/lang/invoke/LambdaForm$MH+0x0000018a81388800'
Event: 41.536 Thread 0x0000018af8282640 Unloading class 0x0000018a81388400 'java/lang/invoke/LambdaForm$MH+0x0000018a81388400'
Event: 41.536 Thread 0x0000018af8282640 Unloading class 0x0000018a81387c00 'java/lang/invoke/LambdaForm$MH+0x0000018a81387c00'
Event: 41.536 Thread 0x0000018af8282640 Unloading class 0x0000018a81387400 'java/lang/invoke/LambdaForm$MH+0x0000018a81387400'
Event: 41.536 Thread 0x0000018af8282640 Unloading class 0x0000018a81387000 'java/lang/invoke/LambdaForm$MH+0x0000018a81387000'
Event: 41.536 Thread 0x0000018af8282640 Unloading class 0x0000018a81386800 'java/lang/invoke/LambdaForm$MH+0x0000018a81386800'
Event: 41.536 Thread 0x0000018af8282640 Unloading class 0x0000018a81386400 'java/lang/invoke/LambdaForm$MH+0x0000018a81386400'
Event: 41.536 Thread 0x0000018af8282640 Unloading class 0x0000018a81385c00 'java/lang/invoke/LambdaForm$MH+0x0000018a81385c00'
Event: 41.536 Thread 0x0000018af8282640 Unloading class 0x0000018a81385800 'java/lang/invoke/LambdaForm$MH+0x0000018a81385800'
Event: 41.536 Thread 0x0000018af8282640 Unloading class 0x0000018a81385000 'java/lang/invoke/LambdaForm$MH+0x0000018a81385000'
Event: 41.536 Thread 0x0000018af8282640 Unloading class 0x0000018a81384c00 'java/lang/invoke/LambdaForm$MH+0x0000018a81384c00'
Event: 41.536 Thread 0x0000018af8282640 Unloading class 0x0000018a81384800 'java/lang/invoke/LambdaForm$DMH+0x0000018a81384800'

Classes redefined (0 events):
No events

Internal exceptions (20 events):
Event: 33.123 Thread 0x0000018af84b0ba0 Exception <a 'java/lang/NoSuchMethodError'{0x00000000d677e5a8}: 'java.lang.Object java.lang.invoke.DirectMethodHandle$Holder.invokeStaticInit(java.lang.Object, java.lang.Object, java.lang.Object, java.lang.Object, java.lang.Object, java.lang.Object, java.lang.Object)'> (0x00000000d677e5a8) 
thrown [s\src\hotspot\share\interpreter\linkResolver.cpp, line 773]
Event: 33.125 Thread 0x0000018af96b8a60 Exception <a 'java/lang/NoSuchMethodError'{0x00000000d67d6c60}: 'java.lang.Object java.lang.invoke.Invokers$Holder.invoke_MT(java.lang.Object, java.lang.Object, java.lang.Object, java.lang.Object, java.lang.Object, java.lang.Object, java.lang.Object, java.lang.Object, java.lang.Object, java.lang.Object)'> (0x00000000d67d6c60) 
thrown [s\src\hotspot\share\interpreter\linkResolver.cpp, line 773]
Event: 33.149 Thread 0x0000018af84b0510 Exception <a 'java/lang/NoSuchMethodError'{0x00000000d682fa50}: 'int java.lang.invoke.DirectMethodHandle$Holder.invokeVirtual(java.lang.Object, java.lang.Object, java.lang.Object)'> (0x00000000d682fa50) 
thrown [s\src\hotspot\share\interpreter\linkResolver.cpp, line 773]
Event: 33.151 Thread 0x0000018af84b0510 Exception <a 'java/lang/NoSuchMethodError'{0x00000000d6834050}: 'int java.lang.invoke.DirectMethodHandle$Holder.invokeStaticInit(java.lang.Object, int, int)'> (0x00000000d6834050) 
thrown [s\src\hotspot\share\interpreter\linkResolver.cpp, line 773]
Event: 33.153 Thread 0x0000018af84b0510 Exception <a 'java/lang/NoSuchMethodError'{0x00000000d683b7f8}: 'int java.lang.invoke.DirectMethodHandle$Holder.invokeStaticInit(java.lang.Object, long, long)'> (0x00000000d683b7f8) 
thrown [s\src\hotspot\share\interpreter\linkResolver.cpp, line 773]
Event: 33.158 Thread 0x0000018af84b0510 Exception <a 'java/lang/NoSuchMethodError'{0x00000000d6842820}: 'int java.lang.invoke.DirectMethodHandle$Holder.invokeStaticInit(java.lang.Object, float, float)'> (0x00000000d6842820) 
thrown [s\src\hotspot\share\interpreter\linkResolver.cpp, line 773]
Event: 33.160 Thread 0x0000018af84b0510 Exception <a 'java/lang/NoSuchMethodError'{0x00000000d6849a08}: 'int java.lang.invoke.DirectMethodHandle$Holder.invokeStaticInit(java.lang.Object, double, double)'> (0x00000000d6849a08) 
thrown [s\src\hotspot\share\interpreter\linkResolver.cpp, line 773]
Event: 33.161 Thread 0x0000018af84b0510 Exception <a 'java/lang/NoSuchMethodError'{0x00000000d684e220}: 'int java.lang.invoke.DirectMethodHandle$Holder.invokeStatic(java.lang.Object, long)'> (0x00000000d684e220) 
thrown [s\src\hotspot\share\interpreter\linkResolver.cpp, line 773]
Event: 33.170 Thread 0x0000018af84b0ba0 Exception <a 'java/lang/NoSuchMethodError'{0x00000000d687c928}: 'int java.lang.invoke.Invokers$Holder.linkToTargetMethod(java.lang.Object, java.lang.Object)'> (0x00000000d687c928) 
thrown [s\src\hotspot\share\interpreter\linkResolver.cpp, line 773]
Event: 33.170 Thread 0x0000018af84b0510 Exception <a 'java/lang/NoSuchMethodError'{0x00000000d6870db8}: 'int java.lang.invoke.Invokers$Holder.linkToTargetMethod(java.lang.Object, java.lang.Object)'> (0x00000000d6870db8) 
thrown [s\src\hotspot\share\interpreter\linkResolver.cpp, line 773]
Event: 33.171 Thread 0x0000018af96b8a60 Exception <a 'java/lang/NoSuchMethodError'{0x00000000d6895450}: 'int java.lang.invoke.Invokers$Holder.linkToTargetMethod(java.lang.Object, java.lang.Object)'> (0x00000000d6895450) 
thrown [s\src\hotspot\share\interpreter\linkResolver.cpp, line 773]
Event: 34.888 Thread 0x0000018af84b0ba0 Exception <a 'java/lang/NoSuchMethodError'{0x00000000d5e88ca8}: 'int java.lang.invoke.DirectMethodHandle$Holder.invokeSpecial(java.lang.Object, java.lang.Object, java.lang.Object, java.lang.Object)'> (0x00000000d5e88ca8) 
thrown [s\src\hotspot\share\interpreter\linkResolver.cpp, line 773]
Event: 34.888 Thread 0x0000018af96b8a60 Exception <a 'java/lang/NoSuchMethodError'{0x00000000d5ea3d18}: 'int java.lang.invoke.DirectMethodHandle$Holder.invokeSpecial(java.lang.Object, java.lang.Object, java.lang.Object, java.lang.Object)'> (0x00000000d5ea3d18) 
thrown [s\src\hotspot\share\interpreter\linkResolver.cpp, line 773]
Event: 34.934 Thread 0x0000018af96b8a60 Exception <a 'java/lang/NoSuchMethodError'{0x00000000d5eaed48}: 'java.lang.Object java.lang.invoke.DirectMethodHandle$Holder.invokeStatic(java.lang.Object, int, java.lang.Object, java.lang.Object)'> (0x00000000d5eaed48) 
thrown [s\src\hotspot\share\interpreter\linkResolver.cpp, line 773]
Event: 34.935 Thread 0x0000018af84b0ba0 Exception <a 'java/lang/NoSuchMethodError'{0x00000000d5e95ed0}: 'java.lang.Object java.lang.invoke.DirectMethodHandle$Holder.invokeStatic(java.lang.Object, int, java.lang.Object, java.lang.Object)'> (0x00000000d5e95ed0) 
thrown [s\src\hotspot\share\interpreter\linkResolver.cpp, line 773]
Event: 34.935 Thread 0x0000018af96b8a60 Exception <a 'java/lang/NoSuchMethodError'{0x00000000d5eb2a58}: 'java.lang.Object java.lang.invoke.DelegatingMethodHandle$Holder.delegate(java.lang.Object, int, java.lang.Object, java.lang.Object)'> (0x00000000d5eb2a58) 
thrown [s\src\hotspot\share\interpreter\linkResolver.cpp, line 773]
Event: 34.946 Thread 0x0000018af84b0ba0 Exception <a 'java/lang/NoSuchMethodError'{0x00000000d5e994c8}: 'java.lang.Object java.lang.invoke.DelegatingMethodHandle$Holder.delegate(java.lang.Object, int, java.lang.Object, java.lang.Object)'> (0x00000000d5e994c8) 
thrown [s\src\hotspot\share\interpreter\linkResolver.cpp, line 773]
Event: 34.951 Thread 0x0000018af96b8a60 Exception <a 'java/lang/NoSuchMethodError'{0x00000000d5f20c88}: 'int java.lang.invoke.Invokers$Holder.linkToTargetMethod(java.lang.Object, java.lang.Object, java.lang.Object)'> (0x00000000d5f20c88) 
thrown [s\src\hotspot\share\interpreter\linkResolver.cpp, line 773]
Event: 42.193 Thread 0x0000018af96b8a60 Exception <a 'java/lang/NoSuchMethodError'{0x00000000d567fe88}: 'java.lang.Object java.lang.invoke.DirectMethodHandle$Holder.invokeVirtual(java.lang.Object, java.lang.Object, int)'> (0x00000000d567fe88) 
thrown [s\src\hotspot\share\interpreter\linkResolver.cpp, line 773]
Event: 43.012 Thread 0x0000018af96b8a60 Exception <a 'java/lang/LinkageError'{0x00000000d594c198}: loader lombok.launch.ShadowClassLoader @72159833 attempted duplicate class definition for lombok.launch.PatchFixesHider$Transform. (lombok.launch.PatchFixesHider$Transform is in unnamed module of loader lombok.launch.ShadowClassLoader @72159833, parent loader org.eclipse.osgi.internal.loader.EquinoxClassLoader @5fe21f56)> (0x00000000d594c198) 
thrown [s\src\hotspot\share\classfile\systemDictionary.cpp, line 1682]

ZGC Phase Switch (0 events):
No events

VM Operations (20 events):
Event: 39.410 Executing VM operation: HandshakeAllThreads (Deoptimize)
Event: 39.415 Executing VM operation: HandshakeAllThreads (Deoptimize) done
Event: 39.448 Executing VM operation: HandshakeAllThreads (Deoptimize)
Event: 39.462 Executing VM operation: HandshakeAllThreads (Deoptimize) done
Event: 40.469 Executing VM operation: Cleanup
Event: 40.486 Executing VM operation: Cleanup done
Event: 40.665 Executing VM operation: HandshakeAllThreads (Deoptimize)
Event: 40.716 Executing VM operation: HandshakeAllThreads (Deoptimize) done
Event: 40.718 Executing VM operation: ParallelGCFailedAllocation (Allocation Failure)
Event: 40.718 Executing VM operation: ParallelGCFailedAllocation (Allocation Failure) done
Event: 40.738 Executing VM operation: ParallelGCSystemGC (GCLocker Initiated GC)
Event: 40.747 Executing VM operation: ParallelGCSystemGC (GCLocker Initiated GC) done
Event: 41.426 Executing VM operation: CollectForMetadataAllocation (Metadata GC Threshold)
Event: 41.663 Executing VM operation: CollectForMetadataAllocation (Metadata GC Threshold) done
Event: 42.310 Executing VM operation: HandshakeAllThreads (Deoptimize)
Event: 42.311 Executing VM operation: HandshakeAllThreads (Deoptimize) done
Event: 43.317 Executing VM operation: Cleanup
Event: 43.334 Executing VM operation: Cleanup done
Event: 45.343 Executing VM operation: Cleanup
Event: 45.343 Executing VM operation: Cleanup done

Memory protections (0 events):
No events

Nmethod flushes (20 events):
Event: 41.550 Thread 0x0000018af8282640 flushing  nmethod 0x0000018ae3d76090
Event: 41.550 Thread 0x0000018af8282640 flushing  nmethod 0x0000018ae3d76510
Event: 41.550 Thread 0x0000018af8282640 flushing  nmethod 0x0000018ae3d7c090
Event: 41.550 Thread 0x0000018af8282640 flushing  nmethod 0x0000018ae3dce210
Event: 41.550 Thread 0x0000018af8282640 flushing  nmethod 0x0000018ae3dee590
Event: 41.550 Thread 0x0000018af8282640 flushing  nmethod 0x0000018ae3deef90
Event: 41.550 Thread 0x0000018af8282640 flushing  nmethod 0x0000018ae3df5090
Event: 41.550 Thread 0x0000018af8282640 flushing  nmethod 0x0000018ae3e2ad90
Event: 41.550 Thread 0x0000018af8282640 flushing  nmethod 0x0000018ae3e5d790
Event: 41.550 Thread 0x0000018af8282640 flushing  nmethod 0x0000018ae3e5ed10
Event: 41.550 Thread 0x0000018af8282640 flushing  nmethod 0x0000018ae3e65510
Event: 41.550 Thread 0x0000018af8282640 flushing  nmethod 0x0000018ae3e66310
Event: 41.550 Thread 0x0000018af8282640 flushing  nmethod 0x0000018ae3e66890
Event: 41.550 Thread 0x0000018af8282640 flushing  nmethod 0x0000018ae3e67310
Event: 41.550 Thread 0x0000018af8282640 flushing  nmethod 0x0000018ae3e6b390
Event: 41.550 Thread 0x0000018af8282640 flushing  nmethod 0x0000018ae3e6cc10
Event: 41.550 Thread 0x0000018af8282640 flushing  nmethod 0x0000018ae3e6d310
Event: 41.550 Thread 0x0000018af8282640 flushing  nmethod 0x0000018ae3e76310
Event: 41.550 Thread 0x0000018af8282640 flushing  nmethod 0x0000018ae3e79510
Event: 41.550 Thread 0x0000018af8282640 flushing  nmethod 0x0000018ae3e7a290

Events (20 events):
Event: 30.266 Thread 0x0000018ade35eb50 Thread added: 0x0000018afe4abee0
Event: 30.267 Thread 0x0000018ade35eb50 Thread added: 0x0000018afe4ac570
Event: 30.267 Thread 0x0000018ade35eb50 Thread added: 0x0000018afe4acc00
Event: 30.267 Thread 0x0000018ade35eb50 Thread added: 0x0000018afe4ad290
Event: 30.267 Thread 0x0000018ade35eb50 Thread added: 0x0000018af84ae440
Event: 30.268 Thread 0x0000018ade35eb50 Thread added: 0x0000018af84af160
Event: 30.268 Thread 0x0000018ade35eb50 Thread added: 0x0000018af84ad090
Event: 30.274 Thread 0x0000018ade35eb50 Thread added: 0x0000018af84aca00
Event: 30.344 Thread 0x0000018ade35eb50 Thread added: 0x0000018af84af7f0
Event: 30.622 Thread 0x0000018af96b8a60 Thread added: 0x0000018af84ad720
Event: 30.629 Thread 0x0000018af839efc0 Thread exited: 0x0000018af839efc0
Event: 30.629 Thread 0x0000018af839e920 Thread exited: 0x0000018af839e920
Event: 30.862 Thread 0x0000018ade35eb50 Thread added: 0x0000018af84afe80
Event: 30.863 Thread 0x0000018ade35eb50 Thread added: 0x0000018af84b0ba0
Event: 32.312 Thread 0x0000018af84b0ba0 Thread added: 0x0000018af84b0510
Event: 32.724 Thread 0x0000018af829e100 Thread added: 0x0000018af8484570
Event: 33.475 Thread 0x0000018af8484570 Thread added: 0x0000018afe1b6b80
Event: 35.930 Thread 0x0000018afe1b6b80 Thread exited: 0x0000018afe1b6b80
Event: 36.137 Thread 0x0000018af8484570 Thread exited: 0x0000018af8484570
Event: 42.656 Thread 0x0000018af96b8a60 Thread added: 0x0000018af84addb0


Dynamic libraries:
0x00007ff756480000 - 0x00007ff75648e000 	c:\Users\SAMPRASANNA S\.vscode\extensions\redhat.java-1.51.0-win32-x64\jre\21.0.9-win32-x86_64\bin\java.exe
0x00007ffd4c460000 - 0x00007ffd4c6c7000 	C:\WINDOWS\SYSTEM32\ntdll.dll
0x00007ffd4c2f0000 - 0x00007ffd4c3b9000 	C:\WINDOWS\System32\KERNEL32.DLL
0x00007ffd495b0000 - 0x00007ffd4999f000 	C:\WINDOWS\System32\KERNELBASE.dll
0x00007ffd438f0000 - 0x00007ffd4398f000 	C:\WINDOWS\SYSTEM32\apphelp.dll
0x00007ffd49b30000 - 0x00007ffd49c7b000 	C:\WINDOWS\System32\ucrtbase.dll
0x00007ffd32990000 - 0x00007ffd329a8000 	c:\Users\SAMPRASANNA S\.vscode\extensions\redhat.java-1.51.0-win32-x64\jre\21.0.9-win32-x86_64\bin\jli.dll
0x00007ffd40f40000 - 0x00007ffd40f5e000 	c:\Users\SAMPRASANNA S\.vscode\extensions\redhat.java-1.51.0-win32-x64\jre\21.0.9-win32-x86_64\bin\VCRUNTIME140.dll
0x00007ffd4a210000 - 0x00007ffd4a3d5000 	C:\WINDOWS\System32\USER32.dll
0x00007ffd4a120000 - 0x00007ffd4a147000 	C:\WINDOWS\System32\win32u.dll
0x00007ffd4b660000 - 0x00007ffd4b68b000 	C:\WINDOWS\System32\GDI32.dll
0x00007ffd49c80000 - 0x00007ffd49dac000 	C:\WINDOWS\System32\gdi32full.dll
0x00007ffd4a150000 - 0x00007ffd4a1f3000 	C:\WINDOWS\System32\msvcp_win.dll
0x00007ffd35540000 - 0x00007ffd357d3000 	C:\WINDOWS\WinSxS\amd64_microsoft.windows.common-controls_6595b64144ccf1df_6.0.26100.7309_none_3e05feeae336a044\COMCTL32.dll
0x00007ffd4a630000 - 0x00007ffd4a6d9000 	C:\WINDOWS\System32\msvcrt.dll
0x00007ffd4b570000 - 0x00007ffd4b5a1000 	C:\WINDOWS\System32\IMM32.DLL
0x000000005e140000 - 0x000000005e14c000 	C:\Program Files (x86)\360\Total Security\safemon\SafeWrapper.dll
0x00007ffd4b0c0000 - 0x00007ffd4b174000 	C:\WINDOWS\System32\ADVAPI32.dll
0x00007ffd4a580000 - 0x00007ffd4a626000 	C:\WINDOWS\System32\sechost.dll
0x00007ffd4b3d0000 - 0x00007ffd4b4e8000 	C:\WINDOWS\System32\RPCRT4.dll
0x00007ffd1b090000 - 0x00007ffd1b13c000 	C:\Program Files (x86)\360\Total Security\safemon\libzdtp64.dll
0x00007ffd4b8c0000 - 0x00007ffd4c013000 	C:\WINDOWS\System32\SHELL32.dll
0x00007ffd49f20000 - 0x00007ffd4a08a000 	C:\WINDOWS\System32\wintypes.dll
0x00007ffd4a6e0000 - 0x00007ffd4aa66000 	C:\WINDOWS\System32\combase.dll
0x00007ffd4b690000 - 0x00007ffd4b6f6000 	C:\WINDOWS\System32\SHLWAPI.dll
0x00007ffd48e90000 - 0x00007ffd48e9b000 	C:\WINDOWS\SYSTEM32\VERSION.dll
0x00007ffd40f30000 - 0x00007ffd40f3c000 	c:\Users\SAMPRASANNA S\.vscode\extensions\redhat.java-1.51.0-win32-x64\jre\21.0.9-win32-x86_64\bin\vcruntime140_1.dll
0x00007ffd1df10000 - 0x00007ffd1df9d000 	c:\Users\SAMPRASANNA S\.vscode\extensions\redhat.java-1.51.0-win32-x64\jre\21.0.9-win32-x86_64\bin\msvcp140.dll
0x00007ffcbf030000 - 0x00007ffcbfdd0000 	c:\Users\SAMPRASANNA S\.vscode\extensions\redhat.java-1.51.0-win32-x64\jre\21.0.9-win32-x86_64\bin\server\jvm.dll
0x00007ffd4b4f0000 - 0x00007ffd4b564000 	C:\WINDOWS\System32\WS2_32.dll
0x00007ffd49410000 - 0x00007ffd4946e000 	C:\WINDOWS\SYSTEM32\POWRPROF.dll
0x00007ffd41850000 - 0x00007ffd41885000 	C:\WINDOWS\SYSTEM32\WINMM.dll
0x00007ffd493f0000 - 0x00007ffd49404000 	C:\WINDOWS\SYSTEM32\UMPDC.dll
0x00007ffd482f0000 - 0x00007ffd4830b000 	C:\WINDOWS\SYSTEM32\kernel.appcore.dll
0x00007ffd3f030000 - 0x00007ffd3f03a000 	c:\Users\SAMPRASANNA S\.vscode\extensions\redhat.java-1.51.0-win32-x64\jre\21.0.9-win32-x86_64\bin\jimage.dll
0x00007ffd46c40000 - 0x00007ffd46e82000 	C:\WINDOWS\SYSTEM32\DBGHELP.DLL
0x00007ffd4b2f0000 - 0x00007ffd4b3c6000 	C:\WINDOWS\System32\OLEAUT32.dll
0x00007ffd32850000 - 0x00007ffd3288c000 	C:\WINDOWS\SYSTEM32\dbgcore.DLL
0x00007ffd49db0000 - 0x00007ffd49e55000 	C:\WINDOWS\System32\bcryptPrimitives.dll
0x00007ffd344f0000 - 0x00007ffd344ff000 	c:\Users\SAMPRASANNA S\.vscode\extensions\redhat.java-1.51.0-win32-x64\jre\21.0.9-win32-x86_64\bin\instrument.dll
0x00007ffd32970000 - 0x00007ffd32990000 	c:\Users\SAMPRASANNA S\.vscode\extensions\redhat.java-1.51.0-win32-x64\jre\21.0.9-win32-x86_64\bin\java.dll
0x00007ffd47110000 - 0x00007ffd4796e000 	C:\WINDOWS\SYSTEM32\windows.storage.dll
0x00007ffd4b700000 - 0x00007ffd4b7f5000 	C:\WINDOWS\System32\SHCORE.dll
0x00007ffd494d0000 - 0x00007ffd494f9000 	C:\WINDOWS\SYSTEM32\profapi.dll
0x00007ffd32890000 - 0x00007ffd328a8000 	c:\Users\SAMPRASANNA S\.vscode\extensions\redhat.java-1.51.0-win32-x64\jre\21.0.9-win32-x86_64\bin\zip.dll
0x00007ffd32c70000 - 0x00007ffd32c80000 	C:\Users\SAMPRASANNA S\.vscode\extensions\redhat.java-1.51.0-win32-x64\jre\21.0.9-win32-x86_64\bin\net.dll
0x00007ffd34010000 - 0x00007ffd34138000 	C:\WINDOWS\SYSTEM32\WINHTTP.dll
0x00007ffd48860000 - 0x00007ffd488cb000 	C:\WINDOWS\system32\mswsock.dll
0x00007ffd328b0000 - 0x00007ffd328c6000 	C:\Users\SAMPRASANNA S\.vscode\extensions\redhat.java-1.51.0-win32-x64\jre\21.0.9-win32-x86_64\bin\nio.dll
0x00007ffd32000000 - 0x00007ffd32010000 	c:\Users\SAMPRASANNA S\.vscode\extensions\redhat.java-1.51.0-win32-x64\jre\21.0.9-win32-x86_64\bin\verify.dll
0x00007ffd22b80000 - 0x00007ffd22bc4000 	C:\Users\SAMPRASANNA S\AppData\Roaming\Code\User\globalStorage\redhat.java\1.51.0\config_ss_win\org.eclipse.equinox.launcher\org.eclipse.equinox.launcher.win32.win32.x86_64_1.2.1400.v20250801-0854\eclipse_11916.dll
0x00007ffd4a3e0000 - 0x00007ffd4a577000 	C:\WINDOWS\System32\ole32.dll
0x00007ffd48b20000 - 0x00007ffd48b3b000 	C:\WINDOWS\SYSTEM32\CRYPTSP.dll
0x00007ffd48250000 - 0x00007ffd4828a000 	C:\WINDOWS\system32\rsaenh.dll
0x00007ffd48910000 - 0x00007ffd4893b000 	C:\WINDOWS\SYSTEM32\USERENV.dll
0x00007ffd494a0000 - 0x00007ffd494ca000 	C:\WINDOWS\SYSTEM32\bcrypt.dll
0x00007ffd48b40000 - 0x00007ffd48b4c000 	C:\WINDOWS\SYSTEM32\CRYPTBASE.dll
0x00007ffd47cc0000 - 0x00007ffd47cf4000 	C:\WINDOWS\SYSTEM32\IPHLPAPI.DLL
0x00007ffd4c260000 - 0x00007ffd4c26a000 	C:\WINDOWS\System32\NSI.dll
0x00007ffd1b590000 - 0x00007ffd1b5d9000 	C:\Users\SAMPRASANNA S\AppData\Local\Temp\jna--529860986\jna9085759650988786651.dll
0x00007ffd4a200000 - 0x00007ffd4a208000 	C:\WINDOWS\System32\PSAPI.DLL
0x00007ffd34250000 - 0x00007ffd3426e000 	C:\WINDOWS\SYSTEM32\dhcpcsvc6.DLL
0x00007ffd341a0000 - 0x00007ffd341c3000 	C:\WINDOWS\SYSTEM32\dhcpcsvc.DLL

JVMTI agents:
c:\Users\SAMPRASANNA S\.vscode\extensions\redhat.java-1.51.0-win32-x64\lombok\lombok-1.18.39-4050.jar path:c:\Users\SAMPRASANNA S\.vscode\extensions\redhat.java-1.51.0-win32-x64\jre\21.0.9-win32-x86_64\bin\instrument.dll, loaded, initialized, instrumentlib options:none

dbghelp: loaded successfully - version: 4.0.5 - missing functions: none
symbol engine: initialized successfully - sym options: 0x614 - pdb path: .;c:\Users\SAMPRASANNA S\.vscode\extensions\redhat.java-1.51.0-win32-x64\jre\21.0.9-win32-x86_64\bin;C:\WINDOWS\SYSTEM32;C:\WINDOWS\WinSxS\amd64_microsoft.windows.common-controls_6595b64144ccf1df_6.0.26100.7309_none_3e05feeae336a044;C:\Program Files (x86)\360\Total Security\safemon;c:\Users\SAMPRASANNA S\.vscode\extensions\redhat.java-1.51.0-win32-x64\jre\21.0.9-win32-x86_64\bin\server;C:\Users\SAMPRASANNA S\AppData\Roaming\Code\User\globalStorage\redhat.java\1.51.0\config_ss_win\org.eclipse.equinox.launcher\org.eclipse.equinox.launcher.win32.win32.x86_64_1.2.1400.v20250801-0854;C:\Users\SAMPRASANNA S\AppData\Local\Temp\jna--529860986

VM Arguments:
jvm_args: --add-modules=ALL-SYSTEM --add-opens=java.base/java.util=ALL-UNNAMED --add-opens=java.base/java.lang=ALL-UNNAMED --add-opens=java.base/sun.nio.fs=ALL-UNNAMED -Declipse.application=org.eclipse.jdt.ls.core.id1 -Dosgi.bundles.defaultStartLevel=4 -Declipse.product=org.eclipse.jdt.ls.core.product -Djava.import.generatesMetadataFilesAtProjectRoot=false -DDetectVMInstallationsJob.disabled=true -Dfile.encoding=utf8 -XX:+UseParallelGC -XX:GCTimeRatio=4 -XX:AdaptiveSizePolicyWeight=90 -Dsun.zip.disableMemoryMapping=true -Xmx2G -Xms100m -Xlog:disable -javaagent:c:\Users\SAMPRASANNA S\.vscode\extensions\redhat.java-1.51.0-win32-x64\lombok\lombok-1.18.39-4050.jar 
java_command: c:\Users\SAMPRASANNA S\.vscode\extensions\redhat.java-1.51.0-win32-x64\server\plugins\org.eclipse.equinox.launcher_1.7.100.v20251111-0406.jar -configuration c:\Users\SAMPRASANNA S\AppData\Roaming\Code\User\globalStorage\redhat.java\1.51.0\config_ss_win -data c:\Users\SAMPRASANNA S\AppData\Roaming\Code\User\workspaceStorage\a4d4ee278766ad791ef8b882ac092dc4\redhat.java\ss_ws --pipe=\\.\pipe\lsp-009ab00b3aa4a4c04a9af277cd7a6128-sock
java_class_path (initial): c:\Users\SAMPRASANNA S\.vscode\extensions\redhat.java-1.51.0-win32-x64\server\plugins\org.eclipse.equinox.launcher_1.7.100.v20251111-0406.jar
Launcher Type: SUN_STANDARD

[Global flags]
    uintx AdaptiveSizePolicyWeight                 = 90                                        {product} {command line}
     intx CICompilerCount                          = 4                                         {product} {ergonomic}
    uintx GCTimeRatio                              = 4                                         {product} {command line}
   size_t InitialHeapSize                          = 104857600                                 {product} {command line}
   size_t MaxHeapSize                              = 2147483648                                {product} {command line}
   size_t MaxNewSize                               = 715653120                                 {product} {ergonomic}
   size_t MinHeapDeltaBytes                        = 524288                                    {product} {ergonomic}
   size_t MinHeapSize                              = 104857600                                 {product} {command line}
   size_t NewSize                                  = 34603008                                  {product} {ergonomic}
    uintx NonNMethodCodeHeapSize                   = 5839372                                {pd product} {ergonomic}
    uintx NonProfiledCodeHeapSize                  = 122909434                              {pd product} {ergonomic}
   size_t OldSize                                  = 70254592                                  {product} {ergonomic}
    uintx ProfiledCodeHeapSize                     = 122909434                              {pd product} {ergonomic}
    uintx ReservedCodeCacheSize                    = 251658240                              {pd product} {ergonomic}
     bool SegmentedCodeCache                       = true                                      {product} {ergonomic}
   size_t SoftMaxHeapSize                          = 2147483648                             {manageable} {ergonomic}
     bool UseCompressedOops                        = true                           {product lp64_product} {ergonomic}
     bool UseLargePagesIndividualAllocation        = false                                  {pd product} {ergonomic}
     bool UseParallelGC                            = true                                      {product} {command line}

Logging:
Log output configuration:
 #0: stdout all=off uptime,level,tags foldmultilines=false
 #1: stderr all=off uptime,level,tags foldmultilines=false

Release file:
JAVA_VERSION="21.0.9" 
MODULES="java.base java.compiler java.datatransfer java.xml java.prefs java.desktop java.instrument java.logging java.management java.security.sasl java.naming java.rmi java.management.rmi java.net.http java.scripting java.security.jgss java.transaction.xa java.sql java.sql.rowset java.xml.crypto java.se java.smartcardio jdk.accessibility jdk.internal.jvmstat jdk.attach jdk.charsets jdk.internal.opt jdk.zipfs jdk.compiler jdk.crypto.ec jdk.crypto.cryptoki jdk.crypto.mscapi jdk.dynalink jdk.internal.ed jdk.editpad jdk.hotspot.agent jdk.httpserver jdk.internal.le jdk.internal.vm.ci jdk.internal.vm.compiler jdk.internal.vm.compiler.management jdk.jartool jdk.javadoc jdk.jcmd jdk.management jdk.management.agent jdk.jconsole jdk.jdeps jdk.jdwp.agent jdk.jdi jdk.jfr jdk.jshell jdk.jsobject jdk.jstatd jdk.localedata jdk.management.jfr jdk.naming.dns jdk.naming.rmi jdk.net jdk.nio.mapmode jdk.random jdk.sctp jdk.security.auth jdk.security.jgss jdk.unsupported jdk.unsupported.desktop jdk.xml.dom" 

Environment Variables:
PATH=C:\Program Files\Common Files\Oracle\Java\javapath;C:\Program Files\Python312\Scripts\;C:\Program Files\Python312\;C:\WINDOWS\system32;C:\WINDOWS;C:\WINDOWS\System32\Wbem;C:\WINDOWS\System32\WindowsPowerShell\v1.0\;C:\WINDOWS\System32\OpenSSH\;C:\Program Files\nodejs\;C:\Program Files\dotnet\;C:\Program Files\Docker\Docker\resources\bin;C:\Program Files (x86)\Windows Kits\10\Windows Performance Toolkit\;C:\Program Files\Git\cmd;C:\Users\SAMPRASANNA S\AppData\Local\Microsoft\WindowsApps;C:\Users\SAMPRASANNA S\AppData\Local\Programs\Microsoft VS Code\bin;C:\Users\SAMPRASANNA S\AppData\Roaming\npm;C:\Users\SAMPRASANNA S\AppData\Local\GitHubDesktop\bin;
USERNAME=SAMPRASANNA S
OS=Windows_NT
PROCESSOR_IDENTIFIER=Intel64 Family 6 Model 186 Stepping 3, GenuineIntel
TMP=C:\Users\SAMPRA~1\AppData\Local\Temp
TEMP=C:\Users\SAMPRA~1\AppData\Local\Temp




Periodic native trim disabled

---------------  S Y S T E M  ---------------

OS:
 Windows 11 , 64 bit Build 26100 (10.0.26100.7623)
OS uptime: 0 days 16:11 hours
Hyper-V role detected

CPU: total 12 (initial active 12) (6 cores per cpu, 2 threads per core) family 6 model 186 stepping 3 microcode 0x4121, cx8, cmov, fxsr, ht, mmx, 3dnowpref, sse, sse2, sse3, ssse3, sse4.1, sse4.2, popcnt, lzcnt, tsc, tscinvbit, avx, avx2, aes, erms, clmul, bmi1, bmi2, adx, sha, fma, vzeroupper, clflush, clflushopt, clwb, hv, serialize, rdtscp, rdpid, fsrm, f16c, cet_ibt, cet_ss
Processor Information for processor 0
  Max Mhz: 1300, Current Mhz: 1300, Mhz Limit: 1300
Processor Information for processor 1
  Max Mhz: 1300, Current Mhz: 1300, Mhz Limit: 1300
Processor Information for processor 2
  Max Mhz: 1300, Current Mhz: 1300, Mhz Limit: 1300
Processor Information for processor 3
  Max Mhz: 1300, Current Mhz: 1300, Mhz Limit: 1300
Processor Information for processor 4
  Max Mhz: 1300, Current Mhz: 900, Mhz Limit: 897
Processor Information for processor 5
  Max Mhz: 1300, Current Mhz: 900, Mhz Limit: 897
Processor Information for processor 6
  Max Mhz: 1300, Current Mhz: 900, Mhz Limit: 897
Processor Information for processor 7
  Max Mhz: 1300, Current Mhz: 900, Mhz Limit: 897
Processor Information for processor 8
  Max Mhz: 1300, Current Mhz: 900, Mhz Limit: 897
Processor Information for processor 9
  Max Mhz: 1300, Current Mhz: 900, Mhz Limit: 897
Processor Information for processor 10
  Max Mhz: 1300, Current Mhz: 900, Mhz Limit: 897
Processor Information for processor 11
  Max Mhz: 1300, Current Mhz: 900, Mhz Limit: 897

Memory: 4k page, system-wide physical 16027M (5227M free)
TotalPageFile size 16027M (AvailPageFile size 26M)
current process WorkingSet (physical memory assigned to process): 173M, peak: 202M
current process commit charge ("private bytes"): 286M, peak: 333M

vm_info: OpenJDK 64-Bit Server VM (21.0.9+10-LTS) for windows-amd64 JRE (21.0.9+10-LTS), built on 2025-10-21T00:00:00Z by "admin" with unknown MS VC++:1942

END.
