#
# There is insufficient memory for the Java Runtime Environment to continue.
# Native memory allocation (malloc) failed to allocate 1048576 bytes. Error detail: AllocateHeap
# Possible reasons:
#   The system is out of physical RAM or swap space
#   This process is running with CompressedOops enabled, and the Java Heap may be blocking the growth of the native heap
# Possible solutions:
#   Reduce memory load on the system
#   Increase physical memory or swap space
#   Check if swap backing store is full
#   Decrease Java heap size (-Xmx/-Xms)
#   Decrease number of Java threads
#   Decrease Java thread stack sizes (-Xss)
#   Set larger code cache with -XX:ReservedCodeCacheSize=
#   JVM is running with Unscaled Compressed Oops mode in which the Java heap is
#     placed in the first 4GB address space. The Java Heap base address is the
#     maximum limit for the native heap growth. Please use -XX:HeapBaseMinAddress
#     to set the Java Heap base and to place the Java Heap above 4GB virtual address.
# This output file may be truncated or incomplete.
#
#  Out of Memory Error (allocation.cpp:44), pid=40176, tid=40196
#
# JRE version:  (21.0.9+10) (build )
# Java VM: OpenJDK 64-Bit Server VM (21.0.9+10-LTS, mixed mode, sharing, tiered, compressed oops, compressed class ptrs, parallel gc, windows-amd64)
# No core dump will be written. Minidumps are not enabled by default on client versions of Windows
#

---------------  S U M M A R Y ------------

Command Line: --add-modules=ALL-SYSTEM --add-opens=java.base/java.util=ALL-UNNAMED --add-opens=java.base/java.lang=ALL-UNNAMED --add-opens=java.base/sun.nio.fs=ALL-UNNAMED -Declipse.application=org.eclipse.jdt.ls.core.id1 -Dosgi.bundles.defaultStartLevel=4 -Declipse.product=org.eclipse.jdt.ls.core.product -Djava.import.generatesMetadataFilesAtProjectRoot=false -DDetectVMInstallationsJob.disabled=true -Dfile.encoding=utf8 -XX:+UseParallelGC -XX:GCTimeRatio=4 -XX:AdaptiveSizePolicyWeight=90 -Dsun.zip.disableMemoryMapping=true -Xmx2G -Xms100m -Xlog:disable -javaagent:c:\Users\SAMPRASANNA S\.vscode\extensions\redhat.java-1.51.0-win32-x64\lombok\lombok-1.18.39-4050.jar -XX:+HeapDumpOnOutOfMemoryError -XX:HeapDumpPath=c:\Users\SAMPRASANNA S\AppData\Roaming\Code\User\workspaceStorage\a4d4ee278766ad791ef8b882ac092dc4\redhat.java -Daether.dependencyCollector.impl=bf c:\Users\SAMPRASANNA S\.vscode\extensions\redhat.java-1.51.0-win32-x64\server\plugins\org.eclipse.equinox.launcher_1.7.100.v20251111-0406.jar -configuration c:\Users\SAMPRASANNA S\AppData\Roaming\Code\User\globalStorage\redhat.java\1.51.0\config_win -data c:\Users\SAMPRASANNA S\AppData\Roaming\Code\User\workspaceStorage\a4d4ee278766ad791ef8b882ac092dc4\redhat.java\jdt_ws --pipe=\\.\pipe\lsp-fcdcf4933b0b3b8cbd3e6a2770fe195c-sock

Host: 13th Gen Intel(R) Core(TM) i5-1335U, 12 cores, 15G,  Windows 11 , 64 bit Build 26100 (10.0.26100.6725)
Time: Wed Jan 21 12:14:28 2026 India Standard Time elapsed time: 1.129724 seconds (0d 0h 0m 1s)

---------------  T H R E A D  ---------------

Current thread (0x0000026d61e33000):  JavaThread "Unknown thread" [_thread_in_vm, id=40196, stack(0x0000008486100000,0x0000008486200000) (1024K)]

Stack: [0x0000008486100000,0x0000008486200000]
Native frames: (J=compiled Java code, j=interpreted, Vv=VM code, C=native code)
V  [jvm.dll+0x6d6e29]
V  [jvm.dll+0x8b4b76]
V  [jvm.dll+0x8b712e]
V  [jvm.dll+0x8b7813]
V  [jvm.dll+0x283d86]
V  [jvm.dll+0xc1277]
V  [jvm.dll+0x71457d]
V  [jvm.dll+0x714c3c]
V  [jvm.dll+0x6e59c8]
V  [jvm.dll+0x87e58c]
V  [jvm.dll+0x3c42fc]
V  [jvm.dll+0x86727b]
V  [jvm.dll+0x457391]
V  [jvm.dll+0x458f81]
C  [jli.dll+0x52d0]
C  [ucrtbase.dll+0x37b0]
C  [KERNEL32.DLL+0x2e8d7]
C  [ntdll.dll+0x8c53c]


---------------  P R O C E S S  ---------------

Threads class SMR info:
_java_thread_list=0x0000026d6431ebb0, length=1, elements={
0x0000026d61e33000
}

Java Threads: ( => current thread )
=>0x0000026d61e33000 JavaThread "Unknown thread"             [_thread_in_vm, id=40196, stack(0x0000008486100000,0x0000008486200000) (1024K)]
Total: 1

Other Threads:
  0x0000026d6415ca00 WatcherThread "VM Periodic Task Thread"        [id=40208, stack(0x0000008486300000,0x0000008486400000) (1024K)]
  0x0000026d64313c30 WorkerThread "GC Thread#0"                     [id=40200, stack(0x0000008486200000,0x0000008486300000) (1024K)]
Total: 2

Threads with active compile tasks:
Total: 0

VM state: not at safepoint (normal execution)

VM Mutex/Monitor currently owned by a thread: None

Heap address: 0x0000000080000000, size: 2048 MB, Compressed Oops mode: 32-bit

CDS archive(s) mapped at: [0x0000026d00000000-0x0000026d00ba0000-0x0000026d00ba0000), size 12189696, SharedBaseAddress: 0x0000026d00000000, ArchiveRelocationMode: 1.
Compressed class space mapped at: 0x0000026d01000000-0x0000026d41000000, reserved size: 1073741824
Narrow klass base: 0x0000026d00000000, Narrow klass shift: 0, Narrow klass range: 0x100000000

GC Precious Log:
 CardTable entry size: 512
 CPUs: 12 total, 12 available
 Memory: 16027M
 Large Page Support: Disabled
 NUMA Support: Disabled
 Compressed Oops: Enabled (32-bit)
 Alignments: Space 512K, Generation 512K, Heap 2M
 Heap Min Capacity: 100M
 Heap Initial Capacity: 100M
 Heap Max Capacity: 2G
 Pre-touch: Disabled
 Parallel Workers: 10

Heap:
 PSYoungGen      total 29696K, used 512K [0x00000000d5580000, 0x00000000d7680000, 0x0000000100000000)
  eden space 25600K, 2% used [0x00000000d5580000,0x00000000d5600020,0x00000000d6e80000)
  from space 4096K, 0% used [0x00000000d7280000,0x00000000d7280000,0x00000000d7680000)
  to   space 4096K, 0% used [0x00000000d6e80000,0x00000000d6e80000,0x00000000d7280000)
 ParOldGen       total 68608K, used 0K [0x0000000080000000, 0x0000000084300000, 0x00000000d5580000)
  object space 68608K, 0% used [0x0000000080000000,0x0000000080000000,0x0000000084300000)
 Metaspace       used 0K, committed 0K, reserved 1048576K
  class space    used 0K, committed 0K, reserved 1048576K

Card table byte_map: [0x0000026d63c70000,0x0000026d64080000] _byte_map_base: 0x0000026d63870000

Marking Bits: (ParMarkBitMap*) 0x00007ffde0542460
 Begin Bits: [0x0000026d76780000, 0x0000026d78780000)
 End Bits:   [0x0000026d78780000, 0x0000026d7a780000)

Polling page: 0x0000026d638d0000

Metaspace:

Usage:
  Non-class:      0 bytes used.
      Class:      0 bytes used.
       Both:      0 bytes used.

Virtual space:
  Non-class space:        0 bytes reserved,       0 bytes (  ?%) committed,  0 nodes.
      Class space:        1.00 GB reserved,       0 bytes (  0%) committed,  1 nodes.
             Both:        1.00 GB reserved,       0 bytes (  0%) committed. 

Chunk freelists:
   Non-Class:  0 bytes
       Class:  16.00 MB
        Both:  16.00 MB

MaxMetaspaceSize: unlimited
CompressedClassSpaceSize: 1.00 GB
Initial GC threshold: 21.00 MB
Current GC threshold: 17179869184.00 GB
CDS: on
 - commit_granule_bytes: 65536.
 - commit_granule_words: 8192.
 - virtual_space_node_default_size: 8388608.
 - enlarge_chunks_in_place: 1.
 - use_allocation_guard: 0.


Internal statistics:

num_allocs_failed_limit: 0.
num_arena_births: 0.
num_arena_deaths: 0.
num_vsnodes_births: 1.
num_vsnodes_deaths: 0.
num_space_committed: 0.
num_space_uncommitted: 0.
num_chunks_returned_to_freelist: 0.
num_chunks_taken_from_freelist: 1.
num_chunk_merges: 0.
num_chunk_splits: 1.
num_chunks_enlarged: 0.
num_inconsistent_stats: 0.

CodeHeap 'non-profiled nmethods': size=120000Kb used=0Kb max_used=0Kb free=120000Kb
 bounds [0x0000026d6efa0000, 0x0000026d6f210000, 0x0000026d764d0000]
CodeHeap 'profiled nmethods': size=120000Kb used=0Kb max_used=0Kb free=120000Kb
 bounds [0x0000026d674d0000, 0x0000026d67740000, 0x0000026d6ea00000]
CodeHeap 'non-nmethods': size=5760Kb used=194Kb max_used=342Kb free=5565Kb
 bounds [0x0000026d6ea00000, 0x0000026d6ec70000, 0x0000026d6efa0000]
CodeCache: size=245760Kb, used=194Kb, max_used=342Kb, free=245565Kb
 total_blobs=70, nmethods=0, adapters=48, full_count=0
Compilation: enabled, stopped_count=0, restarted_count=0

Compilation events (0 events):
No events

GC Heap History (0 events):
No events

Dll operation events (1 events):
Event: 0.038 Loaded shared library c:\Users\SAMPRASANNA S\.vscode\extensions\redhat.java-1.51.0-win32-x64\jre\21.0.9-win32-x86_64\bin\java.dll

Deoptimization events (0 events):
No events

Classes loaded (0 events):
No events

Classes unloaded (0 events):
No events

Classes redefined (0 events):
No events

Internal exceptions (0 events):
No events

ZGC Phase Switch (0 events):
No events

VM Operations (0 events):
No events

Memory protections (0 events):
No events

Nmethod flushes (0 events):
No events

Events (1 events):
Event: 0.085 Thread 0x0000026d61e33000 Thread added: 0x0000026d61e33000


Dynamic libraries:
0x00007ff7bd290000 - 0x00007ff7bd29e000 	c:\Users\SAMPRASANNA S\.vscode\extensions\redhat.java-1.51.0-win32-x64\jre\21.0.9-win32-x86_64\bin\java.exe
0x00007ffe87b60000 - 0x00007ffe87dc8000 	C:\WINDOWS\SYSTEM32\ntdll.dll
0x00007ffe85d40000 - 0x00007ffe85e09000 	C:\WINDOWS\System32\KERNEL32.DLL
0x00007ffe84cf0000 - 0x00007ffe850e2000 	C:\WINDOWS\System32\KERNELBASE.dll
0x00007ffe85730000 - 0x00007ffe8587b000 	C:\WINDOWS\System32\ucrtbase.dll
0x00007ffe3a940000 - 0x00007ffe3a95e000 	c:\Users\SAMPRASANNA S\.vscode\extensions\redhat.java-1.51.0-win32-x64\jre\21.0.9-win32-x86_64\bin\VCRUNTIME140.dll
0x00007ffe36380000 - 0x00007ffe36398000 	c:\Users\SAMPRASANNA S\.vscode\extensions\redhat.java-1.51.0-win32-x64\jre\21.0.9-win32-x86_64\bin\jli.dll
0x00007ffe87340000 - 0x00007ffe87505000 	C:\WINDOWS\System32\USER32.dll
0x00007ffe85700000 - 0x00007ffe85727000 	C:\WINDOWS\System32\win32u.dll
0x00007ffe862a0000 - 0x00007ffe862cb000 	C:\WINDOWS\System32\GDI32.dll
0x00007ffe851b0000 - 0x00007ffe852dd000 	C:\WINDOWS\System32\gdi32full.dll
0x00007ffe85880000 - 0x00007ffe85923000 	C:\WINDOWS\System32\msvcp_win.dll
0x00007ffe64750000 - 0x00007ffe649e3000 	C:\WINDOWS\WinSxS\amd64_microsoft.windows.common-controls_6595b64144ccf1df_6.0.26100.6899_none_3e0efeeae32e88c1\COMCTL32.dll
0x00007ffe85ab0000 - 0x00007ffe85b59000 	C:\WINDOWS\System32\msvcrt.dll
0x00007ffe87150000 - 0x00007ffe8717f000 	C:\WINDOWS\System32\IMM32.DLL
0x0000000051f90000 - 0x0000000051f9c000 	C:\Program Files (x86)\360\Total Security\safemon\SafeWrapper.dll
0x00007ffe87190000 - 0x00007ffe87244000 	C:\WINDOWS\System32\ADVAPI32.dll
0x00007ffe870a0000 - 0x00007ffe87146000 	C:\WINDOWS\System32\sechost.dll
0x00007ffe879b0000 - 0x00007ffe87ac8000 	C:\WINDOWS\System32\RPCRT4.dll
0x00007ffe4c160000 - 0x00007ffe4c20c000 	C:\Program Files (x86)\360\Total Security\safemon\libzdtp64.dll
0x00007ffe867c0000 - 0x00007ffe86f0d000 	C:\WINDOWS\System32\SHELL32.dll
0x00007ffe852e0000 - 0x00007ffe8544b000 	C:\WINDOWS\System32\wintypes.dll
0x00007ffe87630000 - 0x00007ffe879ab000 	C:\WINDOWS\System32\combase.dll
0x00007ffe87250000 - 0x00007ffe872b2000 	C:\WINDOWS\System32\SHLWAPI.dll
0x00007ffe847b0000 - 0x00007ffe847bb000 	C:\WINDOWS\SYSTEM32\VERSION.dll
0x00007ffe81460000 - 0x00007ffe8146c000 	c:\Users\SAMPRASANNA S\.vscode\extensions\redhat.java-1.51.0-win32-x64\jre\21.0.9-win32-x86_64\bin\vcruntime140_1.dll
0x00007ffe19510000 - 0x00007ffe1959d000 	c:\Users\SAMPRASANNA S\.vscode\extensions\redhat.java-1.51.0-win32-x64\jre\21.0.9-win32-x86_64\bin\msvcp140.dll
0x00007ffddf880000 - 0x00007ffde0620000 	c:\Users\SAMPRASANNA S\.vscode\extensions\redhat.java-1.51.0-win32-x64\jre\21.0.9-win32-x86_64\bin\server\jvm.dll
0x00007ffe85cc0000 - 0x00007ffe85d34000 	C:\WINDOWS\System32\WS2_32.dll
0x00007ffe7cc00000 - 0x00007ffe7cc35000 	C:\WINDOWS\SYSTEM32\WINMM.dll
0x00007ffe84b50000 - 0x00007ffe84bae000 	C:\WINDOWS\SYSTEM32\POWRPROF.dll
0x00007ffe84b30000 - 0x00007ffe84b44000 	C:\WINDOWS\SYSTEM32\UMPDC.dll
0x00007ffe83a20000 - 0x00007ffe83a3b000 	C:\WINDOWS\SYSTEM32\kernel.appcore.dll
0x00007ffe81620000 - 0x00007ffe8162a000 	c:\Users\SAMPRASANNA S\.vscode\extensions\redhat.java-1.51.0-win32-x64\jre\21.0.9-win32-x86_64\bin\jimage.dll
0x00007ffe820f0000 - 0x00007ffe82332000 	C:\WINDOWS\SYSTEM32\DBGHELP.DLL
0x00007ffe86670000 - 0x00007ffe86747000 	C:\WINDOWS\System32\OLEAUT32.dll
0x00007ffe608d0000 - 0x00007ffe6090c000 	C:\WINDOWS\SYSTEM32\dbgcore.DLL
0x00007ffe855d0000 - 0x00007ffe85668000 	C:\WINDOWS\System32\bcryptPrimitives.dll
0x00007ffe81610000 - 0x00007ffe8161f000 	c:\Users\SAMPRASANNA S\.vscode\extensions\redhat.java-1.51.0-win32-x64\jre\21.0.9-win32-x86_64\bin\instrument.dll
0x00007ffe36050000 - 0x00007ffe36070000 	c:\Users\SAMPRASANNA S\.vscode\extensions\redhat.java-1.51.0-win32-x64\jre\21.0.9-win32-x86_64\bin\java.dll

JVMTI agents:
c:\Users\SAMPRASANNA S\.vscode\extensions\redhat.java-1.51.0-win32-x64\lombok\lombok-1.18.39-4050.jar path:none, loaded, not initialized, instrumentlib options:none

dbghelp: loaded successfully - version: 4.0.5 - missing functions: none
symbol engine: initialized successfully - sym options: 0x614 - pdb path: .;c:\Users\SAMPRASANNA S\.vscode\extensions\redhat.java-1.51.0-win32-x64\jre\21.0.9-win32-x86_64\bin;C:\WINDOWS\SYSTEM32;C:\WINDOWS\WinSxS\amd64_microsoft.windows.common-controls_6595b64144ccf1df_6.0.26100.6899_none_3e0efeeae32e88c1;C:\Program Files (x86)\360\Total Security\safemon;c:\Users\SAMPRASANNA S\.vscode\extensions\redhat.java-1.51.0-win32-x64\jre\21.0.9-win32-x86_64\bin\server

VM Arguments:
jvm_args: --add-modules=ALL-SYSTEM --add-opens=java.base/java.util=ALL-UNNAMED --add-opens=java.base/java.lang=ALL-UNNAMED --add-opens=java.base/sun.nio.fs=ALL-UNNAMED -Declipse.application=org.eclipse.jdt.ls.core.id1 -Dosgi.bundles.defaultStartLevel=4 -Declipse.product=org.eclipse.jdt.ls.core.product -Djava.import.generatesMetadataFilesAtProjectRoot=false -DDetectVMInstallationsJob.disabled=true -Dfile.encoding=utf8 -XX:+UseParallelGC -XX:GCTimeRatio=4 -XX:AdaptiveSizePolicyWeight=90 -Dsun.zip.disableMemoryMapping=true -Xmx2G -Xms100m -Xlog:disable -javaagent:c:\Users\SAMPRASANNA S\.vscode\extensions\redhat.java-1.51.0-win32-x64\lombok\lombok-1.18.39-4050.jar -XX:+HeapDumpOnOutOfMemoryError -XX:HeapDumpPath=c:\Users\SAMPRASANNA S\AppData\Roaming\Code\User\workspaceStorage\a4d4ee278766ad791ef8b882ac092dc4\redhat.java -Daether.dependencyCollector.impl=bf 
java_command: c:\Users\SAMPRASANNA S\.vscode\extensions\redhat.java-1.51.0-win32-x64\server\plugins\org.eclipse.equinox.launcher_1.7.100.v20251111-0406.jar -configuration c:\Users\SAMPRASANNA S\AppData\Roaming\Code\User\globalStorage\redhat.java\1.51.0\config_win -data c:\Users\SAMPRASANNA S\AppData\Roaming\Code\User\workspaceStorage\a4d4ee278766ad791ef8b882ac092dc4\redhat.java\jdt_ws --pipe=\\.\pipe\lsp-fcdcf4933b0b3b8cbd3e6a2770fe195c-sock
java_class_path (initial): c:\Users\SAMPRASANNA S\.vscode\extensions\redhat.java-1.51.0-win32-x64\server\plugins\org.eclipse.equinox.launcher_1.7.100.v20251111-0406.jar
Launcher Type: SUN_STANDARD

[Global flags]
    uintx AdaptiveSizePolicyWeight                 = 90                                        {product} {command line}
     intx CICompilerCount                          = 4                                         {product} {ergonomic}
    uintx GCTimeRatio                              = 4                                         {product} {command line}
     bool HeapDumpOnOutOfMemoryError               = true                                   {manageable} {command line}
    ccstr HeapDumpPath                             = c:\Users\SAMPRASANNA S\AppData\Roaming\Code\User\workspaceStorage\a4d4ee278766ad791ef8b882ac092dc4\redhat.java         {manageable} {command line}
   size_t InitialHeapSize                          = 104857600                                 {product} {command line}
   size_t MaxHeapSize                              = 2147483648                                {product} {command line}
   size_t MaxNewSize                               = 715653120                                 {product} {ergonomic}
   size_t MinHeapDeltaBytes                        = 524288                                    {product} {ergonomic}
   size_t MinHeapSize                              = 104857600                                 {product} {command line}
   size_t NewSize                                  = 34603008                                  {product} {ergonomic}
    uintx NonNMethodCodeHeapSize                   = 5839372                                {pd product} {ergonomic}
    uintx NonProfiledCodeHeapSize                  = 122909434                              {pd product} {ergonomic}
   size_t OldSize                                  = 70254592                                  {product} {ergonomic}
    uintx ProfiledCodeHeapSize                     = 122909434                              {pd product} {ergonomic}
    uintx ReservedCodeCacheSize                    = 251658240                              {pd product} {ergonomic}
     bool SegmentedCodeCache                       = true                                      {product} {ergonomic}
   size_t SoftMaxHeapSize                          = 2147483648                             {manageable} {ergonomic}
     bool UseCompressedOops                        = true                           {product lp64_product} {ergonomic}
     bool UseLargePagesIndividualAllocation        = false                                  {pd product} {ergonomic}
     bool UseParallelGC                            = true                                      {product} {command line}

Logging:
Log output configuration:
 #0: stdout all=off uptime,level,tags foldmultilines=false
 #1: stderr all=off uptime,level,tags foldmultilines=false

Release file:
<release file has not been read>
Environment Variables:
PATH=C:\Program Files\Common Files\Oracle\Java\javapath;C:\Program Files\Python312\Scripts\;C:\Program Files\Python312\;C:\WINDOWS\system32;C:\WINDOWS;C:\WINDOWS\System32\Wbem;C:\WINDOWS\System32\WindowsPowerShell\v1.0\;C:\WINDOWS\System32\OpenSSH\;C:\Program Files\nodejs\;C:\Program Files\dotnet\;C:\Program Files\Docker\Docker\resources\bin;C:\Program Files (x86)\Windows Kits\10\Windows Performance Toolkit\;C:\Program Files\Git\cmd;C:\Users\SAMPRASANNA S\AppData\Local\Microsoft\WindowsApps;C:\Users\SAMPRASANNA S\AppData\Local\Programs\Microsoft VS Code\bin;C:\Users\SAMPRASANNA S\AppData\Roaming\npm;C:\Users\SAMPRASANNA S\AppData\Local\GitHubDesktop\bin;
USERNAME=SAMPRASANNA S
OS=Windows_NT
PROCESSOR_IDENTIFIER=Intel64 Family 6 Model 186 Stepping 3, GenuineIntel
TMP=C:\Users\SAMPRA~1\AppData\Local\Temp
TEMP=C:\Users\SAMPRA~1\AppData\Local\Temp




Periodic native trim disabled

---------------  S Y S T E M  ---------------

OS:
 Windows 11 , 64 bit Build 26100 (10.0.26100.6725)
OS uptime: 8 days 22:52 hours
Hyper-V role detected

CPU: total 12 (initial active 12) (6 cores per cpu, 2 threads per core) family 6 model 186 stepping 3 microcode 0x4121, cx8, cmov, fxsr, ht, mmx, 3dnowpref, sse, sse2, sse3, ssse3, sse4.1, sse4.2, popcnt, lzcnt, tsc, tscinvbit, avx, avx2, aes, erms, clmul, bmi1, bmi2, adx, sha, fma, vzeroupper, clflush, clflushopt, clwb, hv, serialize, rdtscp, rdpid, fsrm, f16c, cet_ibt, cet_ss
Processor Information for processor 0
  Max Mhz: 1300, Current Mhz: 1300, Mhz Limit: 1300
Processor Information for processor 1
  Max Mhz: 1300, Current Mhz: 1300, Mhz Limit: 1300
Processor Information for processor 2
  Max Mhz: 1300, Current Mhz: 1300, Mhz Limit: 1300
Processor Information for processor 3
  Max Mhz: 1300, Current Mhz: 1300, Mhz Limit: 1300
Processor Information for processor 4
  Max Mhz: 1300, Current Mhz: 900, Mhz Limit: 897
Processor Information for processor 5
  Max Mhz: 1300, Current Mhz: 900, Mhz Limit: 897
Processor Information for processor 6
  Max Mhz: 1300, Current Mhz: 900, Mhz Limit: 897
Processor Information for processor 7
  Max Mhz: 1300, Current Mhz: 900, Mhz Limit: 897
Processor Information for processor 8
  Max Mhz: 1300, Current Mhz: 900, Mhz Limit: 897
Processor Information for processor 9
  Max Mhz: 1300, Current Mhz: 900, Mhz Limit: 897
Processor Information for processor 10
  Max Mhz: 1300, Current Mhz: 900, Mhz Limit: 897
Processor Information for processor 11
  Max Mhz: 1300, Current Mhz: 900, Mhz Limit: 897

Memory: 4k page, system-wide physical 16027M (4753M free)
TotalPageFile size 16027M (AvailPageFile size 2M)
current process WorkingSet (physical memory assigned to process): 27M, peak: 27M
current process commit charge ("private bytes"): 215M, peak: 216M

vm_info: OpenJDK 64-Bit Server VM (21.0.9+10-LTS) for windows-amd64 JRE (21.0.9+10-LTS), built on 2025-10-21T00:00:00Z by "admin" with unknown MS VC++:1942

END.
