#
# There is insufficient memory for the Java Runtime Environment to continue.
# Native memory allocation (malloc) failed to allocate 1076256 bytes. Error detail: Chunk::new
# Possible reasons:
#   The system is out of physical RAM or swap space
#   This process is running with CompressedOops enabled, and the Java Heap may be blocking the growth of the native heap
# Possible solutions:
#   Reduce memory load on the system
#   Increase physical memory or swap space
#   Check if swap backing store is full
#   Decrease Java heap size (-Xmx/-Xms)
#   Decrease number of Java threads
#   Decrease Java thread stack sizes (-Xss)
#   Set larger code cache with -XX:ReservedCodeCacheSize=
#   JVM is running with Unscaled Compressed Oops mode in which the Java heap is
#     placed in the first 4GB address space. The Java Heap base address is the
#     maximum limit for the native heap growth. Please use -XX:HeapBaseMinAddress
#     to set the Java Heap base and to place the Java Heap above 4GB virtual address.
# This output file may be truncated or incomplete.
#
#  Out of Memory Error (arena.cpp:168), pid=30640, tid=34536
#
# JRE version: OpenJDK Runtime Environment Temurin-21.0.9+10 (21.0.9+10) (build 21.0.9+10-LTS)
# Java VM: OpenJDK 64-Bit Server VM Temurin-21.0.9+10 (21.0.9+10-LTS, mixed mode, sharing, tiered, compressed oops, compressed class ptrs, parallel gc, windows-amd64)
# No core dump will be written. Minidumps are not enabled by default on client versions of Windows
#

---------------  S U M M A R Y ------------

Command Line: --add-modules=ALL-SYSTEM --add-opens=java.base/java.util=ALL-UNNAMED --add-opens=java.base/java.lang=ALL-UNNAMED --add-opens=java.base/sun.nio.fs=ALL-UNNAMED -Declipse.application=org.eclipse.jdt.ls.core.id1 -Dosgi.bundles.defaultStartLevel=4 -Declipse.product=org.eclipse.jdt.ls.core.product -Djava.import.generatesMetadataFilesAtProjectRoot=false -DDetectVMInstallationsJob.disabled=true -Dfile.encoding=utf8 -XX:+UseParallelGC -XX:GCTimeRatio=4 -XX:AdaptiveSizePolicyWeight=90 -Dsun.zip.disableMemoryMapping=true -Xmx2G -Xms100m -Xlog:disable -javaagent:c:\Users\SAMPRASANNA S\.vscode\extensions\redhat.java-1.52.0-win32-x64\lombok\lombok-1.18.39-4050.jar -XX:+HeapDumpOnOutOfMemoryError -XX:HeapDumpPath=c:\Users\SAMPRASANNA S\AppData\Roaming\Code\User\workspaceStorage\a4d4ee278766ad791ef8b882ac092dc4\redhat.java -Daether.dependencyCollector.impl=bf c:\Users\SAMPRASANNA S\.vscode\extensions\redhat.java-1.52.0-win32-x64\server\plugins\org.eclipse.equinox.launcher_1.7.100.v20251111-0406.jar -configuration c:\Users\SAMPRASANNA S\AppData\Roaming\Code\User\globalStorage\redhat.java\1.52.0\config_win -data c:\Users\SAMPRASANNA S\AppData\Roaming\Code\User\workspaceStorage\a4d4ee278766ad791ef8b882ac092dc4\redhat.java\jdt_ws --pipe=\\.\pipe\lsp-092d6d30401313b5084a35914a0540b4-sock

Host: 13th Gen Intel(R) Core(TM) i5-1335U, 12 cores, 15G,  Windows 11 , 64 bit Build 26100 (10.0.26100.7623)
Time: Fri Feb  6 22:01:04 2026 India Standard Time elapsed time: 39.656853 seconds (0d 0h 0m 39s)

---------------  T H R E A D  ---------------

Current thread (0x0000018ec4af8db0):  JavaThread "C2 CompilerThread0" daemon [_thread_in_native, id=34536, stack(0x00000003e4000000,0x00000003e4100000) (1024K)]


Current CompileTask:
C2:39657 12216   !   4       lombok.core.FieldAugment$ReflectionFieldAugment::get (61 bytes)

Stack: [0x00000003e4000000,0x00000003e4100000]
Native frames: (J=compiled Java code, j=interpreted, Vv=VM code, C=native code)
V  [jvm.dll+0x6d6e29]
V  [jvm.dll+0x8b4b76]
V  [jvm.dll+0x8b712e]
V  [jvm.dll+0x8b7813]
V  [jvm.dll+0x283d86]
V  [jvm.dll+0xc66ed]
V  [jvm.dll+0xc6c31]
V  [jvm.dll+0x3be53b]
V  [jvm.dll+0x1e3b52]
V  [jvm.dll+0x24c0f3]
V  [jvm.dll+0x24b580]
V  [jvm.dll+0x1cb13e]
V  [jvm.dll+0x25b29d]
V  [jvm.dll+0x25982a]
V  [jvm.dll+0x3f7ea6]
V  [jvm.dll+0x85e9ad]
V  [jvm.dll+0x6d565d]
C  [ucrtbase.dll+0x37b0]
C  [KERNEL32.DLL+0x2e8d7]
C  [ntdll.dll+0x8c53c]


---------------  P R O C E S S  ---------------

Threads class SMR info:
_java_thread_list=0x0000018ee7722230, length=59, elements={
0x0000018ec26248b0, 0x0000018ec4ae7400, 0x0000018ec4ae7e50, 0x0000018ec4aecac0,
0x0000018ec4aee230, 0x0000018ec4af11b0, 0x0000018ec4af5230, 0x0000018ec4af8db0,
0x0000018edc644350, 0x0000018edc84daf0, 0x0000018edc9ba900, 0x0000018ee22823a0,
0x0000018ee227b7a0, 0x0000018ee22cf780, 0x0000018ee22d5180, 0x0000018ee257d350,
0x0000018ee2340000, 0x0000018ee2919450, 0x0000018ee29ccc40, 0x0000018ee27d69b0,
0x0000018ee27d3530, 0x0000018ee27d5600, 0x0000018ee27d3bc0, 0x0000018ee27d4250,
0x0000018ee27d48e0, 0x0000018ee27d6320, 0x0000018ee27d4f70, 0x0000018ee27d5c90,
0x0000018ee5ff9c60, 0x0000018ee5ffbd30, 0x0000018ee5ffb010, 0x0000018ee5ffd0e0,
0x0000018ee5ffa2f0, 0x0000018ee5ffc3c0, 0x0000018ee5ffa980, 0x0000018ee5ffd770,
0x0000018ee5ffca50, 0x0000018ee5ffeb20, 0x0000018ee5ffb6a0, 0x0000018ee5ffde00,
0x0000018ee5fff840, 0x0000018ee5ffe490, 0x0000018ee5fff1b0, 0x0000018ee5fffed0,
0x0000018ee6000560, 0x0000018ee6000bf0, 0x0000018ee7aabbb0, 0x0000018ee7aac240,
0x0000018ee7aae9a0, 0x0000018ee7aae310, 0x0000018ee7aacf60, 0x0000018ee7aadc80,
0x0000018edd8ab340, 0x0000018edd8ab9d0, 0x0000018edd8ac060, 0x0000018edd8a9270,
0x0000018edd8ac6f0, 0x0000018ee43061a0, 0x0000018ee43083b0
}

Java Threads: ( => current thread )
  0x0000018ec26248b0 JavaThread "main"                              [_thread_blocked, id=33064, stack(0x00000003e3600000,0x00000003e3700000) (1024K)]
  0x0000018ec4ae7400 JavaThread "Reference Handler"          daemon [_thread_blocked, id=29712, stack(0x00000003e3a00000,0x00000003e3b00000) (1024K)]
  0x0000018ec4ae7e50 JavaThread "Finalizer"                  daemon [_thread_blocked, id=24164, stack(0x00000003e3b00000,0x00000003e3c00000) (1024K)]
  0x0000018ec4aecac0 JavaThread "Signal Dispatcher"          daemon [_thread_blocked, id=6140, stack(0x00000003e3c00000,0x00000003e3d00000) (1024K)]
  0x0000018ec4aee230 JavaThread "Attach Listener"            daemon [_thread_blocked, id=19280, stack(0x00000003e3d00000,0x00000003e3e00000) (1024K)]
  0x0000018ec4af11b0 JavaThread "Service Thread"             daemon [_thread_blocked, id=2676, stack(0x00000003e3e00000,0x00000003e3f00000) (1024K)]
  0x0000018ec4af5230 JavaThread "Monitor Deflation Thread"   daemon [_thread_blocked, id=38100, stack(0x00000003e3f00000,0x00000003e4000000) (1024K)]
=>0x0000018ec4af8db0 JavaThread "C2 CompilerThread0"         daemon [_thread_in_native, id=34536, stack(0x00000003e4000000,0x00000003e4100000) (1024K)]
  0x0000018edc644350 JavaThread "C1 CompilerThread0"         daemon [_thread_blocked, id=856, stack(0x00000003e4100000,0x00000003e4200000) (1024K)]
  0x0000018edc84daf0 JavaThread "Common-Cleaner"             daemon [_thread_blocked, id=10640, stack(0x00000003e4300000,0x00000003e4400000) (1024K)]
  0x0000018edc9ba900 JavaThread "Notification Thread"        daemon [_thread_blocked, id=34016, stack(0x00000003e4400000,0x00000003e4500000) (1024K)]
  0x0000018ee22823a0 JavaThread "Active Thread: Equinox Container: 0e037cf4-015a-48ea-8805-65c0d397b83b"        [_thread_blocked, id=32752, stack(0x00000003e4c00000,0x00000003e4d00000) (1024K)]
  0x0000018ee227b7a0 JavaThread "Refresh Thread: Equinox Container: 0e037cf4-015a-48ea-8805-65c0d397b83b" daemon [_thread_blocked, id=14332, stack(0x00000003e4500000,0x00000003e4600000) (1024K)]
  0x0000018ee22cf780 JavaThread "Framework Event Dispatcher: Equinox Container: 0e037cf4-015a-48ea-8805-65c0d397b83b" daemon [_thread_blocked, id=30032, stack(0x00000003e4e00000,0x00000003e4f00000) (1024K)]
  0x0000018ee22d5180 JavaThread "Start Level: Equinox Container: 0e037cf4-015a-48ea-8805-65c0d397b83b" daemon [_thread_blocked, id=7196, stack(0x00000003e4f00000,0x00000003e5000000) (1024K)]
  0x0000018ee257d350 JavaThread "Bundle File Closer"         daemon [_thread_blocked, id=27200, stack(0x00000003e5300000,0x00000003e5400000) (1024K)]
  0x0000018ee2340000 JavaThread "SCR Component Actor"        daemon [_thread_blocked, id=31480, stack(0x00000003e5000000,0x00000003e5100000) (1024K)]
  0x0000018ee2919450 JavaThread "Worker-JM"                         [_thread_blocked, id=636, stack(0x00000003e5500000,0x00000003e5600000) (1024K)]
  0x0000018ee29ccc40 JavaThread "JNA Cleaner"                daemon [_thread_blocked, id=21836, stack(0x00000003e5400000,0x00000003e5500000) (1024K)]
  0x0000018ee27d69b0 JavaThread "Worker-0"                          [_thread_blocked, id=14976, stack(0x00000003e5600000,0x00000003e5700000) (1024K)]
  0x0000018ee27d3530 JavaThread "Worker-1"                          [_thread_blocked, id=37756, stack(0x00000003e5700000,0x00000003e5800000) (1024K)]
  0x0000018ee27d5600 JavaThread "Java indexing"              daemon [_thread_blocked, id=20732, stack(0x00000003e5800000,0x00000003e5900000) (1024K)]
  0x0000018ee27d3bc0 JavaThread "Worker-2"                          [_thread_blocked, id=18672, stack(0x00000003e5a00000,0x00000003e5b00000) (1024K)]
  0x0000018ee27d4250 JavaThread "Worker-3"                          [_thread_blocked, id=15332, stack(0x00000003e5d00000,0x00000003e5e00000) (1024K)]
  0x0000018ee27d48e0 JavaThread "Worker-4"                          [_thread_blocked, id=1580, stack(0x00000003e5e00000,0x00000003e5f00000) (1024K)]
  0x0000018ee27d6320 JavaThread "Worker-5"                          [_thread_blocked, id=33072, stack(0x00000003e5f00000,0x00000003e6000000) (1024K)]
  0x0000018ee27d4f70 JavaThread "Worker-6"                          [_thread_blocked, id=4332, stack(0x00000003e6000000,0x00000003e6100000) (1024K)]
  0x0000018ee27d5c90 JavaThread "Thread-1"                   daemon [_thread_in_native, id=18696, stack(0x00000003e6100000,0x00000003e6200000) (1024K)]
  0x0000018ee5ff9c60 JavaThread "Thread-2"                   daemon [_thread_in_native, id=30052, stack(0x00000003e6200000,0x00000003e6300000) (1024K)]
  0x0000018ee5ffbd30 JavaThread "Thread-3"                   daemon [_thread_in_native, id=32352, stack(0x00000003e6300000,0x00000003e6400000) (1024K)]
  0x0000018ee5ffb010 JavaThread "Thread-4"                   daemon [_thread_in_native, id=33200, stack(0x00000003e6400000,0x00000003e6500000) (1024K)]
  0x0000018ee5ffd0e0 JavaThread "Thread-5"                   daemon [_thread_in_native, id=32704, stack(0x00000003e6500000,0x00000003e6600000) (1024K)]
  0x0000018ee5ffa2f0 JavaThread "Thread-6"                   daemon [_thread_in_native, id=3032, stack(0x00000003e6600000,0x00000003e6700000) (1024K)]
  0x0000018ee5ffc3c0 JavaThread "Thread-7"                   daemon [_thread_in_native, id=33564, stack(0x00000003e6700000,0x00000003e6800000) (1024K)]
  0x0000018ee5ffa980 JavaThread "Thread-8"                   daemon [_thread_in_native, id=4932, stack(0x00000003e6800000,0x00000003e6900000) (1024K)]
  0x0000018ee5ffd770 JavaThread "Thread-9"                   daemon [_thread_in_native, id=26316, stack(0x00000003e6900000,0x00000003e6a00000) (1024K)]
  0x0000018ee5ffca50 JavaThread "Thread-10"                  daemon [_thread_in_native, id=16048, stack(0x00000003e6a00000,0x00000003e6b00000) (1024K)]
  0x0000018ee5ffeb20 JavaThread "Thread-11"                  daemon [_thread_in_native, id=8468, stack(0x00000003e6b00000,0x00000003e6c00000) (1024K)]
  0x0000018ee5ffb6a0 JavaThread "Thread-12"                  daemon [_thread_blocked, id=26760, stack(0x00000003e6c00000,0x00000003e6d00000) (1024K)]
  0x0000018ee5ffde00 JavaThread "Thread-13"                  daemon [_thread_in_native, id=36832, stack(0x00000003e6d00000,0x00000003e6e00000) (1024K)]
  0x0000018ee5fff840 JavaThread "pool-2-thread-1"                   [_thread_blocked, id=11880, stack(0x00000003e6e00000,0x00000003e6f00000) (1024K)]
  0x0000018ee5ffe490 JavaThread "WorkspaceEventsHandler"            [_thread_blocked, id=1968, stack(0x00000003e6f00000,0x00000003e7000000) (1024K)]
  0x0000018ee5fff1b0 JavaThread "pool-1-thread-1"                   [_thread_blocked, id=29904, stack(0x00000003e7000000,0x00000003e7100000) (1024K)]
  0x0000018ee5fffed0 JavaThread "ForkJoinPool.commonPool-worker-1" daemon [_thread_blocked, id=24980, stack(0x00000003e7100000,0x00000003e7200000) (1024K)]
  0x0000018ee6000560 JavaThread "ForkJoinPool.commonPool-worker-2" daemon [_thread_blocked, id=34312, stack(0x00000003e7200000,0x00000003e7300000) (1024K)]
  0x0000018ee6000bf0 JavaThread "ForkJoinPool.commonPool-worker-3" daemon [_thread_blocked, id=29620, stack(0x00000003e7300000,0x00000003e7400000) (1024K)]
  0x0000018ee7aabbb0 JavaThread "ForkJoinPool.commonPool-worker-4" daemon [_thread_blocked, id=19580, stack(0x00000003e7400000,0x00000003e7500000) (1024K)]
  0x0000018ee7aac240 JavaThread "ForkJoinPool.commonPool-worker-5" daemon [_thread_blocked, id=15580, stack(0x00000003e7500000,0x00000003e7600000) (1024K)]
  0x0000018ee7aae9a0 JavaThread "ForkJoinPool.commonPool-worker-6" daemon [_thread_blocked, id=30924, stack(0x00000003e7600000,0x00000003e7700000) (1024K)]
  0x0000018ee7aae310 JavaThread "ForkJoinPool.commonPool-worker-7" daemon [_thread_blocked, id=36548, stack(0x00000003e7700000,0x00000003e7800000) (1024K)]
  0x0000018ee7aacf60 JavaThread "Compiler Source File Reader" daemon [_thread_blocked, id=32148, stack(0x00000003e7800000,0x00000003e7900000) (1024K)]
  0x0000018ee7aadc80 JavaThread "Compiler Processing Task"   daemon [_thread_blocked, id=35296, stack(0x00000003e7900000,0x00000003e7a00000) (1024K)]
  0x0000018edd8ab340 JavaThread "Cleaner-0"                  daemon [_thread_blocked, id=36552, stack(0x00000003e7a00000,0x00000003e7b00000) (1024K)]
  0x0000018edd8ab9d0 JavaThread "Compiler Source File Reader" daemon [_thread_blocked, id=37732, stack(0x00000003e7b00000,0x00000003e7c00000) (1024K)]
  0x0000018edd8ac060 JavaThread "Compiler Source File Reader" daemon [_thread_blocked, id=31684, stack(0x00000003e7c00000,0x00000003e7d00000) (1024K)]
  0x0000018edd8a9270 JavaThread "Compiler Source File Reader" daemon [_thread_blocked, id=4800, stack(0x00000003e7d00000,0x00000003e7e00000) (1024K)]
  0x0000018edd8ac6f0 JavaThread "Compiler Source File Reader" daemon [_thread_blocked, id=33396, stack(0x00000003e5900000,0x00000003e5a00000) (1024K)]
  0x0000018ee43061a0 JavaThread "C2 CompilerThread1"         daemon [_thread_in_native, id=32460, stack(0x00000003e4200000,0x00000003e4300000) (1024K)]
  0x0000018ee43083b0 JavaThread "C2 CompilerThread2"         daemon [_thread_blocked, id=13280, stack(0x00000003e7e00000,0x00000003e7f00000) (1024K)]
Total: 59

Other Threads:
  0x0000018ec4ae2b30 VMThread "VM Thread"                           [id=26700, stack(0x00000003e3900000,0x00000003e3a00000) (1024K)]
  0x0000018edb3cca00 WatcherThread "VM Periodic Task Thread"        [id=20596, stack(0x00000003e3800000,0x00000003e3900000) (1024K)]
  0x0000018ec4a7f370 WorkerThread "GC Thread#0"                     [id=35076, stack(0x00000003e3700000,0x00000003e3800000) (1024K)]
  0x0000018eddd46aa0 WorkerThread "GC Thread#1"                     [id=4344, stack(0x00000003e4600000,0x00000003e4700000) (1024K)]
  0x0000018eddd46e40 WorkerThread "GC Thread#2"                     [id=18948, stack(0x00000003e4700000,0x00000003e4800000) (1024K)]
  0x0000018ee228b5d0 WorkerThread "GC Thread#3"                     [id=23716, stack(0x00000003e4800000,0x00000003e4900000) (1024K)]
  0x0000018ee228b970 WorkerThread "GC Thread#4"                     [id=34272, stack(0x00000003e4900000,0x00000003e4a00000) (1024K)]
  0x0000018ee2090700 WorkerThread "GC Thread#5"                     [id=11800, stack(0x00000003e4a00000,0x00000003e4b00000) (1024K)]
  0x0000018ee2090aa0 WorkerThread "GC Thread#6"                     [id=9784, stack(0x00000003e4b00000,0x00000003e4c00000) (1024K)]
  0x0000018ee22e8b60 WorkerThread "GC Thread#7"                     [id=38656, stack(0x00000003e4d00000,0x00000003e4e00000) (1024K)]
  0x0000018ee222a160 WorkerThread "GC Thread#8"                     [id=31772, stack(0x00000003e5100000,0x00000003e5200000) (1024K)]
  0x0000018ee222a500 WorkerThread "GC Thread#9"                     [id=33740, stack(0x00000003e5200000,0x00000003e5300000) (1024K)]
Total: 12

Threads with active compile tasks:
C2 CompilerThread0  41691 12216   !   4       lombok.core.FieldAugment$ReflectionFieldAugment::get (61 bytes)
C1 CompilerThread0  41691 12273       3       org.eclipse.core.internal.events.ResourceComparator::compare (383 bytes)
C2 CompilerThread1  41691 12231       4       java.util.Properties::load0 (249 bytes)
C2 CompilerThread2  41691 12237       4       java.lang.invoke.MethodHandleImpl::makePairwiseConvertByEditor (617 bytes)
Total: 4

VM state: at safepoint (normal execution)

VM Mutex/Monitor currently owned by a thread:  ([mutex/lock_event])
[0x00007ffcb19dd570] Threads_lock - owner thread: 0x0000018ec4ae2b30
[0x00007ffcb19dd670] Heap_lock - owner thread: 0x0000018ee27d5600
[0x00007ffcb19ddaf0] PSOldGenExpand_lock - owner thread: 0x0000018ee22e8b60

Heap address: 0x0000000080000000, size: 2048 MB, Compressed Oops mode: 32-bit

CDS archive(s) mapped at: [0x0000018e80000000-0x0000018e80ba0000-0x0000018e80ba0000), size 12189696, SharedBaseAddress: 0x0000018e80000000, ArchiveRelocationMode: 1.
Compressed class space mapped at: 0x0000018e81000000-0x0000018ec1000000, reserved size: 1073741824
Narrow klass base: 0x0000018e80000000, Narrow klass shift: 0, Narrow klass range: 0x100000000

GC Precious Log:
 CardTable entry size: 512
 CPUs: 12 total, 12 available
 Memory: 16027M
 Large Page Support: Disabled
 NUMA Support: Disabled
 Compressed Oops: Enabled (32-bit)
 Alignments: Space 512K, Generation 512K, Heap 2M
 Heap Min Capacity: 100M
 Heap Initial Capacity: 100M
 Heap Max Capacity: 2G
 Pre-touch: Disabled
 Parallel Workers: 10

Heap:
 PSYoungGen      total 15360K, used 15307K [0x00000000d5580000, 0x00000000d6900000, 0x0000000100000000)
  eden space 14848K, 99% used [0x00000000d5580000,0x00000000d63fac88,0x00000000d6400000)
  from space 512K, 93% used [0x00000000d6780000,0x00000000d67f8000,0x00000000d6800000)
  to   space 1024K, 97% used [0x00000000d6800000,0x00000000d68fa5d0,0x00000000d6900000)
 ParOldGen       total 79360K, used 79353K [0x0000000080000000, 0x0000000084d80000, 0x00000000d5580000)
  object space 79360K, 99% used [0x0000000080000000,0x0000000084d7e6b8,0x0000000084d80000)
 Metaspace       used 68055K, committed 69504K, reserved 1114112K
  class space    used 7154K, committed 7744K, reserved 1048576K

Card table byte_map: [0x0000018ec43e0000,0x0000018ec47f0000] _byte_map_base: 0x0000018ec3fe0000

Marking Bits: (ParMarkBitMap*) 0x00007ffcb19e2460
 Begin Bits: [0x0000018ed6ef0000, 0x0000018ed8ef0000)
 End Bits:   [0x0000018ed8ef0000, 0x0000018edaef0000)

Polling page: 0x0000018ec28e0000

Metaspace:

Usage:
  Non-class:     59.47 MB used.
      Class:      6.99 MB used.
       Both:     66.46 MB used.

Virtual space:
  Non-class space:       64.00 MB reserved,      60.31 MB ( 94%) committed,  1 nodes.
      Class space:        1.00 GB reserved,       7.56 MB ( <1%) committed,  1 nodes.
             Both:        1.06 GB reserved,      67.88 MB (  6%) committed. 

Chunk freelists:
   Non-Class:  3.58 MB
       Class:  8.41 MB
        Both:  11.99 MB

MaxMetaspaceSize: unlimited
CompressedClassSpaceSize: 1.00 GB
Initial GC threshold: 21.00 MB
Current GC threshold: 98.12 MB
CDS: on
 - commit_granule_bytes: 65536.
 - commit_granule_words: 8192.
 - virtual_space_node_default_size: 8388608.
 - enlarge_chunks_in_place: 1.
 - use_allocation_guard: 0.


Internal statistics:

num_allocs_failed_limit: 13.
num_arena_births: 1264.
num_arena_deaths: 108.
num_vsnodes_births: 2.
num_vsnodes_deaths: 0.
num_space_committed: 1086.
num_space_uncommitted: 0.
num_chunks_returned_to_freelist: 163.
num_chunks_taken_from_freelist: 4556.
num_chunk_merges: 62.
num_chunk_splits: 2755.
num_chunks_enlarged: 1551.
num_inconsistent_stats: 0.

CodeHeap 'non-profiled nmethods': size=120000Kb used=10209Kb max_used=10209Kb free=109790Kb
 bounds [0x0000018ecf710000, 0x0000018ed0110000, 0x0000018ed6c40000]
CodeHeap 'profiled nmethods': size=120000Kb used=27960Kb max_used=27960Kb free=92039Kb
 bounds [0x0000018ec7c40000, 0x0000018ec9790000, 0x0000018ecf170000]
CodeHeap 'non-nmethods': size=5760Kb used=1457Kb max_used=1555Kb free=4302Kb
 bounds [0x0000018ecf170000, 0x0000018ecf3e0000, 0x0000018ecf710000]
CodeCache: size=245760Kb, used=39626Kb, max_used=39724Kb, free=206131Kb
 total_blobs=12283, nmethods=11508, adapters=680, full_count=0
Compilation: enabled, stopped_count=0, restarted_count=0

Compilation events (20 events):
Event: 38.580 Thread 0x0000018edc644350 nmethod 12253 0x0000018ec977cc10 code [0x0000018ec977cde0, 0x0000018ec977d070]
Event: 38.580 Thread 0x0000018edc644350 12251       3       org.eclipse.jdt.internal.compiler.lookup.TypeVariableBinding::unannotated (20 bytes)
Event: 38.580 Thread 0x0000018edc644350 nmethod 12251 0x0000018ec977d190 code [0x0000018ec977d360, 0x0000018ec977d648]
Event: 38.580 Thread 0x0000018edc644350 12247       3       java.util.stream.ReduceOps$4ReducingSink::begin (14 bytes)
Event: 38.580 Thread 0x0000018edc644350 nmethod 12247 0x0000018ec977d790 code [0x0000018ec977d940, 0x0000018ec977db40]
Event: 38.580 Thread 0x0000018edc644350 12248       3       org.eclipse.jdt.internal.compiler.lookup.ModuleBinding$$Lambda/0x0000018e8167b7a8::get (8 bytes)
Event: 38.580 Thread 0x0000018edc644350 nmethod 12248 0x0000018ec977dc10 code [0x0000018ec977dde0, 0x0000018ec977e268]
Event: 38.580 Thread 0x0000018edc644350 12252       1       org.eclipse.jdt.internal.compiler.lookup.TypeVariableBinding::readableName (5 bytes)
Event: 38.581 Thread 0x0000018edc644350 nmethod 12252 0x0000018ed0107d10 code [0x0000018ed0107ea0, 0x0000018ed0107f68]
Event: 38.584 Thread 0x0000018edc644350 12255       3       org.eclipse.jdt.internal.compiler.ast.ConstructorDeclaration::isCompactConstructor (15 bytes)
Event: 38.585 Thread 0x0000018edc644350 nmethod 12255 0x0000018ec977e410 code [0x0000018ec977e5c0, 0x0000018ec977e738]
Event: 38.586 Thread 0x0000018edc644350 12256       3       org.eclipse.jdt.internal.compiler.lookup.UnresolvedReferenceBinding::setResolvedType (69 bytes)
Event: 38.587 Thread 0x0000018edc644350 nmethod 12256 0x0000018ec977e810 code [0x0000018ec977ea00, 0x0000018ec977eee0]
Event: 38.589 Thread 0x0000018edc644350 12257       3       org.eclipse.jdt.internal.compiler.ast.Expression::computeConversion (372 bytes)
Event: 38.590 Thread 0x0000018edc644350 nmethod 12257 0x0000018ec977f110 code [0x0000018ec977f460, 0x0000018ec97808d0]
Event: 38.590 Thread 0x0000018edc644350 12259       3       java.lang.StackTraceElement::of (39 bytes)
Event: 38.591 Thread 0x0000018edc644350 nmethod 12259 0x0000018ec9780f10 code [0x0000018ec9781100, 0x0000018ec9781628]
Event: 38.591 Thread 0x0000018edc644350 12258       3       org.eclipse.jdt.internal.compiler.impl.JavaFeature::isSupported (22 bytes)
Event: 38.591 Thread 0x0000018edc644350 nmethod 12258 0x0000018ec9781810 code [0x0000018ec97819c0, 0x0000018ec9781ba8]
Event: 38.781 Thread 0x0000018edc644350 12261       3       org.eclipse.lsp4j.jsonrpc.messages.Either::get (26 bytes)

GC Heap History (20 events):
Event: 23.867 GC heap before
{Heap before GC invocations=53 (full 3):
 PSYoungGen      total 21504K, used 21488K [0x00000000d5580000, 0x00000000d7080000, 0x0000000100000000)
  eden space 19456K, 100% used [0x00000000d5580000,0x00000000d6880000,0x00000000d6880000)
  from space 2048K, 99% used [0x00000000d6a00000,0x00000000d6bfc2f0,0x00000000d6c00000)
  to   space 4096K, 0% used [0x00000000d6c80000,0x00000000d6c80000,0x00000000d7080000)
 ParOldGen       total 68608K, used 62849K [0x0000000080000000, 0x0000000084300000, 0x00000000d5580000)
  object space 68608K, 91% used [0x0000000080000000,0x0000000083d60508,0x0000000084300000)
 Metaspace       used 66555K, committed 67968K, reserved 1114112K
  class space    used 7057K, committed 7680K, reserved 1048576K
}
Event: 23.869 GC heap after
{Heap after GC invocations=53 (full 3):
 PSYoungGen      total 20992K, used 1152K [0x00000000d5580000, 0x00000000d6e00000, 0x0000000100000000)
  eden space 19456K, 0% used [0x00000000d5580000,0x00000000d5580000,0x00000000d6880000)
  from space 1536K, 75% used [0x00000000d6c80000,0x00000000d6da0000,0x00000000d6e00000)
  to   space 2048K, 0% used [0x00000000d6a00000,0x00000000d6a00000,0x00000000d6c00000)
 ParOldGen       total 68608K, used 64593K [0x0000000080000000, 0x0000000084300000, 0x00000000d5580000)
  object space 68608K, 94% used [0x0000000080000000,0x0000000083f147f8,0x0000000084300000)
 Metaspace       used 66555K, committed 67968K, reserved 1114112K
  class space    used 7057K, committed 7680K, reserved 1048576K
}
Event: 25.126 GC heap before
{Heap before GC invocations=54 (full 3):
 PSYoungGen      total 20992K, used 20608K [0x00000000d5580000, 0x00000000d6e00000, 0x0000000100000000)
  eden space 19456K, 100% used [0x00000000d5580000,0x00000000d6880000,0x00000000d6880000)
  from space 1536K, 75% used [0x00000000d6c80000,0x00000000d6da0000,0x00000000d6e00000)
  to   space 2048K, 0% used [0x00000000d6a00000,0x00000000d6a00000,0x00000000d6c00000)
 ParOldGen       total 68608K, used 64593K [0x0000000080000000, 0x0000000084300000, 0x00000000d5580000)
  object space 68608K, 94% used [0x0000000080000000,0x0000000083f147f8,0x0000000084300000)
 Metaspace       used 66677K, committed 68160K, reserved 1114112K
  class space    used 7058K, committed 7680K, reserved 1048576K
}
Event: 25.130 GC heap after
{Heap after GC invocations=54 (full 3):
 PSYoungGen      total 21504K, used 304K [0x00000000d5580000, 0x00000000d6d00000, 0x0000000100000000)
  eden space 19456K, 0% used [0x00000000d5580000,0x00000000d5580000,0x00000000d6880000)
  from space 2048K, 14% used [0x00000000d6a00000,0x00000000d6a4c010,0x00000000d6c00000)
  to   space 1024K, 0% used [0x00000000d6c00000,0x00000000d6c00000,0x00000000d6d00000)
 ParOldGen       total 68608K, used 65601K [0x0000000080000000, 0x0000000084300000, 0x00000000d5580000)
  object space 68608K, 95% used [0x0000000080000000,0x00000000840107f8,0x0000000084300000)
 Metaspace       used 66677K, committed 68160K, reserved 1114112K
  class space    used 7058K, committed 7680K, reserved 1048576K
}
Event: 26.173 GC heap before
{Heap before GC invocations=55 (full 3):
 PSYoungGen      total 21504K, used 19732K [0x00000000d5580000, 0x00000000d6d00000, 0x0000000100000000)
  eden space 19456K, 99% used [0x00000000d5580000,0x00000000d6879340,0x00000000d6880000)
  from space 2048K, 14% used [0x00000000d6a00000,0x00000000d6a4c010,0x00000000d6c00000)
  to   space 1024K, 0% used [0x00000000d6c00000,0x00000000d6c00000,0x00000000d6d00000)
 ParOldGen       total 68608K, used 65601K [0x0000000080000000, 0x0000000084300000, 0x00000000d5580000)
  object space 68608K, 95% used [0x0000000080000000,0x00000000840107f8,0x0000000084300000)
 Metaspace       used 66811K, committed 68288K, reserved 1114112K
  class space    used 7067K, committed 7680K, reserved 1048576K
}
Event: 26.176 GC heap after
{Heap after GC invocations=55 (full 3):
 PSYoungGen      total 15872K, used 1001K [0x00000000d5580000, 0x00000000d7880000, 0x0000000100000000)
  eden space 14848K, 0% used [0x00000000d5580000,0x00000000d5580000,0x00000000d6400000)
  from space 1024K, 97% used [0x00000000d6c00000,0x00000000d6cfa5d0,0x00000000d6d00000)
  to   space 8192K, 0% used [0x00000000d6400000,0x00000000d6400000,0x00000000d6c00000)
 ParOldGen       total 71680K, used 71504K [0x0000000080000000, 0x0000000084600000, 0x00000000d5580000)
  object space 71680K, 99% used [0x0000000080000000,0x00000000845d40b8,0x0000000084600000)
 Metaspace       used 66811K, committed 68288K, reserved 1114112K
  class space    used 7067K, committed 7680K, reserved 1048576K
}
Event: 26.225 GC heap before
{Heap before GC invocations=56 (full 3):
 PSYoungGen      total 15872K, used 15849K [0x00000000d5580000, 0x00000000d7880000, 0x0000000100000000)
  eden space 14848K, 100% used [0x00000000d5580000,0x00000000d6400000,0x00000000d6400000)
  from space 1024K, 97% used [0x00000000d6c00000,0x00000000d6cfa5d0,0x00000000d6d00000)
  to   space 8192K, 0% used [0x00000000d6400000,0x00000000d6400000,0x00000000d6c00000)
 ParOldGen       total 71680K, used 71504K [0x0000000080000000, 0x0000000084600000, 0x00000000d5580000)
  object space 71680K, 99% used [0x0000000080000000,0x00000000845d40b8,0x0000000084600000)
 Metaspace       used 66829K, committed 68288K, reserved 1114112K
  class space    used 7067K, committed 7680K, reserved 1048576K
}
Event: 26.229 GC heap after
{Heap after GC invocations=56 (full 3):
 PSYoungGen      total 19968K, used 4806K [0x00000000d5580000, 0x00000000d6f00000, 0x0000000100000000)
  eden space 14848K, 0% used [0x00000000d5580000,0x00000000d5580000,0x00000000d6400000)
  from space 5120K, 93% used [0x00000000d6400000,0x00000000d68b1b00,0x00000000d6900000)
  to   space 5632K, 0% used [0x00000000d6980000,0x00000000d6980000,0x00000000d6f00000)
 ParOldGen       total 72704K, used 72310K [0x0000000080000000, 0x0000000084700000, 0x00000000d5580000)
  object space 72704K, 99% used [0x0000000080000000,0x000000008469dba0,0x0000000084700000)
 Metaspace       used 66829K, committed 68288K, reserved 1114112K
  class space    used 7067K, committed 7680K, reserved 1048576K
}
Event: 26.748 GC heap before
{Heap before GC invocations=57 (full 3):
 PSYoungGen      total 19968K, used 19654K [0x00000000d5580000, 0x00000000d6f00000, 0x0000000100000000)
  eden space 14848K, 99% used [0x00000000d5580000,0x00000000d63ffff8,0x00000000d6400000)
  from space 5120K, 93% used [0x00000000d6400000,0x00000000d68b1b00,0x00000000d6900000)
  to   space 5632K, 0% used [0x00000000d6980000,0x00000000d6980000,0x00000000d6f00000)
 ParOldGen       total 72704K, used 72310K [0x0000000080000000, 0x0000000084700000, 0x00000000d5580000)
  object space 72704K, 99% used [0x0000000080000000,0x000000008469dba0,0x0000000084700000)
 Metaspace       used 66951K, committed 68352K, reserved 1114112K
  class space    used 7067K, committed 7680K, reserved 1048576K
}
Event: 26.753 GC heap after
{Heap after GC invocations=57 (full 3):
 PSYoungGen      total 15872K, used 544K [0x00000000d5580000, 0x00000000d6a80000, 0x0000000100000000)
  eden space 14848K, 0% used [0x00000000d5580000,0x00000000d5580000,0x00000000d6400000)
  from space 1024K, 53% used [0x00000000d6980000,0x00000000d6a08000,0x00000000d6a80000)
  to   space 2560K, 0% used [0x00000000d6580000,0x00000000d6580000,0x00000000d6800000)
 ParOldGen       total 76288K, used 76277K [0x0000000080000000, 0x0000000084a80000, 0x00000000d5580000)
  object space 76288K, 99% used [0x0000000080000000,0x0000000084a7d690,0x0000000084a80000)
 Metaspace       used 66951K, committed 68352K, reserved 1114112K
  class space    used 7067K, committed 7680K, reserved 1048576K
}
Event: 26.885 GC heap before
{Heap before GC invocations=58 (full 3):
 PSYoungGen      total 15872K, used 15392K [0x00000000d5580000, 0x00000000d6a80000, 0x0000000100000000)
  eden space 14848K, 100% used [0x00000000d5580000,0x00000000d6400000,0x00000000d6400000)
  from space 1024K, 53% used [0x00000000d6980000,0x00000000d6a08000,0x00000000d6a80000)
  to   space 2560K, 0% used [0x00000000d6580000,0x00000000d6580000,0x00000000d6800000)
 ParOldGen       total 76288K, used 76277K [0x0000000080000000, 0x0000000084a80000, 0x00000000d5580000)
  object space 76288K, 99% used [0x0000000080000000,0x0000000084a7d690,0x0000000084a80000)
 Metaspace       used 66982K, committed 68416K, reserved 1114112K
  class space    used 7067K, committed 7680K, reserved 1048576K
}
Event: 26.889 GC heap after
{Heap after GC invocations=58 (full 3):
 PSYoungGen      total 17408K, used 2544K [0x00000000d5580000, 0x00000000d6e00000, 0x0000000100000000)
  eden space 14848K, 0% used [0x00000000d5580000,0x00000000d5580000,0x00000000d6400000)
  from space 2560K, 99% used [0x00000000d6580000,0x00000000d67fc2f0,0x00000000d6800000)
  to   space 5120K, 0% used [0x00000000d6900000,0x00000000d6900000,0x00000000d6e00000)
 ParOldGen       total 77824K, used 77765K [0x0000000080000000, 0x0000000084c00000, 0x00000000d5580000)
  object space 77824K, 99% used [0x0000000080000000,0x0000000084bf1690,0x0000000084c00000)
 Metaspace       used 66982K, committed 68416K, reserved 1114112K
  class space    used 7067K, committed 7680K, reserved 1048576K
}
Event: 27.861 GC heap before
{Heap before GC invocations=59 (full 3):
 PSYoungGen      total 17408K, used 17392K [0x00000000d5580000, 0x00000000d6e00000, 0x0000000100000000)
  eden space 14848K, 100% used [0x00000000d5580000,0x00000000d6400000,0x00000000d6400000)
  from space 2560K, 99% used [0x00000000d6580000,0x00000000d67fc2f0,0x00000000d6800000)
  to   space 5120K, 0% used [0x00000000d6900000,0x00000000d6900000,0x00000000d6e00000)
 ParOldGen       total 77824K, used 77765K [0x0000000080000000, 0x0000000084c00000, 0x00000000d5580000)
  object space 77824K, 99% used [0x0000000080000000,0x0000000084bf1690,0x0000000084c00000)
 Metaspace       used 66998K, committed 68416K, reserved 1114112K
  class space    used 7067K, committed 7680K, reserved 1048576K
}
Event: 27.862 GC heap after
{Heap after GC invocations=59 (full 3):
 PSYoungGen      total 15360K, used 352K [0x00000000d5580000, 0x00000000d6980000, 0x0000000100000000)
  eden space 14848K, 0% used [0x00000000d5580000,0x00000000d5580000,0x00000000d6400000)
  from space 512K, 68% used [0x00000000d6900000,0x00000000d6958000,0x00000000d6980000)
  to   space 2048K, 0% used [0x00000000d6580000,0x00000000d6580000,0x00000000d6780000)
 ParOldGen       total 78336K, used 78132K [0x0000000080000000, 0x0000000084c80000, 0x00000000d5580000)
  object space 78336K, 99% used [0x0000000080000000,0x0000000084c4d0d0,0x0000000084c80000)
 Metaspace       used 66998K, committed 68416K, reserved 1114112K
  class space    used 7067K, committed 7680K, reserved 1048576K
}
Event: 28.252 GC heap before
{Heap before GC invocations=60 (full 3):
 PSYoungGen      total 15360K, used 15200K [0x00000000d5580000, 0x00000000d6980000, 0x0000000100000000)
  eden space 14848K, 100% used [0x00000000d5580000,0x00000000d6400000,0x00000000d6400000)
  from space 512K, 68% used [0x00000000d6900000,0x00000000d6958000,0x00000000d6980000)
  to   space 2048K, 0% used [0x00000000d6580000,0x00000000d6580000,0x00000000d6780000)
 ParOldGen       total 78336K, used 78132K [0x0000000080000000, 0x0000000084c80000, 0x00000000d5580000)
  object space 78336K, 99% used [0x0000000080000000,0x0000000084c4d0d0,0x0000000084c80000)
 Metaspace       used 67041K, committed 68480K, reserved 1114112K
  class space    used 7067K, committed 7680K, reserved 1048576K
}
Event: 28.253 GC heap after
{Heap after GC invocations=60 (full 3):
 PSYoungGen      total 16896K, used 288K [0x00000000d5580000, 0x00000000d6980000, 0x0000000100000000)
  eden space 14848K, 0% used [0x00000000d5580000,0x00000000d5580000,0x00000000d6400000)
  from space 2048K, 14% used [0x00000000d6580000,0x00000000d65c8000,0x00000000d6780000)
  to   space 1024K, 0% used [0x00000000d6880000,0x00000000d6880000,0x00000000d6980000)
 ParOldGen       total 78336K, used 78188K [0x0000000080000000, 0x0000000084c80000, 0x00000000d5580000)
  object space 78336K, 99% used [0x0000000080000000,0x0000000084c5b0d0,0x0000000084c80000)
 Metaspace       used 67041K, committed 68480K, reserved 1114112K
  class space    used 7067K, committed 7680K, reserved 1048576K
}
Event: 34.513 GC heap before
{Heap before GC invocations=61 (full 3):
 PSYoungGen      total 16896K, used 15123K [0x00000000d5580000, 0x00000000d6980000, 0x0000000100000000)
  eden space 14848K, 99% used [0x00000000d5580000,0x00000000d63fcf98,0x00000000d6400000)
  from space 2048K, 14% used [0x00000000d6580000,0x00000000d65c8000,0x00000000d6780000)
  to   space 1024K, 0% used [0x00000000d6880000,0x00000000d6880000,0x00000000d6980000)
 ParOldGen       total 78336K, used 78188K [0x0000000080000000, 0x0000000084c80000, 0x00000000d5580000)
  object space 78336K, 99% used [0x0000000080000000,0x0000000084c5b0d0,0x0000000084c80000)
 Metaspace       used 67468K, committed 68864K, reserved 1114112K
  class space    used 7103K, committed 7680K, reserved 1048576K
}
Event: 34.516 GC heap after
{Heap after GC invocations=61 (full 3):
 PSYoungGen      total 15872K, used 839K [0x00000000d5580000, 0x00000000d6980000, 0x0000000100000000)
  eden space 14848K, 0% used [0x00000000d5580000,0x00000000d5580000,0x00000000d6400000)
  from space 1024K, 81% used [0x00000000d6880000,0x00000000d6951e00,0x00000000d6980000)
  to   space 1024K, 0% used [0x00000000d6780000,0x00000000d6780000,0x00000000d6880000)
 ParOldGen       total 78336K, used 78204K [0x0000000080000000, 0x0000000084c80000, 0x00000000d5580000)
  object space 78336K, 99% used [0x0000000080000000,0x0000000084c5f0d0,0x0000000084c80000)
 Metaspace       used 67468K, committed 68864K, reserved 1114112K
  class space    used 7103K, committed 7680K, reserved 1048576K
}
Event: 37.311 GC heap before
{Heap before GC invocations=62 (full 3):
 PSYoungGen      total 15872K, used 15687K [0x00000000d5580000, 0x00000000d6980000, 0x0000000100000000)
  eden space 14848K, 100% used [0x00000000d5580000,0x00000000d6400000,0x00000000d6400000)
  from space 1024K, 81% used [0x00000000d6880000,0x00000000d6951e00,0x00000000d6980000)
  to   space 1024K, 0% used [0x00000000d6780000,0x00000000d6780000,0x00000000d6880000)
 ParOldGen       total 78336K, used 78204K [0x0000000080000000, 0x0000000084c80000, 0x00000000d5580000)
  object space 78336K, 99% used [0x0000000080000000,0x0000000084c5f0d0,0x0000000084c80000)
 Metaspace       used 67935K, committed 69376K, reserved 1114112K
  class space    used 7141K, committed 7744K, reserved 1048576K
}
Event: 37.314 GC heap after
{Heap after GC invocations=62 (full 3):
 PSYoungGen      total 15360K, used 480K [0x00000000d5580000, 0x00000000d6900000, 0x0000000100000000)
  eden space 14848K, 0% used [0x00000000d5580000,0x00000000d5580000,0x00000000d6400000)
  from space 512K, 93% used [0x00000000d6780000,0x00000000d67f8000,0x00000000d6800000)
  to   space 1024K, 0% used [0x00000000d6800000,0x00000000d6800000,0x00000000d6900000)
 ParOldGen       total 78848K, used 78825K [0x0000000080000000, 0x0000000084d00000, 0x00000000d5580000)
  object space 78848K, 99% used [0x0000000080000000,0x0000000084cfa698,0x0000000084d00000)
 Metaspace       used 67935K, committed 69376K, reserved 1114112K
  class space    used 7141K, committed 7744K, reserved 1048576K
}

Dll operation events (10 events):
Event: 0.018 Loaded shared library c:\Users\SAMPRASANNA S\.vscode\extensions\redhat.java-1.52.0-win32-x64\jre\21.0.9-win32-x86_64\bin\java.dll
Event: 0.090 Loaded shared library c:\Users\SAMPRASANNA S\.vscode\extensions\redhat.java-1.52.0-win32-x64\jre\21.0.9-win32-x86_64\bin\zip.dll
Event: 0.116 Loaded shared library C:\Users\SAMPRASANNA S\.vscode\extensions\redhat.java-1.52.0-win32-x64\jre\21.0.9-win32-x86_64\bin\instrument.dll
Event: 0.124 Loaded shared library C:\Users\SAMPRASANNA S\.vscode\extensions\redhat.java-1.52.0-win32-x64\jre\21.0.9-win32-x86_64\bin\net.dll
Event: 0.131 Loaded shared library C:\Users\SAMPRASANNA S\.vscode\extensions\redhat.java-1.52.0-win32-x64\jre\21.0.9-win32-x86_64\bin\nio.dll
Event: 0.136 Loaded shared library C:\Users\SAMPRASANNA S\.vscode\extensions\redhat.java-1.52.0-win32-x64\jre\21.0.9-win32-x86_64\bin\zip.dll
Event: 0.157 Loaded shared library C:\Users\SAMPRASANNA S\.vscode\extensions\redhat.java-1.52.0-win32-x64\jre\21.0.9-win32-x86_64\bin\jimage.dll
Event: 0.257 Loaded shared library c:\Users\SAMPRASANNA S\.vscode\extensions\redhat.java-1.52.0-win32-x64\jre\21.0.9-win32-x86_64\bin\verify.dll
Event: 1.624 Loaded shared library C:\Users\SAMPRASANNA S\AppData\Roaming\Code\User\globalStorage\redhat.java\1.52.0\config_win\org.eclipse.equinox.launcher\org.eclipse.equinox.launcher.win32.win32.x86_64_1.2.1500.v20260121-1430\eclipse_11919.dll
Event: 3.387 Loaded shared library C:\Users\SAMPRASANNA S\AppData\Local\Temp\jna--529860986\jna2113048231529371360.dll

Deoptimization events (20 events):
Event: 37.607 Thread 0x0000018ee6000560 Uncommon trap: trap_request=0xffffffbe fr.pc=0x0000018ed0107090 relative=0x00000000000003b0
Event: 37.839 Thread 0x0000018ee27d3bc0 Uncommon trap: trap_request=0xffffff76 fr.pc=0x0000018ecff0f5e8 relative=0x00000000000004e8
Event: 38.527 Thread 0x0000018ee6000560 Uncommon trap: reason=profile_predicate action=maybe_recompile pc=0x0000018ed0107090 method=java.util.Arrays.binarySearch0([Ljava/lang/Object;IILjava/lang/Object;)I @ 12 c2
Event: 38.528 Thread 0x0000018ee27d3bc0 Uncommon trap: reason=predicate action=maybe_recompile pc=0x0000018ecff0f5e8 method=org.eclipse.jdt.internal.compiler.parser.Scanner.checkTaskTag(II)V @ 203 c2
Event: 38.573 Thread 0x0000018ee27d3bc0 DEOPT PACKING pc=0x0000018ecff0f5e8 sp=0x00000003e5afe5e0
Event: 38.573 Thread 0x0000018ee27d3bc0 DEOPT UNPACKING pc=0x0000018ecf1c3aa2 sp=0x00000003e5afe550 mode 2
Event: 38.573 Thread 0x0000018ee6000560 DEOPT PACKING pc=0x0000018ed0107090 sp=0x00000003e72fe040
Event: 38.573 Thread 0x0000018ee6000560 DEOPT UNPACKING pc=0x0000018ecf1c3aa2 sp=0x00000003e72fdfc0 mode 2
Event: 38.577 Thread 0x0000018ee6000560 Uncommon trap: trap_request=0xffffffbe fr.pc=0x0000018ed0107090 relative=0x00000000000003b0
Event: 38.577 Thread 0x0000018ee6000560 Uncommon trap: reason=profile_predicate action=maybe_recompile pc=0x0000018ed0107090 method=java.util.Arrays.binarySearch0([Ljava/lang/Object;IILjava/lang/Object;)I @ 12 c2
Event: 38.577 Thread 0x0000018ee6000560 DEOPT PACKING pc=0x0000018ed0107090 sp=0x00000003e72fe040
Event: 38.577 Thread 0x0000018ee6000560 DEOPT UNPACKING pc=0x0000018ecf1c3aa2 sp=0x00000003e72fdfc0 mode 2
Event: 38.577 Thread 0x0000018ee6000560 Uncommon trap: trap_request=0xffffffbe fr.pc=0x0000018ed0107090 relative=0x00000000000003b0
Event: 38.577 Thread 0x0000018ee6000560 Uncommon trap: reason=profile_predicate action=maybe_recompile pc=0x0000018ed0107090 method=java.util.Arrays.binarySearch0([Ljava/lang/Object;IILjava/lang/Object;)I @ 12 c2
Event: 38.577 Thread 0x0000018ee6000560 DEOPT PACKING pc=0x0000018ed0107090 sp=0x00000003e72fe040
Event: 38.577 Thread 0x0000018ee6000560 DEOPT UNPACKING pc=0x0000018ecf1c3aa2 sp=0x00000003e72fdfc0 mode 2
Event: 38.577 Thread 0x0000018ee6000560 Uncommon trap: trap_request=0xffffffbe fr.pc=0x0000018ed0107090 relative=0x00000000000003b0
Event: 38.577 Thread 0x0000018ee6000560 Uncommon trap: reason=profile_predicate action=maybe_recompile pc=0x0000018ed0107090 method=java.util.Arrays.binarySearch0([Ljava/lang/Object;IILjava/lang/Object;)I @ 12 c2
Event: 38.577 Thread 0x0000018ee6000560 DEOPT PACKING pc=0x0000018ed0107090 sp=0x00000003e72fe040
Event: 38.577 Thread 0x0000018ee6000560 DEOPT UNPACKING pc=0x0000018ecf1c3aa2 sp=0x00000003e72fdfc0 mode 2

Classes loaded (20 events):
Event: 34.453 Loading class sun/util/cldr/CLDRTimeZoneNameProviderImpl
Event: 34.453 Loading class sun/util/locale/provider/TimeZoneNameProviderImpl
Event: 34.454 Loading class sun/util/locale/provider/TimeZoneNameProviderImpl done
Event: 34.454 Loading class sun/util/cldr/CLDRTimeZoneNameProviderImpl done
Event: 34.456 Loading class sun/util/resources/cldr/TimeZoneNames
Event: 34.456 Loading class sun/util/resources/TimeZoneNamesBundle
Event: 34.456 Loading class sun/util/resources/OpenListResourceBundle
Event: 34.457 Loading class sun/util/resources/OpenListResourceBundle done
Event: 34.457 Loading class sun/util/resources/TimeZoneNamesBundle done
Event: 34.457 Loading class sun/util/resources/cldr/TimeZoneNames done
Event: 34.462 Loading class sun/util/resources/cldr/TimeZoneNames_en
Event: 34.477 Loading class sun/util/resources/cldr/TimeZoneNames_en done
Event: 34.477 Loading class sun/util/resources/cldr/TimeZoneNames_en_US
Event: 34.477 Loading class sun/util/resources/cldr/TimeZoneNames_en_US done
Event: 34.478 Loading class sun/util/cldr/CLDRBaseLocaleDataMetaInfo$TZCanonicalIDMapHolder
Event: 34.479 Loading class sun/util/cldr/CLDRBaseLocaleDataMetaInfo$TZCanonicalIDMapHolder done
Event: 34.481 Loading class sun/util/resources/TimeZoneNames
Event: 34.483 Loading class sun/util/resources/TimeZoneNames done
Event: 34.483 Loading class sun/util/resources/TimeZoneNames_en
Event: 34.483 Loading class sun/util/resources/TimeZoneNames_en done

Classes unloaded (20 events):
Event: 10.197 Thread 0x0000018ec4ae2b30 Unloading class 0x0000018e81693000 'java/lang/invoke/LambdaForm$MH+0x0000018e81693000'
Event: 10.197 Thread 0x0000018ec4ae2b30 Unloading class 0x0000018e81692c00 'java/lang/invoke/LambdaForm$MH+0x0000018e81692c00'
Event: 10.197 Thread 0x0000018ec4ae2b30 Unloading class 0x0000018e81692400 'java/lang/invoke/LambdaForm$MH+0x0000018e81692400'
Event: 10.197 Thread 0x0000018ec4ae2b30 Unloading class 0x0000018e81692000 'java/lang/invoke/LambdaForm$MH+0x0000018e81692000'
Event: 10.197 Thread 0x0000018ec4ae2b30 Unloading class 0x0000018e81691c00 'java/lang/invoke/LambdaForm$MH+0x0000018e81691c00'
Event: 10.197 Thread 0x0000018ec4ae2b30 Unloading class 0x0000018e81691400 'java/lang/invoke/LambdaForm$MH+0x0000018e81691400'
Event: 10.197 Thread 0x0000018ec4ae2b30 Unloading class 0x0000018e81691000 'java/lang/invoke/LambdaForm$MH+0x0000018e81691000'
Event: 10.197 Thread 0x0000018ec4ae2b30 Unloading class 0x0000018e81690c00 'java/lang/invoke/LambdaForm$MH+0x0000018e81690c00'
Event: 10.197 Thread 0x0000018ec4ae2b30 Unloading class 0x0000018e81690000 'java/lang/invoke/LambdaForm$MH+0x0000018e81690000'
Event: 10.197 Thread 0x0000018ec4ae2b30 Unloading class 0x0000018e81690400 'java/lang/invoke/LambdaForm$MH+0x0000018e81690400'
Event: 10.197 Thread 0x0000018ec4ae2b30 Unloading class 0x0000018e8168ac00 'java/lang/invoke/LambdaForm$MH+0x0000018e8168ac00'
Event: 10.197 Thread 0x0000018ec4ae2b30 Unloading class 0x0000018e81689800 'java/lang/invoke/LambdaForm$MH+0x0000018e81689800'
Event: 10.197 Thread 0x0000018ec4ae2b30 Unloading class 0x0000018e81689400 'java/lang/invoke/LambdaForm$MH+0x0000018e81689400'
Event: 10.197 Thread 0x0000018ec4ae2b30 Unloading class 0x0000018e81689000 'java/lang/invoke/LambdaForm$MH+0x0000018e81689000'
Event: 10.197 Thread 0x0000018ec4ae2b30 Unloading class 0x0000018e81688400 'java/lang/invoke/LambdaForm$MH+0x0000018e81688400'
Event: 10.197 Thread 0x0000018ec4ae2b30 Unloading class 0x0000018e81688800 'java/lang/invoke/LambdaForm$MH+0x0000018e81688800'
Event: 10.197 Thread 0x0000018ec4ae2b30 Unloading class 0x0000018e81688000 'java/lang/invoke/LambdaForm$MH+0x0000018e81688000'
Event: 10.197 Thread 0x0000018ec4ae2b30 Unloading class 0x0000018e81680c00 'java/lang/invoke/LambdaForm$DMH+0x0000018e81680c00'
Event: 10.197 Thread 0x0000018ec4ae2b30 Unloading class 0x0000018e81680800 'java/lang/invoke/LambdaForm$DMH+0x0000018e81680800'
Event: 10.197 Thread 0x0000018ec4ae2b30 Unloading class 0x0000018e81680000 'java/lang/invoke/LambdaForm$DMH+0x0000018e81680000'

Classes redefined (0 events):
No events

Internal exceptions (20 events):
Event: 23.771 Thread 0x0000018ee6000560 Exception <a 'java/lang/ArrayIndexOutOfBoundsException'{0x00000000d6675490}: Index 2679 out of bounds for length 2679> (0x00000000d6675490) 
thrown [s\src\hotspot\share\interpreter\interpreterRuntime.cpp, line 439]
Event: 23.771 Thread 0x0000018ee6000560 Exception <a 'java/lang/ArrayIndexOutOfBoundsException'{0x00000000d66757b8}: Index 2680 out of bounds for length 2679> (0x00000000d66757b8) 
thrown [s\src\hotspot\share\interpreter\interpreterRuntime.cpp, line 439]
Event: 26.155 Thread 0x0000018ee27d5600 Exception <a 'sun/nio/fs/WindowsException'{0x00000000d6141548}> (0x00000000d6141548) 
thrown [s\src\hotspot\share\prims\jni.cpp, line 520]
Event: 26.264 Thread 0x0000018ee27d5600 Exception <a 'sun/nio/fs/WindowsException'{0x00000000d5585638}> (0x00000000d5585638) 
thrown [s\src\hotspot\share\prims\jni.cpp, line 520]
Event: 26.350 Thread 0x0000018ee6000560 Exception <a 'java/lang/ArrayIndexOutOfBoundsException'{0x00000000d5a3b628}> (0x00000000d5a3b628) 
thrown [s\src\hotspot\share\runtime\sharedRuntime.cpp, line 625]
Event: 26.350 Thread 0x0000018ee6000560 Exception <a 'java/lang/ArrayIndexOutOfBoundsException'{0x00000000d5a3bc60}> (0x00000000d5a3bc60) 
thrown [s\src\hotspot\share\runtime\sharedRuntime.cpp, line 625]
Event: 26.351 Thread 0x0000018ee6000560 Exception <a 'java/lang/ArrayIndexOutOfBoundsException'{0x00000000d5a3bf88}> (0x00000000d5a3bf88) 
thrown [s\src\hotspot\share\runtime\sharedRuntime.cpp, line 625]
Event: 26.997 Thread 0x0000018ee6000560 Exception <a 'java/lang/ArrayIndexOutOfBoundsException'{0x00000000d5fc6418}> (0x00000000d5fc6418) 
thrown [s\src\hotspot\share\runtime\sharedRuntime.cpp, line 625]
Event: 26.997 Thread 0x0000018ee6000560 Exception <a 'java/lang/ArrayIndexOutOfBoundsException'{0x00000000d5fc6a50}> (0x00000000d5fc6a50) 
thrown [s\src\hotspot\share\runtime\sharedRuntime.cpp, line 625]
Event: 26.997 Thread 0x0000018ee6000560 Exception <a 'java/lang/ArrayIndexOutOfBoundsException'{0x00000000d5fc6d78}> (0x00000000d5fc6d78) 
thrown [s\src\hotspot\share\runtime\sharedRuntime.cpp, line 625]
Event: 28.376 Thread 0x0000018ee6000560 Exception <a 'java/lang/ArrayIndexOutOfBoundsException'{0x00000000d5dce2a0}> (0x00000000d5dce2a0) 
thrown [s\src\hotspot\share\runtime\sharedRuntime.cpp, line 625]
Event: 28.376 Thread 0x0000018ee6000560 Exception <a 'java/lang/ArrayIndexOutOfBoundsException'{0x00000000d5dce8d8}> (0x00000000d5dce8d8) 
thrown [s\src\hotspot\share\runtime\sharedRuntime.cpp, line 625]
Event: 28.376 Thread 0x0000018ee6000560 Exception <a 'java/lang/ArrayIndexOutOfBoundsException'{0x00000000d5dcec00}> (0x00000000d5dcec00) 
thrown [s\src\hotspot\share\runtime\sharedRuntime.cpp, line 625]
Event: 28.691 Thread 0x0000018ee5fff1b0 Exception <a 'java/lang/IncompatibleClassChangeError'{0x00000000d5dee868}: Found class java.lang.Object, but interface was expected> (0x00000000d5dee868) 
thrown [s\src\hotspot\share\interpreter\linkResolver.cpp, line 840]
Event: 28.719 Thread 0x0000018ee6000560 Exception <a 'java/lang/NoSuchMethodError'{0x00000000d5eccce0}: 'java.lang.Object java.lang.invoke.DirectMethodHandle$Holder.invokeStatic(java.lang.Object, int, java.lang.Object)'> (0x00000000d5eccce0) 
thrown [s\src\hotspot\share\interpreter\linkResolver.cpp, line 773]
Event: 34.511 Thread 0x0000018ee6000560 Exception <a 'java/lang/ArrayIndexOutOfBoundsException'{0x00000000d63b6b78}> (0x00000000d63b6b78) 
thrown [s\src\hotspot\share\runtime\sharedRuntime.cpp, line 625]
Event: 34.511 Thread 0x0000018ee6000560 Exception <a 'java/lang/ArrayIndexOutOfBoundsException'{0x00000000d63b71b0}> (0x00000000d63b71b0) 
thrown [s\src\hotspot\share\runtime\sharedRuntime.cpp, line 625]
Event: 34.511 Thread 0x0000018ee6000560 Exception <a 'java/lang/ArrayIndexOutOfBoundsException'{0x00000000d63b74d8}> (0x00000000d63b74d8) 
thrown [s\src\hotspot\share\runtime\sharedRuntime.cpp, line 625]
Event: 37.447 Thread 0x0000018ee5fffed0 Implicit null exception at 0x0000018ecfeeba2b to 0x0000018ecfeec036
Event: 37.451 Thread 0x0000018ee6000560 Exception <a 'java/lang/NoSuchMethodError'{0x00000000d5603780}: 'java.lang.Object java.lang.invoke.DirectMethodHandle$Holder.invokeStatic(java.lang.Object, int, java.lang.Object, java.lang.Object, java.lang.Object, java.lang.Object)'> (0x00000000d5603780) 
thrown [s\src\hotspot\share\interpreter\linkResolver.cpp, line 773]

ZGC Phase Switch (0 events):
No events

VM Operations (20 events):
Event: 29.728 Executing VM operation: Cleanup done
Event: 30.731 Executing VM operation: Cleanup
Event: 30.731 Executing VM operation: Cleanup done
Event: 31.745 Executing VM operation: Cleanup
Event: 32.372 Executing VM operation: Cleanup done
Event: 33.389 Executing VM operation: Cleanup
Event: 33.403 Executing VM operation: Cleanup done
Event: 34.513 Executing VM operation: ParallelGCFailedAllocation (Allocation Failure)
Event: 34.516 Executing VM operation: ParallelGCFailedAllocation (Allocation Failure) done
Event: 35.524 Executing VM operation: Cleanup
Event: 35.524 Executing VM operation: Cleanup done
Event: 36.539 Executing VM operation: Cleanup
Event: 36.539 Executing VM operation: Cleanup done
Event: 37.311 Executing VM operation: ParallelGCFailedAllocation (Allocation Failure)
Event: 37.314 Executing VM operation: ParallelGCFailedAllocation (Allocation Failure) done
Event: 37.322 Executing VM operation: HandshakeAllThreads (Deoptimize)
Event: 37.323 Executing VM operation: HandshakeAllThreads (Deoptimize) done
Event: 38.323 Executing VM operation: Cleanup
Event: 38.559 Executing VM operation: Cleanup done
Event: 39.572 Executing VM operation: Cleanup

Memory protections (0 events):
No events

Nmethod flushes (20 events):
Event: 10.210 Thread 0x0000018ec4ae2b30 flushing  nmethod 0x0000018ec8474990
Event: 10.210 Thread 0x0000018ec4ae2b30 flushing  nmethod 0x0000018ec8477e90
Event: 10.210 Thread 0x0000018ec4ae2b30 flushing  nmethod 0x0000018ec8479010
Event: 10.210 Thread 0x0000018ec4ae2b30 flushing  nmethod 0x0000018ec8479a90
Event: 10.210 Thread 0x0000018ec4ae2b30 flushing  nmethod 0x0000018ec8495410
Event: 10.210 Thread 0x0000018ec4ae2b30 flushing  nmethod 0x0000018ec8496310
Event: 10.210 Thread 0x0000018ec4ae2b30 flushing  nmethod 0x0000018ec8496b90
Event: 10.210 Thread 0x0000018ec4ae2b30 flushing  nmethod 0x0000018ec8497690
Event: 10.210 Thread 0x0000018ec4ae2b30 flushing  nmethod 0x0000018ec8497d90
Event: 10.210 Thread 0x0000018ec4ae2b30 flushing  nmethod 0x0000018ec8498390
Event: 10.210 Thread 0x0000018ec4ae2b30 flushing  nmethod 0x0000018ec84a3810
Event: 10.210 Thread 0x0000018ec4ae2b30 flushing  nmethod 0x0000018ec84bc110
Event: 10.210 Thread 0x0000018ec4ae2b30 flushing  nmethod 0x0000018ec84bd310
Event: 10.210 Thread 0x0000018ec4ae2b30 flushing  nmethod 0x0000018ec84ce910
Event: 10.210 Thread 0x0000018ec4ae2b30 flushing  nmethod 0x0000018ec84eb190
Event: 10.210 Thread 0x0000018ec4ae2b30 flushing  nmethod 0x0000018ec84f9210
Event: 10.210 Thread 0x0000018ec4ae2b30 flushing  nmethod 0x0000018ec8529890
Event: 10.210 Thread 0x0000018ec4ae2b30 flushing  nmethod 0x0000018ec852b390
Event: 10.210 Thread 0x0000018ec4ae2b30 flushing  nmethod 0x0000018ec8536790
Event: 10.210 Thread 0x0000018ec4ae2b30 flushing  nmethod 0x0000018ec855e990

Events (20 events):
Event: 26.034 Thread 0x0000018ee43083b0 Thread exited: 0x0000018ee43083b0
Event: 26.111 Thread 0x0000018edc644350 Thread added: 0x0000018ee43061a0
Event: 26.182 Thread 0x0000018ee27d3530 Thread added: 0x0000018edd8ac6f0
Event: 26.230 Thread 0x0000018edc644350 Thread added: 0x0000018ee43083b0
Event: 26.723 Thread 0x0000018ee43083b0 Thread exited: 0x0000018ee43083b0
Event: 26.723 Thread 0x0000018ee43061a0 Thread exited: 0x0000018ee43061a0
Event: 26.763 Thread 0x0000018edc644350 Thread added: 0x0000018ee43061a0
Event: 26.781 Thread 0x0000018edc644350 Thread added: 0x0000018ee43083b0
Event: 27.850 Thread 0x0000018ee43083b0 Thread exited: 0x0000018ee43083b0
Event: 28.210 Thread 0x0000018ee43061a0 Thread exited: 0x0000018ee43061a0
Event: 28.699 Thread 0x0000018edc644350 Thread added: 0x0000018ee43083b0
Event: 30.220 Thread 0x0000018ee43083b0 Thread exited: 0x0000018ee43083b0
Event: 31.344 Thread 0x0000018ec4af8db0 Thread added: 0x0000018ee43061a0
Event: 33.404 Thread 0x0000018edc644350 Thread added: 0x0000018ee43083b0
Event: 35.365 Thread 0x0000018ee43083b0 Thread exited: 0x0000018ee43083b0
Event: 35.365 Thread 0x0000018ee43061a0 Thread exited: 0x0000018ee43061a0
Event: 36.259 Thread 0x0000018ec4af8db0 Thread added: 0x0000018ee43061a0
Event: 37.439 Thread 0x0000018ee43061a0 Thread exited: 0x0000018ee43061a0
Event: 37.497 Thread 0x0000018edc644350 Thread added: 0x0000018ee43061a0
Event: 37.497 Thread 0x0000018edc644350 Thread added: 0x0000018ee43083b0


Dynamic libraries:
0x00007ff7a9340000 - 0x00007ff7a934e000 	c:\Users\SAMPRASANNA S\.vscode\extensions\redhat.java-1.52.0-win32-x64\jre\21.0.9-win32-x86_64\bin\java.exe
0x00007ffd926a0000 - 0x00007ffd92907000 	C:\WINDOWS\SYSTEM32\ntdll.dll
0x00007ffd90e00000 - 0x00007ffd90ec9000 	C:\WINDOWS\System32\KERNEL32.DLL
0x00007ffd8fc30000 - 0x00007ffd9001f000 	C:\WINDOWS\System32\KERNELBASE.dll
0x00007ffd8fa30000 - 0x00007ffd8fb7b000 	C:\WINDOWS\System32\ucrtbase.dll
0x00007ffd786b0000 - 0x00007ffd786ce000 	c:\Users\SAMPRASANNA S\.vscode\extensions\redhat.java-1.52.0-win32-x64\jre\21.0.9-win32-x86_64\bin\VCRUNTIME140.dll
0x00007ffd6ad90000 - 0x00007ffd6ada8000 	c:\Users\SAMPRASANNA S\.vscode\extensions\redhat.java-1.52.0-win32-x64\jre\21.0.9-win32-x86_64\bin\jli.dll
0x00007ffd90ad0000 - 0x00007ffd90c95000 	C:\WINDOWS\System32\USER32.dll
0x00007ffd8f7f0000 - 0x00007ffd8f817000 	C:\WINDOWS\System32\win32u.dll
0x00007ffd913b0000 - 0x00007ffd913db000 	C:\WINDOWS\System32\GDI32.dll
0x00007ffd901a0000 - 0x00007ffd902cc000 	C:\WINDOWS\System32\gdi32full.dll
0x00007ffd90030000 - 0x00007ffd900d3000 	C:\WINDOWS\System32\msvcp_win.dll
0x00007ffd6c0e0000 - 0x00007ffd6c373000 	C:\WINDOWS\WinSxS\amd64_microsoft.windows.common-controls_6595b64144ccf1df_6.0.26100.7309_none_3e05feeae336a044\COMCTL32.dll
0x00007ffd90d10000 - 0x00007ffd90db9000 	C:\WINDOWS\System32\msvcrt.dll
0x00007ffd906a0000 - 0x00007ffd906d1000 	C:\WINDOWS\System32\IMM32.DLL
0x0000000050370000 - 0x000000005037c000 	C:\Program Files (x86)\360\Total Security\safemon\SafeWrapper.dll
0x00007ffd90500000 - 0x00007ffd905b4000 	C:\WINDOWS\System32\ADVAPI32.dll
0x00007ffd90440000 - 0x00007ffd904e6000 	C:\WINDOWS\System32\sechost.dll
0x00007ffd91b40000 - 0x00007ffd91c58000 	C:\WINDOWS\System32\RPCRT4.dll
0x00007ffd04030000 - 0x00007ffd040dc000 	C:\Program Files (x86)\360\Total Security\safemon\libzdtp64.dll
0x00007ffd913e0000 - 0x00007ffd91b33000 	C:\WINDOWS\System32\SHELL32.dll
0x00007ffd902d0000 - 0x00007ffd9043a000 	C:\WINDOWS\System32\wintypes.dll
0x00007ffd91020000 - 0x00007ffd913a6000 	C:\WINDOWS\System32\combase.dll
0x00007ffd90fb0000 - 0x00007ffd91016000 	C:\WINDOWS\System32\SHLWAPI.dll
0x00007ffd8f0e0000 - 0x00007ffd8f0eb000 	C:\WINDOWS\SYSTEM32\VERSION.dll
0x00007ffd77840000 - 0x00007ffd7784c000 	c:\Users\SAMPRASANNA S\.vscode\extensions\redhat.java-1.52.0-win32-x64\jre\21.0.9-win32-x86_64\bin\vcruntime140_1.dll
0x00007ffd3e0e0000 - 0x00007ffd3e16d000 	c:\Users\SAMPRASANNA S\.vscode\extensions\redhat.java-1.52.0-win32-x64\jre\21.0.9-win32-x86_64\bin\msvcp140.dll
0x00007ffcb0d20000 - 0x00007ffcb1ac0000 	c:\Users\SAMPRASANNA S\.vscode\extensions\redhat.java-1.52.0-win32-x64\jre\21.0.9-win32-x86_64\bin\server\jvm.dll
0x00007ffd90f30000 - 0x00007ffd90fa4000 	C:\WINDOWS\System32\WS2_32.dll
0x00007ffd8f670000 - 0x00007ffd8f6ce000 	C:\WINDOWS\SYSTEM32\POWRPROF.dll
0x00007ffd86890000 - 0x00007ffd868c5000 	C:\WINDOWS\SYSTEM32\WINMM.dll
0x00007ffd8f650000 - 0x00007ffd8f664000 	C:\WINDOWS\SYSTEM32\UMPDC.dll
0x00007ffd8e500000 - 0x00007ffd8e51b000 	C:\WINDOWS\SYSTEM32\kernel.appcore.dll
0x00007ffd6ad00000 - 0x00007ffd6ad0a000 	c:\Users\SAMPRASANNA S\.vscode\extensions\redhat.java-1.52.0-win32-x64\jre\21.0.9-win32-x86_64\bin\jimage.dll
0x00007ffd8ce50000 - 0x00007ffd8d092000 	C:\WINDOWS\SYSTEM32\DBGHELP.DLL
0x00007ffd905c0000 - 0x00007ffd90696000 	C:\WINDOWS\System32\OLEAUT32.dll
0x00007ffd66790000 - 0x00007ffd667cc000 	C:\WINDOWS\SYSTEM32\dbgcore.DLL
0x00007ffd8fb80000 - 0x00007ffd8fc25000 	C:\WINDOWS\System32\bcryptPrimitives.dll
0x00007ffd6a3f0000 - 0x00007ffd6a3ff000 	c:\Users\SAMPRASANNA S\.vscode\extensions\redhat.java-1.52.0-win32-x64\jre\21.0.9-win32-x86_64\bin\instrument.dll
0x00007ffd69800000 - 0x00007ffd69820000 	c:\Users\SAMPRASANNA S\.vscode\extensions\redhat.java-1.52.0-win32-x64\jre\21.0.9-win32-x86_64\bin\java.dll
0x00007ffd8d320000 - 0x00007ffd8db7e000 	C:\WINDOWS\SYSTEM32\windows.storage.dll
0x00007ffd90940000 - 0x00007ffd90a35000 	C:\WINDOWS\System32\SHCORE.dll
0x00007ffd8f710000 - 0x00007ffd8f739000 	C:\WINDOWS\SYSTEM32\profapi.dll
0x00007ffd697e0000 - 0x00007ffd697f8000 	c:\Users\SAMPRASANNA S\.vscode\extensions\redhat.java-1.52.0-win32-x64\jre\21.0.9-win32-x86_64\bin\zip.dll
0x00007ffd69f00000 - 0x00007ffd69f10000 	C:\Users\SAMPRASANNA S\.vscode\extensions\redhat.java-1.52.0-win32-x64\jre\21.0.9-win32-x86_64\bin\net.dll
0x00007ffd7dfb0000 - 0x00007ffd7e0d8000 	C:\WINDOWS\SYSTEM32\WINHTTP.dll
0x00007ffd8ea70000 - 0x00007ffd8eadb000 	C:\WINDOWS\system32\mswsock.dll
0x00007ffd69770000 - 0x00007ffd69786000 	C:\Users\SAMPRASANNA S\.vscode\extensions\redhat.java-1.52.0-win32-x64\jre\21.0.9-win32-x86_64\bin\nio.dll
0x00007ffd69d90000 - 0x00007ffd69da0000 	c:\Users\SAMPRASANNA S\.vscode\extensions\redhat.java-1.52.0-win32-x64\jre\21.0.9-win32-x86_64\bin\verify.dll
0x00007ffd3ee60000 - 0x00007ffd3eea5000 	C:\Users\SAMPRASANNA S\AppData\Roaming\Code\User\globalStorage\redhat.java\1.52.0\config_win\org.eclipse.equinox.launcher\org.eclipse.equinox.launcher.win32.win32.x86_64_1.2.1500.v20260121-1430\eclipse_11919.dll
0x00007ffd921f0000 - 0x00007ffd92387000 	C:\WINDOWS\System32\ole32.dll
0x00007ffd8ed40000 - 0x00007ffd8ed5b000 	C:\WINDOWS\SYSTEM32\CRYPTSP.dll
0x00007ffd8e460000 - 0x00007ffd8e49a000 	C:\WINDOWS\system32\rsaenh.dll
0x00007ffd8eb20000 - 0x00007ffd8eb4b000 	C:\WINDOWS\SYSTEM32\USERENV.dll
0x00007ffd8f6e0000 - 0x00007ffd8f70a000 	C:\WINDOWS\SYSTEM32\bcrypt.dll
0x00007ffd8ed30000 - 0x00007ffd8ed3c000 	C:\WINDOWS\SYSTEM32\CRYPTBASE.dll
0x00007ffd8ded0000 - 0x00007ffd8df04000 	C:\WINDOWS\SYSTEM32\IPHLPAPI.DLL
0x00007ffd90f20000 - 0x00007ffd90f2a000 	C:\WINDOWS\System32\NSI.dll
0x00007ffd3e790000 - 0x00007ffd3e7d9000 	C:\Users\SAMPRASANNA S\AppData\Local\Temp\jna--529860986\jna2113048231529371360.dll
0x00007ffd904f0000 - 0x00007ffd904f8000 	C:\WINDOWS\System32\PSAPI.DLL
0x00007ffd86090000 - 0x00007ffd860ae000 	C:\WINDOWS\SYSTEM32\dhcpcsvc6.DLL
0x00007ffd84810000 - 0x00007ffd84833000 	C:\WINDOWS\SYSTEM32\dhcpcsvc.DLL

JVMTI agents:
c:\Users\SAMPRASANNA S\.vscode\extensions\redhat.java-1.52.0-win32-x64\lombok\lombok-1.18.39-4050.jar path:c:\Users\SAMPRASANNA S\.vscode\extensions\redhat.java-1.52.0-win32-x64\jre\21.0.9-win32-x86_64\bin\instrument.dll, loaded, initialized, instrumentlib options:none

dbghelp: loaded successfully - version: 4.0.5 - missing functions: none
symbol engine: initialized successfully - sym options: 0x614 - pdb path: .;c:\Users\SAMPRASANNA S\.vscode\extensions\redhat.java-1.52.0-win32-x64\jre\21.0.9-win32-x86_64\bin;C:\WINDOWS\SYSTEM32;C:\WINDOWS\WinSxS\amd64_microsoft.windows.common-controls_6595b64144ccf1df_6.0.26100.7309_none_3e05feeae336a044;C:\Program Files (x86)\360\Total Security\safemon;c:\Users\SAMPRASANNA S\.vscode\extensions\redhat.java-1.52.0-win32-x64\jre\21.0.9-win32-x86_64\bin\server;C:\Users\SAMPRASANNA S\AppData\Roaming\Code\User\globalStorage\redhat.java\1.52.0\config_win\org.eclipse.equinox.launcher\org.eclipse.equinox.launcher.win32.win32.x86_64_1.2.1500.v20260121-1430;C:\Users\SAMPRASANNA S\AppData\Local\Temp\jna--529860986

VM Arguments:
jvm_args: --add-modules=ALL-SYSTEM --add-opens=java.base/java.util=ALL-UNNAMED --add-opens=java.base/java.lang=ALL-UNNAMED --add-opens=java.base/sun.nio.fs=ALL-UNNAMED -Declipse.application=org.eclipse.jdt.ls.core.id1 -Dosgi.bundles.defaultStartLevel=4 -Declipse.product=org.eclipse.jdt.ls.core.product -Djava.import.generatesMetadataFilesAtProjectRoot=false -DDetectVMInstallationsJob.disabled=true -Dfile.encoding=utf8 -XX:+UseParallelGC -XX:GCTimeRatio=4 -XX:AdaptiveSizePolicyWeight=90 -Dsun.zip.disableMemoryMapping=true -Xmx2G -Xms100m -Xlog:disable -javaagent:c:\Users\SAMPRASANNA S\.vscode\extensions\redhat.java-1.52.0-win32-x64\lombok\lombok-1.18.39-4050.jar -XX:+HeapDumpOnOutOfMemoryError -XX:HeapDumpPath=c:\Users\SAMPRASANNA S\AppData\Roaming\Code\User\workspaceStorage\a4d4ee278766ad791ef8b882ac092dc4\redhat.java -Daether.dependencyCollector.impl=bf 
java_command: c:\Users\SAMPRASANNA S\.vscode\extensions\redhat.java-1.52.0-win32-x64\server\plugins\org.eclipse.equinox.launcher_1.7.100.v20251111-0406.jar -configuration c:\Users\SAMPRASANNA S\AppData\Roaming\Code\User\globalStorage\redhat.java\1.52.0\config_win -data c:\Users\SAMPRASANNA S\AppData\Roaming\Code\User\workspaceStorage\a4d4ee278766ad791ef8b882ac092dc4\redhat.java\jdt_ws --pipe=\\.\pipe\lsp-092d6d30401313b5084a35914a0540b4-sock
java_class_path (initial): c:\Users\SAMPRASANNA S\.vscode\extensions\redhat.java-1.52.0-win32-x64\server\plugins\org.eclipse.equinox.launcher_1.7.100.v20251111-0406.jar
Launcher Type: SUN_STANDARD

[Global flags]
    uintx AdaptiveSizePolicyWeight                 = 90                                        {product} {command line}
     intx CICompilerCount                          = 4                                         {product} {ergonomic}
    uintx GCTimeRatio                              = 4                                         {product} {command line}
     bool HeapDumpOnOutOfMemoryError               = true                                   {manageable} {command line}
    ccstr HeapDumpPath                             = c:\Users\SAMPRASANNA S\AppData\Roaming\Code\User\workspaceStorage\a4d4ee278766ad791ef8b882ac092dc4\redhat.java         {manageable} {command line}
   size_t InitialHeapSize                          = 104857600                                 {product} {command line}
   size_t MaxHeapSize                              = 2147483648                                {product} {command line}
   size_t MaxNewSize                               = 715653120                                 {product} {ergonomic}
   size_t MinHeapDeltaBytes                        = 524288                                    {product} {ergonomic}
   size_t MinHeapSize                              = 104857600                                 {product} {command line}
   size_t NewSize                                  = 34603008                                  {product} {ergonomic}
    uintx NonNMethodCodeHeapSize                   = 5839372                                {pd product} {ergonomic}
    uintx NonProfiledCodeHeapSize                  = 122909434                              {pd product} {ergonomic}
   size_t OldSize                                  = 70254592                                  {product} {ergonomic}
    uintx ProfiledCodeHeapSize                     = 122909434                              {pd product} {ergonomic}
    uintx ReservedCodeCacheSize                    = 251658240                              {pd product} {ergonomic}
     bool SegmentedCodeCache                       = true                                      {product} {ergonomic}
   size_t SoftMaxHeapSize                          = 2147483648                             {manageable} {ergonomic}
     bool UseCompressedOops                        = true                           {product lp64_product} {ergonomic}
     bool UseLargePagesIndividualAllocation        = false                                  {pd product} {ergonomic}
     bool UseParallelGC                            = true                                      {product} {command line}

Logging:
Log output configuration:
 #0: stdout all=off uptime,level,tags foldmultilines=false
 #1: stderr all=off uptime,level,tags foldmultilines=false

Release file:
JAVA_VERSION="21.0.9" 
MODULES="java.base java.compiler java.datatransfer java.xml java.prefs java.desktop java.instrument java.logging java.management java.security.sasl java.naming java.rmi java.management.rmi java.net.http java.scripting java.security.jgss java.transaction.xa java.sql java.sql.rowset java.xml.crypto java.se java.smartcardio jdk.accessibility jdk.internal.jvmstat jdk.attach jdk.charsets jdk.internal.opt jdk.zipfs jdk.compiler jdk.crypto.ec jdk.crypto.cryptoki jdk.crypto.mscapi jdk.dynalink jdk.internal.ed jdk.editpad jdk.hotspot.agent jdk.httpserver jdk.internal.le jdk.internal.vm.ci jdk.internal.vm.compiler jdk.internal.vm.compiler.management jdk.jartool jdk.javadoc jdk.jcmd jdk.management jdk.management.agent jdk.jconsole jdk.jdeps jdk.jdwp.agent jdk.jdi jdk.jfr jdk.jshell jdk.jsobject jdk.jstatd jdk.localedata jdk.management.jfr jdk.naming.dns jdk.naming.rmi jdk.net jdk.nio.mapmode jdk.random jdk.sctp jdk.security.auth jdk.security.jgss jdk.unsupported jdk.unsupported.desktop jdk.xml.dom" 

Environment Variables:
PATH=C:\Program Files\Common Files\Oracle\Java\javapath;C:\Program Files\Python312\Scripts\;C:\Program Files\Python312\;C:\WINDOWS\system32;C:\WINDOWS;C:\WINDOWS\System32\Wbem;C:\WINDOWS\System32\WindowsPowerShell\v1.0\;C:\WINDOWS\System32\OpenSSH\;C:\Program Files\nodejs\;C:\Program Files\dotnet\;C:\Program Files\Docker\Docker\resources\bin;C:\Program Files (x86)\Windows Kits\10\Windows Performance Toolkit\;C:\Program Files\Git\cmd;C:\Users\SAMPRASANNA S\AppData\Local\Microsoft\WindowsApps;C:\Users\SAMPRASANNA S\AppData\Local\Programs\Microsoft VS Code\bin;C:\Users\SAMPRASANNA S\AppData\Roaming\npm;C:\Users\SAMPRASANNA S\AppData\Local\GitHubDesktop\bin;
USERNAME=SAMPRASANNA S
OS=Windows_NT
PROCESSOR_IDENTIFIER=Intel64 Family 6 Model 186 Stepping 3, GenuineIntel
TMP=C:\Users\SAMPRA~1\AppData\Local\Temp
TEMP=C:\Users\SAMPRA~1\AppData\Local\Temp




Periodic native trim disabled

---------------  S Y S T E M  ---------------

OS:
 Windows 11 , 64 bit Build 26100 (10.0.26100.7623)
OS uptime: 4 days 2:09 hours
Hyper-V role detected

CPU: total 12 (initial active 12) (6 cores per cpu, 2 threads per core) family 6 model 186 stepping 3 microcode 0x4121, cx8, cmov, fxsr, ht, mmx, 3dnowpref, sse, sse2, sse3, ssse3, sse4.1, sse4.2, popcnt, lzcnt, tsc, tscinvbit, avx, avx2, aes, erms, clmul, bmi1, bmi2, adx, sha, fma, vzeroupper, clflush, clflushopt, clwb, hv, serialize, rdtscp, rdpid, fsrm, f16c, cet_ibt, cet_ss
Processor Information for processor 0
  Max Mhz: 1300, Current Mhz: 1300, Mhz Limit: 1300
Processor Information for processor 1
  Max Mhz: 1300, Current Mhz: 1300, Mhz Limit: 1300
Processor Information for processor 2
  Max Mhz: 1300, Current Mhz: 1300, Mhz Limit: 1300
Processor Information for processor 3
  Max Mhz: 1300, Current Mhz: 1300, Mhz Limit: 1300
Processor Information for processor 4
  Max Mhz: 1300, Current Mhz: 900, Mhz Limit: 897
Processor Information for processor 5
  Max Mhz: 1300, Current Mhz: 900, Mhz Limit: 897
Processor Information for processor 6
  Max Mhz: 1300, Current Mhz: 900, Mhz Limit: 897
Processor Information for processor 7
  Max Mhz: 1300, Current Mhz: 900, Mhz Limit: 897
Processor Information for processor 8
  Max Mhz: 1300, Current Mhz: 900, Mhz Limit: 897
Processor Information for processor 9
  Max Mhz: 1300, Current Mhz: 900, Mhz Limit: 897
Processor Information for processor 10
  Max Mhz: 1300, Current Mhz: 900, Mhz Limit: 897
Processor Information for processor 11
  Max Mhz: 1300, Current Mhz: 900, Mhz Limit: 897

Memory: 4k page, system-wide physical 16027M (4027M free)
TotalPageFile size 16027M (AvailPageFile size 0M)
current process WorkingSet (physical memory assigned to process): 336M, peak: 344M
current process commit charge ("private bytes"): 412M, peak: 434M

vm_info: OpenJDK 64-Bit Server VM (21.0.9+10-LTS) for windows-amd64 JRE (21.0.9+10-LTS), built on 2025-10-21T00:00:00Z by "admin" with unknown MS VC++:1942

END.
